[2020-04-13 14:11:51.132339] [info] VSTRAP started
[2020-04-13 14:11:51.161890] [info] Initialize mesh_initializer:
[2020-04-13 14:11:51.175455] [info] Volume mesh <vol_mesh> has been initialized.
[2020-04-13 14:11:51.175979] [info] Mesh initialized without node_data.
[2020-04-13 14:11:51.175999] [info] Mesh initialized without face_data.
[2020-04-13 14:11:51.176011] [info] Mesh initialized without cell_data.
[2020-04-13 14:11:51.184483] [info] Initialize particle_initializer:
[2020-04-13 14:11:51.243007] [info] Particle group <forward_particles> has been initialized with 10000 particles of species "e-" in the domain.
[2020-04-13 14:11:51.246410] [info] Initialize plasma_state:
[2020-04-13 14:11:51.252309] [info] Initialize pusher:
[2020-04-13 14:11:51.257622] [info] Initialize pwi:
[2020-04-13 14:11:51.269299] [info] Initialize dsmc:
[2020-04-13 14:11:51.276742] [info] Initialize bgf:
[2020-04-13 14:11:51.278598] [info] Mesh <vol_mesh> has been loaded.
[2020-04-13 14:11:51.279583] [info] Field <interpolated_control_field> has been loaded.
[2020-04-13 14:11:51.279724] [info] Particle group <forward_particles> has been successfully loaded with fields <interpolated_control_field>
[2020-04-13 14:11:51.279831] [info] Initialization took 147 milliseconds.
[2020-04-13 14:11:51.462125] [info] Itteration 1 complete. Itteration took 182 milliseconds.
[2020-04-13 14:11:51.638667] [info] Itteration 2 complete. Itteration took 176 milliseconds.
[2020-04-13 14:11:51.815610] [info] Itteration 3 complete. Itteration took 176 milliseconds.
[2020-04-13 14:11:51.992875] [info] Itteration 4 complete. Itteration took 177 milliseconds.
[2020-04-13 14:11:52.168494] [info] Itteration 5 complete. Itteration took 175 milliseconds.
[2020-04-13 14:11:52.344869] [info] Itteration 6 complete. Itteration took 176 milliseconds.
[2020-04-13 14:11:52.519521] [info] Itteration 7 complete. Itteration took 174 milliseconds.
[2020-04-13 14:11:52.694847] [info] Itteration 8 complete. Itteration took 175 milliseconds.
[2020-04-13 14:11:52.869587] [info] Itteration 9 complete. Itteration took 174 milliseconds.
[2020-04-13 14:11:53.045038] [info] Itteration 10 complete. Itteration took 175 milliseconds.
[2020-04-13 14:11:53.220385] [info] Itteration 11 complete. Itteration took 175 milliseconds.
[2020-04-13 14:11:53.395061] [info] Itteration 12 complete. Itteration took 174 milliseconds.
[2020-04-13 14:11:53.568989] [info] Itteration 13 complete. Itteration took 173 milliseconds.
[2020-04-13 14:11:53.745507] [info] Itteration 14 complete. Itteration took 176 milliseconds.
[2020-04-13 14:11:53.926392] [info] Itteration 15 complete. Itteration took 180 milliseconds.
[2020-04-13 14:11:54.100880] [info] Itteration 16 complete. Itteration took 174 milliseconds.
[2020-04-13 14:11:54.277753] [info] Itteration 17 complete. Itteration took 176 milliseconds.
[2020-04-13 14:11:54.461325] [info] Itteration 18 complete. Itteration took 183 milliseconds.
[2020-04-13 14:11:54.636004] [info] Itteration 19 complete. Itteration took 174 milliseconds.
[2020-04-13 14:11:54.811433] [info] Itteration 20 complete. Itteration took 175 milliseconds.
[2020-04-13 14:11:54.986915] [info] Itteration 21 complete. Itteration took 175 milliseconds.
[2020-04-13 14:11:55.161524] [info] Itteration 22 complete. Itteration took 174 milliseconds.
[2020-04-13 14:11:55.337050] [info] Itteration 23 complete. Itteration took 175 milliseconds.
[2020-04-13 14:11:55.512191] [info] Itteration 24 complete. Itteration took 175 milliseconds.
[2020-04-13 14:11:55.687109] [info] Itteration 25 complete. Itteration took 174 milliseconds.
[2020-04-13 14:11:55.864555] [info] Itteration 26 complete. Itteration took 177 milliseconds.
[2020-04-13 14:11:56.041759] [info] Itteration 27 complete. Itteration took 177 milliseconds.
[2020-04-13 14:11:56.219368] [info] Itteration 28 complete. Itteration took 177 milliseconds.
[2020-04-13 14:11:56.395595] [info] Itteration 29 complete. Itteration took 176 milliseconds.
[2020-04-13 14:11:56.571582] [info] Itteration 30 complete. Itteration took 175 milliseconds.
[2020-04-13 14:11:56.571634] [info] Simulation took 5291 milliseconds.
[2020-04-13 14:11:56.571661] [info] VSTRAP finished
