[2020-04-13 14:28:59.098205] [info] VSTRAP started
[2020-04-13 14:28:59.125973] [info] Initialize mesh_initializer:
[2020-04-13 14:28:59.137652] [info] Volume mesh <vol_mesh> has been initialized.
[2020-04-13 14:28:59.138194] [info] Mesh initialized without node_data.
[2020-04-13 14:28:59.138214] [info] Mesh initialized without face_data.
[2020-04-13 14:28:59.138226] [info] Mesh initialized without cell_data.
[2020-04-13 14:28:59.146587] [info] Initialize particle_initializer:
[2020-04-13 14:28:59.205968] [info] Particle group <forward_particles> has been initialized with 10000 particles of species "e-" in the domain.
[2020-04-13 14:28:59.210843] [info] Initialize plasma_state:
[2020-04-13 14:28:59.216496] [info] Initialize pusher:
[2020-04-13 14:28:59.222157] [info] Initialize pwi:
[2020-04-13 14:28:59.233560] [info] Initialize dsmc:
[2020-04-13 14:28:59.241123] [info] Initialize bgf:
[2020-04-13 14:28:59.243266] [info] Mesh <vol_mesh> has been loaded.
[2020-04-13 14:28:59.244468] [info] Field <interpolated_control_field> has been loaded.
[2020-04-13 14:28:59.244630] [info] Particle group <forward_particles> has been successfully loaded with fields <interpolated_control_field>
[2020-04-13 14:28:59.244755] [info] Initialization took 146 milliseconds.
[2020-04-13 14:28:59.426333] [info] Itteration 1 complete. Itteration took 181 milliseconds.
[2020-04-13 14:28:59.600731] [info] Itteration 2 complete. Itteration took 174 milliseconds.
[2020-04-13 14:28:59.776961] [info] Itteration 3 complete. Itteration took 176 milliseconds.
[2020-04-13 14:28:59.951839] [info] Itteration 4 complete. Itteration took 174 milliseconds.
[2020-04-13 14:29:00.131006] [info] Itteration 5 complete. Itteration took 179 milliseconds.
[2020-04-13 14:29:00.305885] [info] Itteration 6 complete. Itteration took 174 milliseconds.
[2020-04-13 14:29:00.482367] [info] Itteration 7 complete. Itteration took 176 milliseconds.
[2020-04-13 14:29:00.658307] [info] Itteration 8 complete. Itteration took 175 milliseconds.
[2020-04-13 14:29:00.833728] [info] Itteration 9 complete. Itteration took 175 milliseconds.
[2020-04-13 14:29:01.008452] [info] Itteration 10 complete. Itteration took 174 milliseconds.
[2020-04-13 14:29:01.185229] [info] Itteration 11 complete. Itteration took 176 milliseconds.
[2020-04-13 14:29:01.360786] [info] Itteration 12 complete. Itteration took 175 milliseconds.
[2020-04-13 14:29:01.537065] [info] Itteration 13 complete. Itteration took 176 milliseconds.
[2020-04-13 14:29:01.712580] [info] Itteration 14 complete. Itteration took 175 milliseconds.
[2020-04-13 14:29:01.888030] [info] Itteration 15 complete. Itteration took 175 milliseconds.
[2020-04-13 14:29:02.063094] [info] Itteration 16 complete. Itteration took 175 milliseconds.
[2020-04-13 14:29:02.239467] [info] Itteration 17 complete. Itteration took 176 milliseconds.
[2020-04-13 14:29:02.415468] [info] Itteration 18 complete. Itteration took 175 milliseconds.
[2020-04-13 14:29:02.591049] [info] Itteration 19 complete. Itteration took 175 milliseconds.
[2020-04-13 14:29:02.766337] [info] Itteration 20 complete. Itteration took 175 milliseconds.
[2020-04-13 14:29:02.941497] [info] Itteration 21 complete. Itteration took 175 milliseconds.
[2020-04-13 14:29:03.116649] [info] Itteration 22 complete. Itteration took 175 milliseconds.
[2020-04-13 14:29:03.292034] [info] Itteration 23 complete. Itteration took 175 milliseconds.
[2020-04-13 14:29:03.467550] [info] Itteration 24 complete. Itteration took 175 milliseconds.
[2020-04-13 14:29:03.642748] [info] Itteration 25 complete. Itteration took 175 milliseconds.
[2020-04-13 14:29:03.817740] [info] Itteration 26 complete. Itteration took 174 milliseconds.
[2020-04-13 14:29:03.992533] [info] Itteration 27 complete. Itteration took 174 milliseconds.
[2020-04-13 14:29:04.168244] [info] Itteration 28 complete. Itteration took 175 milliseconds.
[2020-04-13 14:29:04.345408] [info] Itteration 29 complete. Itteration took 177 milliseconds.
[2020-04-13 14:29:04.520818] [info] Itteration 30 complete. Itteration took 175 milliseconds.
[2020-04-13 14:29:04.520855] [info] Simulation took 5275 milliseconds.
[2020-04-13 14:29:04.520887] [info] VSTRAP finished
