[2020-04-13 14:28:29.501445] [info] VSTRAP started
[2020-04-13 14:28:29.528386] [info] Initialize mesh_initializer:
[2020-04-13 14:28:29.540326] [info] Volume mesh <vol_mesh> has been initialized.
[2020-04-13 14:28:29.540869] [info] Mesh initialized without node_data.
[2020-04-13 14:28:29.540892] [info] Mesh initialized without face_data.
[2020-04-13 14:28:29.540905] [info] Mesh initialized without cell_data.
[2020-04-13 14:28:29.548546] [info] Initialize particle_initializer:
[2020-04-13 14:28:29.600469] [info] Particle group <forward_particles> has been initialized with 10000 particles of species "e-" in the domain.
[2020-04-13 14:28:29.606073] [info] Initialize plasma_state:
[2020-04-13 14:28:29.614119] [info] Initialize pusher:
[2020-04-13 14:28:29.619718] [info] Initialize pwi:
[2020-04-13 14:28:29.630511] [info] Initialize dsmc:
[2020-04-13 14:28:29.638538] [info] Initialize bgf:
[2020-04-13 14:28:29.640666] [info] Mesh <vol_mesh> has been loaded.
[2020-04-13 14:28:29.641672] [info] Field <interpolated_control_field> has been loaded.
[2020-04-13 14:28:29.641820] [info] Particle group <forward_particles> has been successfully loaded with fields <interpolated_control_field>
[2020-04-13 14:28:29.641948] [info] Initialization took 140 milliseconds.
[2020-04-13 14:28:29.823504] [info] Itteration 1 complete. Itteration took 181 milliseconds.
[2020-04-13 14:28:29.999413] [info] Itteration 2 complete. Itteration took 175 milliseconds.
[2020-04-13 14:28:30.175441] [info] Itteration 3 complete. Itteration took 175 milliseconds.
[2020-04-13 14:28:30.351519] [info] Itteration 4 complete. Itteration took 176 milliseconds.
[2020-04-13 14:28:30.526582] [info] Itteration 5 complete. Itteration took 175 milliseconds.
[2020-04-13 14:28:30.701941] [info] Itteration 6 complete. Itteration took 175 milliseconds.
[2020-04-13 14:28:30.876865] [info] Itteration 7 complete. Itteration took 174 milliseconds.
[2020-04-13 14:28:31.052092] [info] Itteration 8 complete. Itteration took 175 milliseconds.
[2020-04-13 14:28:31.227972] [info] Itteration 9 complete. Itteration took 175 milliseconds.
[2020-04-13 14:28:31.402409] [info] Itteration 10 complete. Itteration took 174 milliseconds.
[2020-04-13 14:28:31.577687] [info] Itteration 11 complete. Itteration took 175 milliseconds.
[2020-04-13 14:28:31.753078] [info] Itteration 12 complete. Itteration took 175 milliseconds.
[2020-04-13 14:28:31.927696] [info] Itteration 13 complete. Itteration took 174 milliseconds.
[2020-04-13 14:28:32.103529] [info] Itteration 14 complete. Itteration took 175 milliseconds.
[2020-04-13 14:28:32.278625] [info] Itteration 15 complete. Itteration took 175 milliseconds.
[2020-04-13 14:28:32.454127] [info] Itteration 16 complete. Itteration took 175 milliseconds.
[2020-04-13 14:28:32.629498] [info] Itteration 17 complete. Itteration took 175 milliseconds.
[2020-04-13 14:28:32.804495] [info] Itteration 18 complete. Itteration took 174 milliseconds.
[2020-04-13 14:28:32.979387] [info] Itteration 19 complete. Itteration took 174 milliseconds.
[2020-04-13 14:28:33.154948] [info] Itteration 20 complete. Itteration took 175 milliseconds.
[2020-04-13 14:28:33.330719] [info] Itteration 21 complete. Itteration took 175 milliseconds.
[2020-04-13 14:28:33.507693] [info] Itteration 22 complete. Itteration took 176 milliseconds.
[2020-04-13 14:28:33.682859] [info] Itteration 23 complete. Itteration took 175 milliseconds.
[2020-04-13 14:28:33.858085] [info] Itteration 24 complete. Itteration took 175 milliseconds.
[2020-04-13 14:28:34.036640] [info] Itteration 25 complete. Itteration took 178 milliseconds.
[2020-04-13 14:28:34.212851] [info] Itteration 26 complete. Itteration took 176 milliseconds.
[2020-04-13 14:28:34.388722] [info] Itteration 27 complete. Itteration took 175 milliseconds.
[2020-04-13 14:28:34.563766] [info] Itteration 28 complete. Itteration took 174 milliseconds.
[2020-04-13 14:28:34.738767] [info] Itteration 29 complete. Itteration took 174 milliseconds.
[2020-04-13 14:28:34.914284] [info] Itteration 30 complete. Itteration took 175 milliseconds.
[2020-04-13 14:28:34.914322] [info] Simulation took 5272 milliseconds.
[2020-04-13 14:28:34.914353] [info] VSTRAP finished
