[2020-04-13 14:07:43.028590] [info] VSTRAP started
[2020-04-13 14:07:43.060535] [info] Initialize mesh_initializer:
[2020-04-13 14:07:43.073191] [info] Volume mesh <vol_mesh> has been initialized.
[2020-04-13 14:07:43.073852] [info] Mesh initialized without node_data.
[2020-04-13 14:07:43.073882] [info] Mesh initialized without face_data.
[2020-04-13 14:07:43.073896] [info] Mesh initialized without cell_data.
[2020-04-13 14:07:43.080775] [info] Initialize particle_initializer:
[2020-04-13 14:07:43.144766] [info] Particle group <forward_particles> has been initialized with 10000 particles of species "e-" in the domain.
[2020-04-13 14:07:43.147638] [info] Initialize plasma_state:
[2020-04-13 14:07:43.152910] [info] Initialize pusher:
[2020-04-13 14:07:43.159067] [info] Initialize pwi:
[2020-04-13 14:07:43.170230] [info] Initialize dsmc:
[2020-04-13 14:07:43.178207] [info] Initialize bgf:
[2020-04-13 14:07:43.180229] [info] Mesh <vol_mesh> has been loaded.
[2020-04-13 14:07:43.181400] [info] Field <interpolated_control_field> has been loaded.
[2020-04-13 14:07:43.181594] [info] Particle group <forward_particles> has been successfully loaded with fields <interpolated_control_field>
[2020-04-13 14:07:43.181725] [info] Initialization took 150 milliseconds.
[2020-04-13 14:07:43.362857] [info] Itteration 1 complete. Itteration took 180 milliseconds.
[2020-04-13 14:07:43.538209] [info] Itteration 2 complete. Itteration took 175 milliseconds.
[2020-04-13 14:07:43.714351] [info] Itteration 3 complete. Itteration took 176 milliseconds.
[2020-04-13 14:07:43.889003] [info] Itteration 4 complete. Itteration took 174 milliseconds.
[2020-04-13 14:07:44.065380] [info] Itteration 5 complete. Itteration took 176 milliseconds.
[2020-04-13 14:07:44.242717] [info] Itteration 6 complete. Itteration took 177 milliseconds.
[2020-04-13 14:07:44.419034] [info] Itteration 7 complete. Itteration took 176 milliseconds.
[2020-04-13 14:07:44.593668] [info] Itteration 8 complete. Itteration took 174 milliseconds.
[2020-04-13 14:07:44.768581] [info] Itteration 9 complete. Itteration took 174 milliseconds.
[2020-04-13 14:07:44.942916] [info] Itteration 10 complete. Itteration took 174 milliseconds.
[2020-04-13 14:07:45.120910] [info] Itteration 11 complete. Itteration took 177 milliseconds.
[2020-04-13 14:07:45.295577] [info] Itteration 12 complete. Itteration took 174 milliseconds.
[2020-04-13 14:07:45.470752] [info] Itteration 13 complete. Itteration took 175 milliseconds.
[2020-04-13 14:07:45.646528] [info] Itteration 14 complete. Itteration took 175 milliseconds.
[2020-04-13 14:07:45.821224] [info] Itteration 15 complete. Itteration took 174 milliseconds.
[2020-04-13 14:07:45.995804] [info] Itteration 16 complete. Itteration took 174 milliseconds.
[2020-04-13 14:07:46.170698] [info] Itteration 17 complete. Itteration took 174 milliseconds.
[2020-04-13 14:07:46.346541] [info] Itteration 18 complete. Itteration took 175 milliseconds.
[2020-04-13 14:07:46.520905] [info] Itteration 19 complete. Itteration took 174 milliseconds.
[2020-04-13 14:07:46.696386] [info] Itteration 20 complete. Itteration took 175 milliseconds.
[2020-04-13 14:07:46.871154] [info] Itteration 21 complete. Itteration took 174 milliseconds.
[2020-04-13 14:07:47.046483] [info] Itteration 22 complete. Itteration took 175 milliseconds.
[2020-04-13 14:07:47.221201] [info] Itteration 23 complete. Itteration took 174 milliseconds.
[2020-04-13 14:07:47.400078] [info] Itteration 24 complete. Itteration took 178 milliseconds.
[2020-04-13 14:07:47.574350] [info] Itteration 25 complete. Itteration took 174 milliseconds.
[2020-04-13 14:07:47.749094] [info] Itteration 26 complete. Itteration took 174 milliseconds.
[2020-04-13 14:07:47.923037] [info] Itteration 27 complete. Itteration took 173 milliseconds.
[2020-04-13 14:07:48.097792] [info] Itteration 28 complete. Itteration took 174 milliseconds.
[2020-04-13 14:07:48.274452] [info] Itteration 29 complete. Itteration took 176 milliseconds.
[2020-04-13 14:07:48.449564] [info] Itteration 30 complete. Itteration took 175 milliseconds.
[2020-04-13 14:07:48.449602] [info] Simulation took 5267 milliseconds.
[2020-04-13 14:07:48.449618] [info] VSTRAP finished
