[2020-04-13 14:23:52.008482] [info] VSTRAP started
[2020-04-13 14:23:52.036134] [info] Initialize mesh_initializer:
[2020-04-13 14:23:52.048027] [info] Volume mesh <vol_mesh> has been initialized.
[2020-04-13 14:23:52.048563] [info] Mesh initialized without node_data.
[2020-04-13 14:23:52.048583] [info] Mesh initialized without face_data.
[2020-04-13 14:23:52.048595] [info] Mesh initialized without cell_data.
[2020-04-13 14:23:52.057011] [info] Initialize particle_initializer:
[2020-04-13 14:23:52.109436] [info] Particle group <forward_particles> has been initialized with 10000 particles of species "e-" in the domain.
[2020-04-13 14:23:52.114821] [info] Initialize plasma_state:
[2020-04-13 14:23:52.122383] [info] Initialize pusher:
[2020-04-13 14:23:52.128899] [info] Initialize pwi:
[2020-04-13 14:23:52.140176] [info] Initialize dsmc:
[2020-04-13 14:23:52.148404] [info] Initialize bgf:
[2020-04-13 14:23:52.151101] [info] Mesh <vol_mesh> has been loaded.
[2020-04-13 14:23:52.152457] [info] Field <interpolated_control_field> has been loaded.
[2020-04-13 14:23:52.152678] [info] Particle group <forward_particles> has been successfully loaded with fields <interpolated_control_field>
[2020-04-13 14:23:52.152837] [info] Initialization took 144 milliseconds.
[2020-04-13 14:23:52.338457] [info] Itteration 1 complete. Itteration took 185 milliseconds.
[2020-04-13 14:23:52.514467] [info] Itteration 2 complete. Itteration took 175 milliseconds.
[2020-04-13 14:23:52.688785] [info] Itteration 3 complete. Itteration took 174 milliseconds.
[2020-04-13 14:23:52.863170] [info] Itteration 4 complete. Itteration took 174 milliseconds.
[2020-04-13 14:23:53.038204] [info] Itteration 5 complete. Itteration took 174 milliseconds.
[2020-04-13 14:23:53.213343] [info] Itteration 6 complete. Itteration took 175 milliseconds.
[2020-04-13 14:23:53.388265] [info] Itteration 7 complete. Itteration took 174 milliseconds.
[2020-04-13 14:23:53.563357] [info] Itteration 8 complete. Itteration took 175 milliseconds.
[2020-04-13 14:23:53.738817] [info] Itteration 9 complete. Itteration took 175 milliseconds.
[2020-04-13 14:23:53.914612] [info] Itteration 10 complete. Itteration took 175 milliseconds.
[2020-04-13 14:23:54.090082] [info] Itteration 11 complete. Itteration took 175 milliseconds.
[2020-04-13 14:23:54.265180] [info] Itteration 12 complete. Itteration took 175 milliseconds.
[2020-04-13 14:23:54.441824] [info] Itteration 13 complete. Itteration took 176 milliseconds.
[2020-04-13 14:23:54.617293] [info] Itteration 14 complete. Itteration took 175 milliseconds.
[2020-04-13 14:23:54.792276] [info] Itteration 15 complete. Itteration took 174 milliseconds.
[2020-04-13 14:23:54.966968] [info] Itteration 16 complete. Itteration took 174 milliseconds.
[2020-04-13 14:23:55.142068] [info] Itteration 17 complete. Itteration took 175 milliseconds.
[2020-04-13 14:23:55.317811] [info] Itteration 18 complete. Itteration took 175 milliseconds.
[2020-04-13 14:23:55.494585] [info] Itteration 19 complete. Itteration took 176 milliseconds.
[2020-04-13 14:23:55.670656] [info] Itteration 20 complete. Itteration took 176 milliseconds.
[2020-04-13 14:23:55.846054] [info] Itteration 21 complete. Itteration took 175 milliseconds.
[2020-04-13 14:23:56.022092] [info] Itteration 22 complete. Itteration took 175 milliseconds.
[2020-04-13 14:23:56.196841] [info] Itteration 23 complete. Itteration took 174 milliseconds.
[2020-04-13 14:23:56.372097] [info] Itteration 24 complete. Itteration took 175 milliseconds.
[2020-04-13 14:23:56.548524] [info] Itteration 25 complete. Itteration took 176 milliseconds.
[2020-04-13 14:23:56.724576] [info] Itteration 26 complete. Itteration took 176 milliseconds.
[2020-04-13 14:23:56.899061] [info] Itteration 27 complete. Itteration took 174 milliseconds.
[2020-04-13 14:23:57.074400] [info] Itteration 28 complete. Itteration took 175 milliseconds.
[2020-04-13 14:23:57.249069] [info] Itteration 29 complete. Itteration took 174 milliseconds.
[2020-04-13 14:23:57.424469] [info] Itteration 30 complete. Itteration took 175 milliseconds.
[2020-04-13 14:23:57.424507] [info] Simulation took 5271 milliseconds.
[2020-04-13 14:23:57.424539] [info] VSTRAP finished
