[2020-04-13 14:15:26.140002] [info] VSTRAP started
[2020-04-13 14:15:26.166905] [info] Initialize mesh_initializer:
[2020-04-13 14:15:26.180513] [info] Volume mesh <vol_mesh> has been initialized.
[2020-04-13 14:15:26.182715] [info] Mesh initialized without node_data.
[2020-04-13 14:15:26.184120] [info] Mesh initialized without face_data.
[2020-04-13 14:15:26.184948] [info] Mesh initialized without cell_data.
[2020-04-13 14:15:26.189113] [info] Initialize particle_initializer:
[2020-04-13 14:15:26.242963] [info] Particle group <forward_particles> has been initialized with 10000 particles of species "e-" in the domain.
[2020-04-13 14:15:26.248149] [info] Initialize plasma_state:
[2020-04-13 14:15:26.255273] [info] Initialize pusher:
[2020-04-13 14:15:26.261983] [info] Initialize pwi:
[2020-04-13 14:15:26.273010] [info] Initialize dsmc:
[2020-04-13 14:15:26.281480] [info] Initialize bgf:
[2020-04-13 14:15:26.283727] [info] Mesh <vol_mesh> has been loaded.
[2020-04-13 14:15:26.284889] [info] Field <interpolated_control_field> has been loaded.
[2020-04-13 14:15:26.285107] [info] Particle group <forward_particles> has been successfully loaded with fields <interpolated_control_field>
[2020-04-13 14:15:26.285256] [info] Initialization took 145 milliseconds.
[2020-04-13 14:15:26.469657] [info] Itteration 1 complete. Itteration took 184 milliseconds.
[2020-04-13 14:15:26.644509] [info] Itteration 2 complete. Itteration took 174 milliseconds.
[2020-04-13 14:15:26.819709] [info] Itteration 3 complete. Itteration took 175 milliseconds.
[2020-04-13 14:15:26.996698] [info] Itteration 4 complete. Itteration took 176 milliseconds.
[2020-04-13 14:15:27.173499] [info] Itteration 5 complete. Itteration took 176 milliseconds.
[2020-04-13 14:15:27.382976] [info] Itteration 6 complete. Itteration took 209 milliseconds.
[2020-04-13 14:15:27.559223] [info] Itteration 7 complete. Itteration took 176 milliseconds.
[2020-04-13 14:15:27.736194] [info] Itteration 8 complete. Itteration took 176 milliseconds.
[2020-04-13 14:15:27.912205] [info] Itteration 9 complete. Itteration took 175 milliseconds.
[2020-04-13 14:15:28.087896] [info] Itteration 10 complete. Itteration took 175 milliseconds.
[2020-04-13 14:15:28.265973] [info] Itteration 11 complete. Itteration took 178 milliseconds.
[2020-04-13 14:15:28.441888] [info] Itteration 12 complete. Itteration took 175 milliseconds.
[2020-04-13 14:15:28.618548] [info] Itteration 13 complete. Itteration took 176 milliseconds.
[2020-04-13 14:15:28.793208] [info] Itteration 14 complete. Itteration took 174 milliseconds.
[2020-04-13 14:15:28.970552] [info] Itteration 15 complete. Itteration took 177 milliseconds.
[2020-04-13 14:15:29.145328] [info] Itteration 16 complete. Itteration took 174 milliseconds.
[2020-04-13 14:15:29.320261] [info] Itteration 17 complete. Itteration took 174 milliseconds.
[2020-04-13 14:15:29.496137] [info] Itteration 18 complete. Itteration took 175 milliseconds.
[2020-04-13 14:15:29.670714] [info] Itteration 19 complete. Itteration took 174 milliseconds.
[2020-04-13 14:15:29.845672] [info] Itteration 20 complete. Itteration took 174 milliseconds.
[2020-04-13 14:15:30.020776] [info] Itteration 21 complete. Itteration took 175 milliseconds.
[2020-04-13 14:15:30.196068] [info] Itteration 22 complete. Itteration took 175 milliseconds.
[2020-04-13 14:15:30.371585] [info] Itteration 23 complete. Itteration took 175 milliseconds.
[2020-04-13 14:15:30.546530] [info] Itteration 24 complete. Itteration took 174 milliseconds.
[2020-04-13 14:15:30.722824] [info] Itteration 25 complete. Itteration took 176 milliseconds.
[2020-04-13 14:15:30.897782] [info] Itteration 26 complete. Itteration took 174 milliseconds.
[2020-04-13 14:15:31.072787] [info] Itteration 27 complete. Itteration took 174 milliseconds.
[2020-04-13 14:15:31.249311] [info] Itteration 28 complete. Itteration took 176 milliseconds.
[2020-04-13 14:15:31.423592] [info] Itteration 29 complete. Itteration took 174 milliseconds.
[2020-04-13 14:15:31.597807] [info] Itteration 30 complete. Itteration took 174 milliseconds.
[2020-04-13 14:15:31.597844] [info] Simulation took 5312 milliseconds.
[2020-04-13 14:15:31.597860] [info] VSTRAP finished
