[2020-04-13 14:29:45.633747] [info] VSTRAP started
[2020-04-13 14:29:45.663003] [info] Initialize mesh_initializer:
[2020-04-13 14:29:45.675476] [info] Volume mesh <vol_mesh> has been initialized.
[2020-04-13 14:29:45.677910] [info] Mesh initialized without node_data.
[2020-04-13 14:29:45.678616] [info] Mesh initialized without face_data.
[2020-04-13 14:29:45.678643] [info] Mesh initialized without cell_data.
[2020-04-13 14:29:45.684812] [info] Initialize particle_initializer:
[2020-04-13 14:29:45.741679] [info] Particle group <forward_particles> has been initialized with 10000 particles of species "e-" in the domain.
[2020-04-13 14:29:45.746814] [info] Initialize plasma_state:
[2020-04-13 14:29:45.752684] [info] Initialize pusher:
[2020-04-13 14:29:45.758252] [info] Initialize pwi:
[2020-04-13 14:29:45.769004] [info] Initialize dsmc:
[2020-04-13 14:29:45.776509] [info] Initialize bgf:
[2020-04-13 14:29:45.778931] [info] Mesh <vol_mesh> has been loaded.
[2020-04-13 14:29:45.780337] [info] Field <interpolated_control_field> has been loaded.
[2020-04-13 14:29:45.780493] [info] Particle group <forward_particles> has been successfully loaded with fields <interpolated_control_field>
[2020-04-13 14:29:45.780624] [info] Initialization took 146 milliseconds.
[2020-04-13 14:29:45.960604] [info] Itteration 1 complete. Itteration took 179 milliseconds.
[2020-04-13 14:29:46.136252] [info] Itteration 2 complete. Itteration took 175 milliseconds.
[2020-04-13 14:29:46.313543] [info] Itteration 3 complete. Itteration took 177 milliseconds.
[2020-04-13 14:29:46.488560] [info] Itteration 4 complete. Itteration took 174 milliseconds.
[2020-04-13 14:29:46.666003] [info] Itteration 5 complete. Itteration took 177 milliseconds.
[2020-04-13 14:29:46.842104] [info] Itteration 6 complete. Itteration took 176 milliseconds.
[2020-04-13 14:29:47.018447] [info] Itteration 7 complete. Itteration took 176 milliseconds.
[2020-04-13 14:29:47.194606] [info] Itteration 8 complete. Itteration took 176 milliseconds.
[2020-04-13 14:29:47.370318] [info] Itteration 9 complete. Itteration took 175 milliseconds.
[2020-04-13 14:29:47.547450] [info] Itteration 10 complete. Itteration took 177 milliseconds.
[2020-04-13 14:29:47.724595] [info] Itteration 11 complete. Itteration took 177 milliseconds.
[2020-04-13 14:29:47.901426] [info] Itteration 12 complete. Itteration took 176 milliseconds.
[2020-04-13 14:29:48.078065] [info] Itteration 13 complete. Itteration took 176 milliseconds.
[2020-04-13 14:29:48.255756] [info] Itteration 14 complete. Itteration took 177 milliseconds.
[2020-04-13 14:29:48.434978] [info] Itteration 15 complete. Itteration took 179 milliseconds.
[2020-04-13 14:29:48.611713] [info] Itteration 16 complete. Itteration took 176 milliseconds.
[2020-04-13 14:29:48.789752] [info] Itteration 17 complete. Itteration took 177 milliseconds.
[2020-04-13 14:29:48.965296] [info] Itteration 18 complete. Itteration took 175 milliseconds.
[2020-04-13 14:29:49.142542] [info] Itteration 19 complete. Itteration took 177 milliseconds.
[2020-04-13 14:29:49.319066] [info] Itteration 20 complete. Itteration took 176 milliseconds.
[2020-04-13 14:29:49.495363] [info] Itteration 21 complete. Itteration took 176 milliseconds.
[2020-04-13 14:29:49.671504] [info] Itteration 22 complete. Itteration took 176 milliseconds.
[2020-04-13 14:29:49.847731] [info] Itteration 23 complete. Itteration took 176 milliseconds.
[2020-04-13 14:29:50.022969] [info] Itteration 24 complete. Itteration took 175 milliseconds.
[2020-04-13 14:29:50.199103] [info] Itteration 25 complete. Itteration took 176 milliseconds.
[2020-04-13 14:29:50.375985] [info] Itteration 26 complete. Itteration took 176 milliseconds.
[2020-04-13 14:29:50.552899] [info] Itteration 27 complete. Itteration took 176 milliseconds.
[2020-04-13 14:29:50.730360] [info] Itteration 28 complete. Itteration took 177 milliseconds.
[2020-04-13 14:29:50.905472] [info] Itteration 29 complete. Itteration took 175 milliseconds.
[2020-04-13 14:29:51.081176] [info] Itteration 30 complete. Itteration took 175 milliseconds.
[2020-04-13 14:29:51.081218] [info] Simulation took 5300 milliseconds.
[2020-04-13 14:29:51.081234] [info] VSTRAP finished
