[2020-04-13 14:10:45.629473] [info] VSTRAP started
[2020-04-13 14:10:45.656237] [info] Initialize mesh_initializer:
[2020-04-13 14:10:45.669558] [info] Volume mesh <vol_mesh> has been initialized.
[2020-04-13 14:10:45.669628] [info] Mesh initialized without node_data.
[2020-04-13 14:10:45.669643] [info] Mesh initialized without face_data.
[2020-04-13 14:10:45.669654] [info] Mesh initialized without cell_data.
[2020-04-13 14:10:45.673897] [info] Initialize particle_initializer:
[2020-04-13 14:10:45.732830] [info] Particle group <forward_particles> has been initialized with 10000 particles of species "e-" in the domain.
[2020-04-13 14:10:45.736858] [info] Initialize plasma_state:
[2020-04-13 14:10:45.742811] [info] Initialize pusher:
[2020-04-13 14:10:45.748424] [info] Initialize pwi:
[2020-04-13 14:10:45.760022] [info] Initialize dsmc:
[2020-04-13 14:10:45.768669] [info] Initialize bgf:
[2020-04-13 14:10:45.770563] [info] Mesh <vol_mesh> has been loaded.
[2020-04-13 14:10:45.771510] [info] Field <interpolated_control_field> has been loaded.
[2020-04-13 14:10:45.771683] [info] Particle group <forward_particles> has been successfully loaded with fields <interpolated_control_field>
[2020-04-13 14:10:45.771795] [info] Initialization took 142 milliseconds.
[2020-04-13 14:10:45.956229] [info] Itteration 1 complete. Itteration took 184 milliseconds.
[2020-04-13 14:10:46.131277] [info] Itteration 2 complete. Itteration took 175 milliseconds.
[2020-04-13 14:10:46.307751] [info] Itteration 3 complete. Itteration took 176 milliseconds.
[2020-04-13 14:10:46.484396] [info] Itteration 4 complete. Itteration took 176 milliseconds.
[2020-04-13 14:10:46.658742] [info] Itteration 5 complete. Itteration took 174 milliseconds.
[2020-04-13 14:10:46.833920] [info] Itteration 6 complete. Itteration took 175 milliseconds.
[2020-04-13 14:10:47.008839] [info] Itteration 7 complete. Itteration took 174 milliseconds.
[2020-04-13 14:10:47.183751] [info] Itteration 8 complete. Itteration took 174 milliseconds.
[2020-04-13 14:10:47.359787] [info] Itteration 9 complete. Itteration took 175 milliseconds.
[2020-04-13 14:10:47.534227] [info] Itteration 10 complete. Itteration took 174 milliseconds.
[2020-04-13 14:10:47.710704] [info] Itteration 11 complete. Itteration took 176 milliseconds.
[2020-04-13 14:10:47.889931] [info] Itteration 12 complete. Itteration took 179 milliseconds.
[2020-04-13 14:10:48.064421] [info] Itteration 13 complete. Itteration took 174 milliseconds.
[2020-04-13 14:10:48.239818] [info] Itteration 14 complete. Itteration took 175 milliseconds.
[2020-04-13 14:10:48.415015] [info] Itteration 15 complete. Itteration took 175 milliseconds.
[2020-04-13 14:10:48.589698] [info] Itteration 16 complete. Itteration took 174 milliseconds.
[2020-04-13 14:10:48.764313] [info] Itteration 17 complete. Itteration took 174 milliseconds.
[2020-04-13 14:10:48.938805] [info] Itteration 18 complete. Itteration took 174 milliseconds.
[2020-04-13 14:10:49.113636] [info] Itteration 19 complete. Itteration took 174 milliseconds.
[2020-04-13 14:10:49.288316] [info] Itteration 20 complete. Itteration took 174 milliseconds.
[2020-04-13 14:10:49.462483] [info] Itteration 21 complete. Itteration took 174 milliseconds.
[2020-04-13 14:10:49.637623] [info] Itteration 22 complete. Itteration took 175 milliseconds.
[2020-04-13 14:10:49.812462] [info] Itteration 23 complete. Itteration took 174 milliseconds.
[2020-04-13 14:10:49.987670] [info] Itteration 24 complete. Itteration took 175 milliseconds.
[2020-04-13 14:10:50.162294] [info] Itteration 25 complete. Itteration took 174 milliseconds.
[2020-04-13 14:10:50.337874] [info] Itteration 26 complete. Itteration took 175 milliseconds.
[2020-04-13 14:10:50.512841] [info] Itteration 27 complete. Itteration took 174 milliseconds.
[2020-04-13 14:10:50.688011] [info] Itteration 28 complete. Itteration took 175 milliseconds.
[2020-04-13 14:10:50.862002] [info] Itteration 29 complete. Itteration took 173 milliseconds.
[2020-04-13 14:10:51.037072] [info] Itteration 30 complete. Itteration took 175 milliseconds.
[2020-04-13 14:10:51.037130] [info] Simulation took 5265 milliseconds.
[2020-04-13 14:10:51.037143] [info] VSTRAP finished
