[2020-04-13 14:34:34.036892] [info] VSTRAP started
[2020-04-13 14:34:34.064383] [info] Initialize mesh_initializer:
[2020-04-13 14:34:34.076188] [info] Volume mesh <vol_mesh> has been initialized.
[2020-04-13 14:34:34.076720] [info] Mesh initialized without node_data.
[2020-04-13 14:34:34.076741] [info] Mesh initialized without face_data.
[2020-04-13 14:34:34.076752] [info] Mesh initialized without cell_data.
[2020-04-13 14:34:34.085074] [info] Initialize particle_initializer:
[2020-04-13 14:34:34.137045] [info] Particle group <forward_particles> has been initialized with 10000 particles of species "e-" in the domain.
[2020-04-13 14:34:34.142496] [info] Initialize plasma_state:
[2020-04-13 14:34:34.150236] [info] Initialize pusher:
[2020-04-13 14:34:34.156351] [info] Initialize pwi:
[2020-04-13 14:34:34.167559] [info] Initialize dsmc:
[2020-04-13 14:34:34.175161] [info] Initialize bgf:
[2020-04-13 14:34:34.177256] [info] Mesh <vol_mesh> has been loaded.
[2020-04-13 14:34:34.178468] [info] Field <interpolated_control_field> has been loaded.
[2020-04-13 14:34:34.178641] [info] Particle group <forward_particles> has been successfully loaded with fields <interpolated_control_field>
[2020-04-13 14:34:34.178760] [info] Initialization took 141 milliseconds.
[2020-04-13 14:34:34.360241] [info] Itteration 1 complete. Itteration took 181 milliseconds.
[2020-04-13 14:34:34.536982] [info] Itteration 2 complete. Itteration took 176 milliseconds.
[2020-04-13 14:34:34.729539] [info] Itteration 3 complete. Itteration took 192 milliseconds.
[2020-04-13 14:34:34.904306] [info] Itteration 4 complete. Itteration took 174 milliseconds.
[2020-04-13 14:34:35.079916] [info] Itteration 5 complete. Itteration took 175 milliseconds.
[2020-04-13 14:34:35.254449] [info] Itteration 6 complete. Itteration took 174 milliseconds.
[2020-04-13 14:34:35.429757] [info] Itteration 7 complete. Itteration took 175 milliseconds.
[2020-04-13 14:34:35.605802] [info] Itteration 8 complete. Itteration took 175 milliseconds.
[2020-04-13 14:34:35.780821] [info] Itteration 9 complete. Itteration took 174 milliseconds.
[2020-04-13 14:34:35.956084] [info] Itteration 10 complete. Itteration took 175 milliseconds.
[2020-04-13 14:34:36.131655] [info] Itteration 11 complete. Itteration took 175 milliseconds.
[2020-04-13 14:34:36.308028] [info] Itteration 12 complete. Itteration took 176 milliseconds.
[2020-04-13 14:34:36.483579] [info] Itteration 13 complete. Itteration took 175 milliseconds.
[2020-04-13 14:34:36.658638] [info] Itteration 14 complete. Itteration took 175 milliseconds.
[2020-04-13 14:34:36.833381] [info] Itteration 15 complete. Itteration took 174 milliseconds.
[2020-04-13 14:34:37.010303] [info] Itteration 16 complete. Itteration took 176 milliseconds.
[2020-04-13 14:34:37.186114] [info] Itteration 17 complete. Itteration took 175 milliseconds.
[2020-04-13 14:34:37.360744] [info] Itteration 18 complete. Itteration took 174 milliseconds.
[2020-04-13 14:34:37.536062] [info] Itteration 19 complete. Itteration took 175 milliseconds.
[2020-04-13 14:34:37.711648] [info] Itteration 20 complete. Itteration took 175 milliseconds.
[2020-04-13 14:34:37.885901] [info] Itteration 21 complete. Itteration took 174 milliseconds.
[2020-04-13 14:34:38.060448] [info] Itteration 22 complete. Itteration took 174 milliseconds.
[2020-04-13 14:34:38.236313] [info] Itteration 23 complete. Itteration took 175 milliseconds.
[2020-04-13 14:34:38.412836] [info] Itteration 24 complete. Itteration took 176 milliseconds.
[2020-04-13 14:34:38.588073] [info] Itteration 25 complete. Itteration took 175 milliseconds.
[2020-04-13 14:34:38.764412] [info] Itteration 26 complete. Itteration took 176 milliseconds.
[2020-04-13 14:34:38.939113] [info] Itteration 27 complete. Itteration took 174 milliseconds.
[2020-04-13 14:34:39.116637] [info] Itteration 28 complete. Itteration took 177 milliseconds.
[2020-04-13 14:34:39.292280] [info] Itteration 29 complete. Itteration took 175 milliseconds.
[2020-04-13 14:34:39.467681] [info] Itteration 30 complete. Itteration took 175 milliseconds.
[2020-04-13 14:34:39.467722] [info] Simulation took 5288 milliseconds.
[2020-04-13 14:34:39.467740] [info] VSTRAP finished
