[2020-04-13 14:14:45.418543] [info] VSTRAP started
[2020-04-13 14:14:45.442587] [info] Initialize mesh_initializer:
[2020-04-13 14:14:45.455441] [info] Volume mesh <vol_mesh> has been initialized.
[2020-04-13 14:14:45.456497] [info] Mesh initialized without node_data.
[2020-04-13 14:14:45.456521] [info] Mesh initialized without face_data.
[2020-04-13 14:14:45.456533] [info] Mesh initialized without cell_data.
[2020-04-13 14:14:45.464014] [info] Initialize particle_initializer:
[2020-04-13 14:14:45.519881] [info] Particle group <forward_particles> has been initialized with 10000 particles of species "e-" in the domain.
[2020-04-13 14:14:45.526291] [info] Initialize plasma_state:
[2020-04-13 14:14:45.534784] [info] Initialize pusher:
[2020-04-13 14:14:45.540302] [info] Initialize pwi:
[2020-04-13 14:14:45.552126] [info] Initialize dsmc:
[2020-04-13 14:14:45.560097] [info] Initialize bgf:
[2020-04-13 14:14:45.562980] [info] Mesh <vol_mesh> has been loaded.
[2020-04-13 14:14:45.564254] [info] Field <interpolated_control_field> has been loaded.
[2020-04-13 14:14:45.564496] [info] Particle group <forward_particles> has been successfully loaded with fields <interpolated_control_field>
[2020-04-13 14:14:45.564641] [info] Initialization took 145 milliseconds.
[2020-04-13 14:14:45.750254] [info] Itteration 1 complete. Itteration took 185 milliseconds.
[2020-04-13 14:14:45.925541] [info] Itteration 2 complete. Itteration took 175 milliseconds.
[2020-04-13 14:14:46.100388] [info] Itteration 3 complete. Itteration took 174 milliseconds.
[2020-04-13 14:14:46.278770] [info] Itteration 4 complete. Itteration took 178 milliseconds.
[2020-04-13 14:14:46.454486] [info] Itteration 5 complete. Itteration took 175 milliseconds.
[2020-04-13 14:14:46.630000] [info] Itteration 6 complete. Itteration took 175 milliseconds.
[2020-04-13 14:14:46.806204] [info] Itteration 7 complete. Itteration took 176 milliseconds.
[2020-04-13 14:14:46.981728] [info] Itteration 8 complete. Itteration took 175 milliseconds.
[2020-04-13 14:14:47.158227] [info] Itteration 9 complete. Itteration took 176 milliseconds.
[2020-04-13 14:14:47.332917] [info] Itteration 10 complete. Itteration took 174 milliseconds.
[2020-04-13 14:14:47.509155] [info] Itteration 11 complete. Itteration took 176 milliseconds.
[2020-04-13 14:14:47.683597] [info] Itteration 12 complete. Itteration took 174 milliseconds.
[2020-04-13 14:14:47.858944] [info] Itteration 13 complete. Itteration took 175 milliseconds.
[2020-04-13 14:14:48.034832] [info] Itteration 14 complete. Itteration took 175 milliseconds.
[2020-04-13 14:14:48.209720] [info] Itteration 15 complete. Itteration took 174 milliseconds.
[2020-04-13 14:14:48.385242] [info] Itteration 16 complete. Itteration took 175 milliseconds.
[2020-04-13 14:14:48.559909] [info] Itteration 17 complete. Itteration took 174 milliseconds.
[2020-04-13 14:14:48.735141] [info] Itteration 18 complete. Itteration took 175 milliseconds.
[2020-04-13 14:14:48.910174] [info] Itteration 19 complete. Itteration took 174 milliseconds.
[2020-04-13 14:14:49.088146] [info] Itteration 20 complete. Itteration took 177 milliseconds.
[2020-04-13 14:14:49.265020] [info] Itteration 21 complete. Itteration took 176 milliseconds.
[2020-04-13 14:14:49.442084] [info] Itteration 22 complete. Itteration took 177 milliseconds.
[2020-04-13 14:14:49.616990] [info] Itteration 23 complete. Itteration took 174 milliseconds.
[2020-04-13 14:14:49.791474] [info] Itteration 24 complete. Itteration took 174 milliseconds.
[2020-04-13 14:14:49.967470] [info] Itteration 25 complete. Itteration took 175 milliseconds.
[2020-04-13 14:14:50.141861] [info] Itteration 26 complete. Itteration took 174 milliseconds.
[2020-04-13 14:14:50.316476] [info] Itteration 27 complete. Itteration took 174 milliseconds.
[2020-04-13 14:14:50.493598] [info] Itteration 28 complete. Itteration took 177 milliseconds.
[2020-04-13 14:14:50.668472] [info] Itteration 29 complete. Itteration took 174 milliseconds.
[2020-04-13 14:14:50.843283] [info] Itteration 30 complete. Itteration took 174 milliseconds.
[2020-04-13 14:14:50.843335] [info] Simulation took 5278 milliseconds.
[2020-04-13 14:14:50.843361] [info] VSTRAP finished
