[2020-04-13 14:28:36.330861] [info] VSTRAP started
[2020-04-13 14:28:36.354096] [info] Initialize mesh_initializer:
[2020-04-13 14:28:36.365684] [info] Volume mesh <vol_mesh> has been initialized.
[2020-04-13 14:28:36.366233] [info] Mesh initialized without node_data.
[2020-04-13 14:28:36.366257] [info] Mesh initialized without face_data.
[2020-04-13 14:28:36.366271] [info] Mesh initialized without cell_data.
[2020-04-13 14:28:36.376341] [info] Initialize particle_initializer:
[2020-04-13 14:28:36.428541] [info] Particle group <forward_particles> has been initialized with 10000 particles of species "e-" in the domain.
[2020-04-13 14:28:36.434365] [info] Initialize plasma_state:
[2020-04-13 14:28:36.442911] [info] Initialize pusher:
[2020-04-13 14:28:36.448674] [info] Initialize pwi:
[2020-04-13 14:28:36.460152] [info] Initialize dsmc:
[2020-04-13 14:28:36.468418] [info] Initialize bgf:
[2020-04-13 14:28:36.471182] [info] Mesh <vol_mesh> has been loaded.
[2020-04-13 14:28:36.472417] [info] Field <interpolated_control_field> has been loaded.
[2020-04-13 14:28:36.472642] [info] Particle group <forward_particles> has been successfully loaded with fields <interpolated_control_field>
[2020-04-13 14:28:36.472794] [info] Initialization took 141 milliseconds.
[2020-04-13 14:28:36.653892] [info] Itteration 1 complete. Itteration took 180 milliseconds.
[2020-04-13 14:28:36.830259] [info] Itteration 2 complete. Itteration took 176 milliseconds.
[2020-04-13 14:28:37.004768] [info] Itteration 3 complete. Itteration took 174 milliseconds.
[2020-04-13 14:28:37.179087] [info] Itteration 4 complete. Itteration took 174 milliseconds.
[2020-04-13 14:28:37.354334] [info] Itteration 5 complete. Itteration took 175 milliseconds.
[2020-04-13 14:28:37.529679] [info] Itteration 6 complete. Itteration took 175 milliseconds.
[2020-04-13 14:28:37.704863] [info] Itteration 7 complete. Itteration took 175 milliseconds.
[2020-04-13 14:28:37.880194] [info] Itteration 8 complete. Itteration took 175 milliseconds.
[2020-04-13 14:28:38.055379] [info] Itteration 9 complete. Itteration took 175 milliseconds.
[2020-04-13 14:28:38.232154] [info] Itteration 10 complete. Itteration took 176 milliseconds.
[2020-04-13 14:28:38.407268] [info] Itteration 11 complete. Itteration took 175 milliseconds.
[2020-04-13 14:28:38.584637] [info] Itteration 12 complete. Itteration took 177 milliseconds.
[2020-04-13 14:28:38.758897] [info] Itteration 13 complete. Itteration took 174 milliseconds.
[2020-04-13 14:28:38.933854] [info] Itteration 14 complete. Itteration took 174 milliseconds.
[2020-04-13 14:28:39.109219] [info] Itteration 15 complete. Itteration took 175 milliseconds.
[2020-04-13 14:28:39.284306] [info] Itteration 16 complete. Itteration took 175 milliseconds.
[2020-04-13 14:28:39.462124] [info] Itteration 17 complete. Itteration took 177 milliseconds.
[2020-04-13 14:28:39.636833] [info] Itteration 18 complete. Itteration took 174 milliseconds.
[2020-04-13 14:28:39.811965] [info] Itteration 19 complete. Itteration took 175 milliseconds.
[2020-04-13 14:28:39.986633] [info] Itteration 20 complete. Itteration took 174 milliseconds.
[2020-04-13 14:28:40.162428] [info] Itteration 21 complete. Itteration took 175 milliseconds.
[2020-04-13 14:28:40.338895] [info] Itteration 22 complete. Itteration took 176 milliseconds.
[2020-04-13 14:28:40.514587] [info] Itteration 23 complete. Itteration took 175 milliseconds.
[2020-04-13 14:28:40.689448] [info] Itteration 24 complete. Itteration took 174 milliseconds.
[2020-04-13 14:28:40.864842] [info] Itteration 25 complete. Itteration took 175 milliseconds.
[2020-04-13 14:28:41.040492] [info] Itteration 26 complete. Itteration took 175 milliseconds.
[2020-04-13 14:28:41.216504] [info] Itteration 27 complete. Itteration took 175 milliseconds.
[2020-04-13 14:28:41.391338] [info] Itteration 28 complete. Itteration took 174 milliseconds.
[2020-04-13 14:28:41.566802] [info] Itteration 29 complete. Itteration took 175 milliseconds.
[2020-04-13 14:28:41.742343] [info] Itteration 30 complete. Itteration took 175 milliseconds.
[2020-04-13 14:28:41.742385] [info] Simulation took 5269 milliseconds.
[2020-04-13 14:28:41.742402] [info] VSTRAP finished
