[2020-04-13 14:33:46.668514] [info] VSTRAP started
[2020-04-13 14:33:46.696776] [info] Initialize mesh_initializer:
[2020-04-13 14:33:46.708702] [info] Volume mesh <vol_mesh> has been initialized.
[2020-04-13 14:33:46.709204] [info] Mesh initialized without node_data.
[2020-04-13 14:33:46.709224] [info] Mesh initialized without face_data.
[2020-04-13 14:33:46.709235] [info] Mesh initialized without cell_data.
[2020-04-13 14:33:46.717787] [info] Initialize particle_initializer:
[2020-04-13 14:33:46.769647] [info] Particle group <forward_particles> has been initialized with 10000 particles of species "e-" in the domain.
[2020-04-13 14:33:46.775295] [info] Initialize plasma_state:
[2020-04-13 14:33:46.782674] [info] Initialize pusher:
[2020-04-13 14:33:46.788246] [info] Initialize pwi:
[2020-04-13 14:33:46.798986] [info] Initialize dsmc:
[2020-04-13 14:33:46.807077] [info] Initialize bgf:
[2020-04-13 14:33:46.809298] [info] Mesh <vol_mesh> has been loaded.
[2020-04-13 14:33:46.810610] [info] Field <interpolated_control_field> has been loaded.
[2020-04-13 14:33:46.810797] [info] Particle group <forward_particles> has been successfully loaded with fields <interpolated_control_field>
[2020-04-13 14:33:46.810909] [info] Initialization took 142 milliseconds.
[2020-04-13 14:33:46.992982] [info] Itteration 1 complete. Itteration took 181 milliseconds.
[2020-04-13 14:33:47.168751] [info] Itteration 2 complete. Itteration took 175 milliseconds.
[2020-04-13 14:33:47.345737] [info] Itteration 3 complete. Itteration took 176 milliseconds.
[2020-04-13 14:33:47.520778] [info] Itteration 4 complete. Itteration took 174 milliseconds.
[2020-04-13 14:33:47.695366] [info] Itteration 5 complete. Itteration took 174 milliseconds.
[2020-04-13 14:33:47.870484] [info] Itteration 6 complete. Itteration took 175 milliseconds.
[2020-04-13 14:33:48.045469] [info] Itteration 7 complete. Itteration took 174 milliseconds.
[2020-04-13 14:33:48.221261] [info] Itteration 8 complete. Itteration took 175 milliseconds.
[2020-04-13 14:33:48.396143] [info] Itteration 9 complete. Itteration took 174 milliseconds.
[2020-04-13 14:33:48.574439] [info] Itteration 10 complete. Itteration took 178 milliseconds.
[2020-04-13 14:33:48.749861] [info] Itteration 11 complete. Itteration took 175 milliseconds.
[2020-04-13 14:33:48.924848] [info] Itteration 12 complete. Itteration took 174 milliseconds.
[2020-04-13 14:33:49.099506] [info] Itteration 13 complete. Itteration took 174 milliseconds.
[2020-04-13 14:33:49.274763] [info] Itteration 14 complete. Itteration took 175 milliseconds.
[2020-04-13 14:33:49.450540] [info] Itteration 15 complete. Itteration took 175 milliseconds.
[2020-04-13 14:33:49.626488] [info] Itteration 16 complete. Itteration took 175 milliseconds.
[2020-04-13 14:33:49.801205] [info] Itteration 17 complete. Itteration took 174 milliseconds.
[2020-04-13 14:33:49.976295] [info] Itteration 18 complete. Itteration took 175 milliseconds.
[2020-04-13 14:33:50.151948] [info] Itteration 19 complete. Itteration took 175 milliseconds.
[2020-04-13 14:33:50.327396] [info] Itteration 20 complete. Itteration took 175 milliseconds.
[2020-04-13 14:33:50.503534] [info] Itteration 21 complete. Itteration took 176 milliseconds.
[2020-04-13 14:33:50.679120] [info] Itteration 22 complete. Itteration took 175 milliseconds.
[2020-04-13 14:33:50.854284] [info] Itteration 23 complete. Itteration took 175 milliseconds.
[2020-04-13 14:33:51.029579] [info] Itteration 24 complete. Itteration took 175 milliseconds.
[2020-04-13 14:33:51.204436] [info] Itteration 25 complete. Itteration took 174 milliseconds.
[2020-04-13 14:33:51.381249] [info] Itteration 26 complete. Itteration took 176 milliseconds.
[2020-04-13 14:33:51.555754] [info] Itteration 27 complete. Itteration took 174 milliseconds.
[2020-04-13 14:33:51.731339] [info] Itteration 28 complete. Itteration took 175 milliseconds.
[2020-04-13 14:33:51.906268] [info] Itteration 29 complete. Itteration took 174 milliseconds.
[2020-04-13 14:33:52.081758] [info] Itteration 30 complete. Itteration took 175 milliseconds.
[2020-04-13 14:33:52.081797] [info] Simulation took 5270 milliseconds.
[2020-04-13 14:33:52.081829] [info] VSTRAP finished
