[2020-04-13 14:14:08.605895] [info] VSTRAP started
[2020-04-13 14:14:08.641594] [info] Initialize mesh_initializer:
[2020-04-13 14:14:08.653318] [info] Volume mesh <vol_mesh> has been initialized.
[2020-04-13 14:14:08.654092] [info] Mesh initialized without node_data.
[2020-04-13 14:14:08.654117] [info] Mesh initialized without face_data.
[2020-04-13 14:14:08.654128] [info] Mesh initialized without cell_data.
[2020-04-13 14:14:08.673616] [info] Initialize particle_initializer:
[2020-04-13 14:14:08.724699] [info] Particle group <forward_particles> has been initialized with 10000 particles of species "e-" in the domain.
[2020-04-13 14:14:08.727727] [info] Initialize plasma_state:
[2020-04-13 14:14:08.733862] [info] Initialize pusher:
[2020-04-13 14:14:08.739210] [info] Initialize pwi:
[2020-04-13 14:14:08.751064] [info] Initialize dsmc:
[2020-04-13 14:14:08.758523] [info] Initialize bgf:
[2020-04-13 14:14:08.760439] [info] Mesh <vol_mesh> has been loaded.
[2020-04-13 14:14:08.761351] [info] Field <interpolated_control_field> has been loaded.
[2020-04-13 14:14:08.761534] [info] Particle group <forward_particles> has been successfully loaded with fields <interpolated_control_field>
[2020-04-13 14:14:08.761647] [info] Initialization took 154 milliseconds.
[2020-04-13 14:14:08.950791] [info] Itteration 1 complete. Itteration took 188 milliseconds.
[2020-04-13 14:14:09.129114] [info] Itteration 2 complete. Itteration took 178 milliseconds.
[2020-04-13 14:14:09.308923] [info] Itteration 3 complete. Itteration took 179 milliseconds.
[2020-04-13 14:14:09.485722] [info] Itteration 4 complete. Itteration took 176 milliseconds.
[2020-04-13 14:14:09.663450] [info] Itteration 5 complete. Itteration took 177 milliseconds.
[2020-04-13 14:14:09.839081] [info] Itteration 6 complete. Itteration took 175 milliseconds.
[2020-04-13 14:14:10.014190] [info] Itteration 7 complete. Itteration took 175 milliseconds.
[2020-04-13 14:14:10.189369] [info] Itteration 8 complete. Itteration took 175 milliseconds.
[2020-04-13 14:14:10.367834] [info] Itteration 9 complete. Itteration took 178 milliseconds.
[2020-04-13 14:14:10.542654] [info] Itteration 10 complete. Itteration took 174 milliseconds.
[2020-04-13 14:14:10.718171] [info] Itteration 11 complete. Itteration took 175 milliseconds.
[2020-04-13 14:14:10.894428] [info] Itteration 12 complete. Itteration took 176 milliseconds.
[2020-04-13 14:14:11.068501] [info] Itteration 13 complete. Itteration took 174 milliseconds.
[2020-04-13 14:14:11.244111] [info] Itteration 14 complete. Itteration took 175 milliseconds.
[2020-04-13 14:14:11.421037] [info] Itteration 15 complete. Itteration took 176 milliseconds.
[2020-04-13 14:14:11.595577] [info] Itteration 16 complete. Itteration took 174 milliseconds.
[2020-04-13 14:14:11.771237] [info] Itteration 17 complete. Itteration took 175 milliseconds.
[2020-04-13 14:14:11.945763] [info] Itteration 18 complete. Itteration took 174 milliseconds.
[2020-04-13 14:14:12.121113] [info] Itteration 19 complete. Itteration took 175 milliseconds.
[2020-04-13 14:14:12.296443] [info] Itteration 20 complete. Itteration took 175 milliseconds.
[2020-04-13 14:14:12.472248] [info] Itteration 21 complete. Itteration took 175 milliseconds.
[2020-04-13 14:14:12.648401] [info] Itteration 22 complete. Itteration took 176 milliseconds.
[2020-04-13 14:14:12.822914] [info] Itteration 23 complete. Itteration took 174 milliseconds.
[2020-04-13 14:14:12.998701] [info] Itteration 24 complete. Itteration took 175 milliseconds.
[2020-04-13 14:14:13.175603] [info] Itteration 25 complete. Itteration took 176 milliseconds.
[2020-04-13 14:14:13.354455] [info] Itteration 26 complete. Itteration took 178 milliseconds.
[2020-04-13 14:14:13.529560] [info] Itteration 27 complete. Itteration took 175 milliseconds.
[2020-04-13 14:14:13.705341] [info] Itteration 28 complete. Itteration took 175 milliseconds.
[2020-04-13 14:14:13.882433] [info] Itteration 29 complete. Itteration took 177 milliseconds.
[2020-04-13 14:14:14.057033] [info] Itteration 30 complete. Itteration took 174 milliseconds.
[2020-04-13 14:14:14.057078] [info] Simulation took 5295 milliseconds.
[2020-04-13 14:14:14.057095] [info] VSTRAP finished
