[2020-04-13 14:08:27.944709] [info] VSTRAP started
[2020-04-13 14:08:27.969732] [info] Initialize mesh_initializer:
[2020-04-13 14:08:27.984441] [info] Volume mesh <vol_mesh> has been initialized.
[2020-04-13 14:08:27.986624] [info] Mesh initialized without node_data.
[2020-04-13 14:08:27.987988] [info] Mesh initialized without face_data.
[2020-04-13 14:08:27.989004] [info] Mesh initialized without cell_data.
[2020-04-13 14:08:27.993358] [info] Initialize particle_initializer:
[2020-04-13 14:08:28.048436] [info] Particle group <forward_particles> has been initialized with 10000 particles of species "e-" in the domain.
[2020-04-13 14:08:28.054633] [info] Initialize plasma_state:
[2020-04-13 14:08:28.061190] [info] Initialize pusher:
[2020-04-13 14:08:28.066423] [info] Initialize pwi:
[2020-04-13 14:08:28.077823] [info] Initialize dsmc:
[2020-04-13 14:08:28.084976] [info] Initialize bgf:
[2020-04-13 14:08:28.087068] [info] Mesh <vol_mesh> has been loaded.
[2020-04-13 14:08:28.088416] [info] Field <interpolated_control_field> has been loaded.
[2020-04-13 14:08:28.088766] [info] Particle group <forward_particles> has been successfully loaded with fields <interpolated_control_field>
[2020-04-13 14:08:28.089070] [info] Initialization took 144 milliseconds.
[2020-04-13 14:08:28.271120] [info] Itteration 1 complete. Itteration took 181 milliseconds.
[2020-04-13 14:08:28.446974] [info] Itteration 2 complete. Itteration took 175 milliseconds.
[2020-04-13 14:08:28.624495] [info] Itteration 3 complete. Itteration took 177 milliseconds.
[2020-04-13 14:08:28.800188] [info] Itteration 4 complete. Itteration took 175 milliseconds.
[2020-04-13 14:08:28.974397] [info] Itteration 5 complete. Itteration took 174 milliseconds.
[2020-04-13 14:08:29.148740] [info] Itteration 6 complete. Itteration took 174 milliseconds.
[2020-04-13 14:08:29.322217] [info] Itteration 7 complete. Itteration took 173 milliseconds.
[2020-04-13 14:08:29.496082] [info] Itteration 8 complete. Itteration took 173 milliseconds.
[2020-04-13 14:08:29.669746] [info] Itteration 9 complete. Itteration took 173 milliseconds.
[2020-04-13 14:08:29.843991] [info] Itteration 10 complete. Itteration took 174 milliseconds.
[2020-04-13 14:08:30.017749] [info] Itteration 11 complete. Itteration took 173 milliseconds.
[2020-04-13 14:08:30.191682] [info] Itteration 12 complete. Itteration took 173 milliseconds.
[2020-04-13 14:08:30.366677] [info] Itteration 13 complete. Itteration took 174 milliseconds.
[2020-04-13 14:08:30.541665] [info] Itteration 14 complete. Itteration took 174 milliseconds.
[2020-04-13 14:08:30.716352] [info] Itteration 15 complete. Itteration took 174 milliseconds.
[2020-04-13 14:08:30.890792] [info] Itteration 16 complete. Itteration took 174 milliseconds.
[2020-04-13 14:08:31.065496] [info] Itteration 17 complete. Itteration took 174 milliseconds.
[2020-04-13 14:08:31.241073] [info] Itteration 18 complete. Itteration took 175 milliseconds.
[2020-04-13 14:08:31.415086] [info] Itteration 19 complete. Itteration took 173 milliseconds.
[2020-04-13 14:08:31.591347] [info] Itteration 20 complete. Itteration took 176 milliseconds.
[2020-04-13 14:08:31.766885] [info] Itteration 21 complete. Itteration took 175 milliseconds.
[2020-04-13 14:08:31.940965] [info] Itteration 22 complete. Itteration took 174 milliseconds.
[2020-04-13 14:08:32.117900] [info] Itteration 23 complete. Itteration took 176 milliseconds.
[2020-04-13 14:08:32.292446] [info] Itteration 24 complete. Itteration took 174 milliseconds.
[2020-04-13 14:08:32.467985] [info] Itteration 25 complete. Itteration took 175 milliseconds.
[2020-04-13 14:08:32.644372] [info] Itteration 26 complete. Itteration took 176 milliseconds.
[2020-04-13 14:08:32.819008] [info] Itteration 27 complete. Itteration took 174 milliseconds.
[2020-04-13 14:08:32.993623] [info] Itteration 28 complete. Itteration took 174 milliseconds.
[2020-04-13 14:08:33.168116] [info] Itteration 29 complete. Itteration took 174 milliseconds.
[2020-04-13 14:08:33.343070] [info] Itteration 30 complete. Itteration took 174 milliseconds.
[2020-04-13 14:08:33.343108] [info] Simulation took 5253 milliseconds.
[2020-04-13 14:08:33.343125] [info] VSTRAP finished
