[2020-04-13 14:32:35.477738] [info] VSTRAP started
[2020-04-13 14:32:35.507443] [info] Initialize mesh_initializer:
[2020-04-13 14:32:35.520577] [info] Volume mesh <vol_mesh> has been initialized.
[2020-04-13 14:32:35.522970] [info] Mesh initialized without node_data.
[2020-04-13 14:32:35.524714] [info] Mesh initialized without face_data.
[2020-04-13 14:32:35.525650] [info] Mesh initialized without cell_data.
[2020-04-13 14:32:35.529930] [info] Initialize particle_initializer:
[2020-04-13 14:32:35.584247] [info] Particle group <forward_particles> has been initialized with 10000 particles of species "e-" in the domain.
[2020-04-13 14:32:35.590500] [info] Initialize plasma_state:
[2020-04-13 14:32:35.596099] [info] Initialize pusher:
[2020-04-13 14:32:35.601957] [info] Initialize pwi:
[2020-04-13 14:32:35.612753] [info] Initialize dsmc:
[2020-04-13 14:32:35.620256] [info] Initialize bgf:
[2020-04-13 14:32:35.622383] [info] Mesh <vol_mesh> has been loaded.
[2020-04-13 14:32:35.623570] [info] Field <interpolated_control_field> has been loaded.
[2020-04-13 14:32:35.623748] [info] Particle group <forward_particles> has been successfully loaded with fields <interpolated_control_field>
[2020-04-13 14:32:35.623862] [info] Initialization took 145 milliseconds.
[2020-04-13 14:32:35.808331] [info] Itteration 1 complete. Itteration took 184 milliseconds.
[2020-04-13 14:32:35.983152] [info] Itteration 2 complete. Itteration took 174 milliseconds.
[2020-04-13 14:32:36.161010] [info] Itteration 3 complete. Itteration took 177 milliseconds.
[2020-04-13 14:32:36.337538] [info] Itteration 4 complete. Itteration took 176 milliseconds.
[2020-04-13 14:32:36.513290] [info] Itteration 5 complete. Itteration took 175 milliseconds.
[2020-04-13 14:32:36.688733] [info] Itteration 6 complete. Itteration took 175 milliseconds.
[2020-04-13 14:32:36.863977] [info] Itteration 7 complete. Itteration took 175 milliseconds.
[2020-04-13 14:32:37.038895] [info] Itteration 8 complete. Itteration took 174 milliseconds.
[2020-04-13 14:32:37.213988] [info] Itteration 9 complete. Itteration took 175 milliseconds.
[2020-04-13 14:32:37.391065] [info] Itteration 10 complete. Itteration took 177 milliseconds.
[2020-04-13 14:32:37.567023] [info] Itteration 11 complete. Itteration took 175 milliseconds.
[2020-04-13 14:32:37.743664] [info] Itteration 12 complete. Itteration took 176 milliseconds.
[2020-04-13 14:32:37.919438] [info] Itteration 13 complete. Itteration took 175 milliseconds.
[2020-04-13 14:32:38.096777] [info] Itteration 14 complete. Itteration took 177 milliseconds.
[2020-04-13 14:32:38.273380] [info] Itteration 15 complete. Itteration took 176 milliseconds.
[2020-04-13 14:32:38.449827] [info] Itteration 16 complete. Itteration took 176 milliseconds.
[2020-04-13 14:32:38.626018] [info] Itteration 17 complete. Itteration took 176 milliseconds.
[2020-04-13 14:32:38.801206] [info] Itteration 18 complete. Itteration took 175 milliseconds.
[2020-04-13 14:32:38.976774] [info] Itteration 19 complete. Itteration took 175 milliseconds.
[2020-04-13 14:32:39.152616] [info] Itteration 20 complete. Itteration took 175 milliseconds.
[2020-04-13 14:32:39.328932] [info] Itteration 21 complete. Itteration took 176 milliseconds.
[2020-04-13 14:32:39.503836] [info] Itteration 22 complete. Itteration took 174 milliseconds.
[2020-04-13 14:32:39.679648] [info] Itteration 23 complete. Itteration took 175 milliseconds.
[2020-04-13 14:32:39.855937] [info] Itteration 24 complete. Itteration took 176 milliseconds.
[2020-04-13 14:32:40.031531] [info] Itteration 25 complete. Itteration took 175 milliseconds.
[2020-04-13 14:32:40.207771] [info] Itteration 26 complete. Itteration took 176 milliseconds.
[2020-04-13 14:32:40.384198] [info] Itteration 27 complete. Itteration took 176 milliseconds.
[2020-04-13 14:32:40.560832] [info] Itteration 28 complete. Itteration took 176 milliseconds.
[2020-04-13 14:32:40.736214] [info] Itteration 29 complete. Itteration took 175 milliseconds.
[2020-04-13 14:32:40.911179] [info] Itteration 30 complete. Itteration took 174 milliseconds.
[2020-04-13 14:32:40.911216] [info] Simulation took 5287 milliseconds.
[2020-04-13 14:32:40.911247] [info] VSTRAP finished
