[2020-04-13 14:26:49.741845] [info] VSTRAP started
[2020-04-13 14:26:49.764737] [info] Initialize mesh_initializer:
[2020-04-13 14:26:49.775009] [info] Volume mesh <vol_mesh> has been initialized.
[2020-04-13 14:26:49.775076] [info] Mesh initialized without node_data.
[2020-04-13 14:26:49.775091] [info] Mesh initialized without face_data.
[2020-04-13 14:26:49.775102] [info] Mesh initialized without cell_data.
[2020-04-13 14:26:49.779134] [info] Initialize particle_initializer:
[2020-04-13 14:26:49.829969] [info] Particle group <forward_particles> has been initialized with 10000 particles of species "e-" in the domain.
[2020-04-13 14:26:49.833897] [info] Initialize plasma_state:
[2020-04-13 14:26:49.840918] [info] Initialize pusher:
[2020-04-13 14:26:49.848291] [info] Initialize pwi:
[2020-04-13 14:26:49.860251] [info] Initialize dsmc:
[2020-04-13 14:26:49.868347] [info] Initialize bgf:
[2020-04-13 14:26:49.871023] [info] Mesh <vol_mesh> has been loaded.
[2020-04-13 14:26:49.872415] [info] Field <interpolated_control_field> has been loaded.
[2020-04-13 14:26:49.872641] [info] Particle group <forward_particles> has been successfully loaded with fields <interpolated_control_field>
[2020-04-13 14:26:49.872793] [info] Initialization took 130 milliseconds.
[2020-04-13 14:26:50.053887] [info] Itteration 1 complete. Itteration took 180 milliseconds.
[2020-04-13 14:26:50.228243] [info] Itteration 2 complete. Itteration took 174 milliseconds.
[2020-04-13 14:26:50.402607] [info] Itteration 3 complete. Itteration took 174 milliseconds.
[2020-04-13 14:26:50.579277] [info] Itteration 4 complete. Itteration took 176 milliseconds.
[2020-04-13 14:26:50.754579] [info] Itteration 5 complete. Itteration took 175 milliseconds.
[2020-04-13 14:26:50.929045] [info] Itteration 6 complete. Itteration took 174 milliseconds.
[2020-04-13 14:26:51.103859] [info] Itteration 7 complete. Itteration took 174 milliseconds.
[2020-04-13 14:26:51.278183] [info] Itteration 8 complete. Itteration took 174 milliseconds.
[2020-04-13 14:26:51.458033] [info] Itteration 9 complete. Itteration took 179 milliseconds.
[2020-04-13 14:26:51.642364] [info] Itteration 10 complete. Itteration took 184 milliseconds.
[2020-04-13 14:26:51.816586] [info] Itteration 11 complete. Itteration took 174 milliseconds.
[2020-04-13 14:26:51.991486] [info] Itteration 12 complete. Itteration took 174 milliseconds.
[2020-04-13 14:26:52.165747] [info] Itteration 13 complete. Itteration took 174 milliseconds.
[2020-04-13 14:26:52.340281] [info] Itteration 14 complete. Itteration took 174 milliseconds.
[2020-04-13 14:26:52.515306] [info] Itteration 15 complete. Itteration took 174 milliseconds.
[2020-04-13 14:26:52.690046] [info] Itteration 16 complete. Itteration took 174 milliseconds.
[2020-04-13 14:26:52.863750] [info] Itteration 17 complete. Itteration took 173 milliseconds.
[2020-04-13 14:26:53.038125] [info] Itteration 18 complete. Itteration took 174 milliseconds.
[2020-04-13 14:26:53.213606] [info] Itteration 19 complete. Itteration took 175 milliseconds.
[2020-04-13 14:26:53.389730] [info] Itteration 20 complete. Itteration took 176 milliseconds.
[2020-04-13 14:26:53.564830] [info] Itteration 21 complete. Itteration took 175 milliseconds.
[2020-04-13 14:26:53.738950] [info] Itteration 22 complete. Itteration took 174 milliseconds.
[2020-04-13 14:26:53.913225] [info] Itteration 23 complete. Itteration took 174 milliseconds.
[2020-04-13 14:26:54.088711] [info] Itteration 24 complete. Itteration took 175 milliseconds.
[2020-04-13 14:26:54.263618] [info] Itteration 25 complete. Itteration took 174 milliseconds.
[2020-04-13 14:26:54.439075] [info] Itteration 26 complete. Itteration took 175 milliseconds.
[2020-04-13 14:26:54.614434] [info] Itteration 27 complete. Itteration took 175 milliseconds.
[2020-04-13 14:26:54.789289] [info] Itteration 28 complete. Itteration took 174 milliseconds.
[2020-04-13 14:26:54.964254] [info] Itteration 29 complete. Itteration took 174 milliseconds.
[2020-04-13 14:26:55.139196] [info] Itteration 30 complete. Itteration took 174 milliseconds.
[2020-04-13 14:26:55.139232] [info] Simulation took 5266 milliseconds.
[2020-04-13 14:26:55.139263] [info] VSTRAP finished
