[2020-04-13 14:33:58.491630] [info] VSTRAP started
[2020-04-13 14:33:58.519990] [info] Initialize mesh_initializer:
[2020-04-13 14:33:58.531821] [info] Volume mesh <vol_mesh> has been initialized.
[2020-04-13 14:33:58.532370] [info] Mesh initialized without node_data.
[2020-04-13 14:33:58.532393] [info] Mesh initialized without face_data.
[2020-04-13 14:33:58.532406] [info] Mesh initialized without cell_data.
[2020-04-13 14:33:58.540764] [info] Initialize particle_initializer:
[2020-04-13 14:33:58.593466] [info] Particle group <forward_particles> has been initialized with 10000 particles of species "e-" in the domain.
[2020-04-13 14:33:58.598945] [info] Initialize plasma_state:
[2020-04-13 14:33:58.606626] [info] Initialize pusher:
[2020-04-13 14:33:58.612359] [info] Initialize pwi:
[2020-04-13 14:33:58.623142] [info] Initialize dsmc:
[2020-04-13 14:33:58.630654] [info] Initialize bgf:
[2020-04-13 14:33:58.632759] [info] Mesh <vol_mesh> has been loaded.
[2020-04-13 14:33:58.633874] [info] Field <interpolated_control_field> has been loaded.
[2020-04-13 14:33:58.634040] [info] Particle group <forward_particles> has been successfully loaded with fields <interpolated_control_field>
[2020-04-13 14:33:58.634168] [info] Initialization took 142 milliseconds.
[2020-04-13 14:33:58.820474] [info] Itteration 1 complete. Itteration took 186 milliseconds.
[2020-04-13 14:33:58.994877] [info] Itteration 2 complete. Itteration took 174 milliseconds.
[2020-04-13 14:33:59.169585] [info] Itteration 3 complete. Itteration took 174 milliseconds.
[2020-04-13 14:33:59.345721] [info] Itteration 4 complete. Itteration took 176 milliseconds.
[2020-04-13 14:33:59.520542] [info] Itteration 5 complete. Itteration took 174 milliseconds.
[2020-04-13 14:33:59.696676] [info] Itteration 6 complete. Itteration took 176 milliseconds.
[2020-04-13 14:33:59.871220] [info] Itteration 7 complete. Itteration took 174 milliseconds.
[2020-04-13 14:34:00.049049] [info] Itteration 8 complete. Itteration took 177 milliseconds.
[2020-04-13 14:34:00.224186] [info] Itteration 9 complete. Itteration took 175 milliseconds.
[2020-04-13 14:34:00.399955] [info] Itteration 10 complete. Itteration took 175 milliseconds.
[2020-04-13 14:34:00.575663] [info] Itteration 11 complete. Itteration took 175 milliseconds.
[2020-04-13 14:34:00.753021] [info] Itteration 12 complete. Itteration took 177 milliseconds.
[2020-04-13 14:34:00.928652] [info] Itteration 13 complete. Itteration took 175 milliseconds.
[2020-04-13 14:34:01.103589] [info] Itteration 14 complete. Itteration took 174 milliseconds.
[2020-04-13 14:34:01.278735] [info] Itteration 15 complete. Itteration took 175 milliseconds.
[2020-04-13 14:34:01.454946] [info] Itteration 16 complete. Itteration took 176 milliseconds.
[2020-04-13 14:34:01.629716] [info] Itteration 17 complete. Itteration took 174 milliseconds.
[2020-04-13 14:34:01.804249] [info] Itteration 18 complete. Itteration took 174 milliseconds.
[2020-04-13 14:34:01.978727] [info] Itteration 19 complete. Itteration took 174 milliseconds.
[2020-04-13 14:34:02.153655] [info] Itteration 20 complete. Itteration took 174 milliseconds.
[2020-04-13 14:34:02.328403] [info] Itteration 21 complete. Itteration took 174 milliseconds.
[2020-04-13 14:34:02.504739] [info] Itteration 22 complete. Itteration took 176 milliseconds.
[2020-04-13 14:34:02.680103] [info] Itteration 23 complete. Itteration took 175 milliseconds.
[2020-04-13 14:34:02.855510] [info] Itteration 24 complete. Itteration took 175 milliseconds.
[2020-04-13 14:34:03.030082] [info] Itteration 25 complete. Itteration took 174 milliseconds.
[2020-04-13 14:34:03.205410] [info] Itteration 26 complete. Itteration took 175 milliseconds.
[2020-04-13 14:34:03.381410] [info] Itteration 27 complete. Itteration took 175 milliseconds.
[2020-04-13 14:34:03.556752] [info] Itteration 28 complete. Itteration took 175 milliseconds.
[2020-04-13 14:34:03.731841] [info] Itteration 29 complete. Itteration took 175 milliseconds.
[2020-04-13 14:34:03.906929] [info] Itteration 30 complete. Itteration took 175 milliseconds.
[2020-04-13 14:34:03.906967] [info] Simulation took 5272 milliseconds.
[2020-04-13 14:34:03.906997] [info] VSTRAP finished
