[2020-04-13 14:34:10.335448] [info] VSTRAP started
[2020-04-13 14:34:10.361398] [info] Initialize mesh_initializer:
[2020-04-13 14:34:10.375178] [info] Volume mesh <vol_mesh> has been initialized.
[2020-04-13 14:34:10.377313] [info] Mesh initialized without node_data.
[2020-04-13 14:34:10.377934] [info] Mesh initialized without face_data.
[2020-04-13 14:34:10.377968] [info] Mesh initialized without cell_data.
[2020-04-13 14:34:10.386367] [info] Initialize particle_initializer:
[2020-04-13 14:34:10.441550] [info] Particle group <forward_particles> has been initialized with 10000 particles of species "e-" in the domain.
[2020-04-13 14:34:10.445986] [info] Initialize plasma_state:
[2020-04-13 14:34:10.451133] [info] Initialize pusher:
[2020-04-13 14:34:10.456975] [info] Initialize pwi:
[2020-04-13 14:34:10.467793] [info] Initialize dsmc:
[2020-04-13 14:34:10.475739] [info] Initialize bgf:
[2020-04-13 14:34:10.477921] [info] Mesh <vol_mesh> has been loaded.
[2020-04-13 14:34:10.479111] [info] Field <interpolated_control_field> has been loaded.
[2020-04-13 14:34:10.479265] [info] Particle group <forward_particles> has been successfully loaded with fields <interpolated_control_field>
[2020-04-13 14:34:10.479398] [info] Initialization took 143 milliseconds.
[2020-04-13 14:34:10.660045] [info] Itteration 1 complete. Itteration took 180 milliseconds.
[2020-04-13 14:34:10.839282] [info] Itteration 2 complete. Itteration took 179 milliseconds.
[2020-04-13 14:34:11.013659] [info] Itteration 3 complete. Itteration took 174 milliseconds.
[2020-04-13 14:34:11.189972] [info] Itteration 4 complete. Itteration took 176 milliseconds.
[2020-04-13 14:34:11.365715] [info] Itteration 5 complete. Itteration took 175 milliseconds.
[2020-04-13 14:34:11.540664] [info] Itteration 6 complete. Itteration took 174 milliseconds.
[2020-04-13 14:34:11.716008] [info] Itteration 7 complete. Itteration took 175 milliseconds.
[2020-04-13 14:34:11.891680] [info] Itteration 8 complete. Itteration took 175 milliseconds.
[2020-04-13 14:34:12.067240] [info] Itteration 9 complete. Itteration took 175 milliseconds.
[2020-04-13 14:34:12.242667] [info] Itteration 10 complete. Itteration took 175 milliseconds.
[2020-04-13 14:34:12.418827] [info] Itteration 11 complete. Itteration took 176 milliseconds.
[2020-04-13 14:34:12.594713] [info] Itteration 12 complete. Itteration took 175 milliseconds.
[2020-04-13 14:34:12.769783] [info] Itteration 13 complete. Itteration took 175 milliseconds.
[2020-04-13 14:34:12.947470] [info] Itteration 14 complete. Itteration took 177 milliseconds.
[2020-04-13 14:34:13.123559] [info] Itteration 15 complete. Itteration took 176 milliseconds.
[2020-04-13 14:34:13.299898] [info] Itteration 16 complete. Itteration took 176 milliseconds.
[2020-04-13 14:34:13.475763] [info] Itteration 17 complete. Itteration took 175 milliseconds.
[2020-04-13 14:34:13.652244] [info] Itteration 18 complete. Itteration took 176 milliseconds.
[2020-04-13 14:34:13.827503] [info] Itteration 19 complete. Itteration took 175 milliseconds.
[2020-04-13 14:34:14.002902] [info] Itteration 20 complete. Itteration took 175 milliseconds.
[2020-04-13 14:34:14.178748] [info] Itteration 21 complete. Itteration took 175 milliseconds.
[2020-04-13 14:34:14.354603] [info] Itteration 22 complete. Itteration took 175 milliseconds.
[2020-04-13 14:34:14.531209] [info] Itteration 23 complete. Itteration took 176 milliseconds.
[2020-04-13 14:34:14.707115] [info] Itteration 24 complete. Itteration took 175 milliseconds.
[2020-04-13 14:34:14.884986] [info] Itteration 25 complete. Itteration took 177 milliseconds.
[2020-04-13 14:34:15.060605] [info] Itteration 26 complete. Itteration took 175 milliseconds.
[2020-04-13 14:34:15.237428] [info] Itteration 27 complete. Itteration took 176 milliseconds.
[2020-04-13 14:34:15.414315] [info] Itteration 28 complete. Itteration took 176 milliseconds.
[2020-04-13 14:34:15.590917] [info] Itteration 29 complete. Itteration took 176 milliseconds.
[2020-04-13 14:34:15.767019] [info] Itteration 30 complete. Itteration took 176 milliseconds.
[2020-04-13 14:34:15.767057] [info] Simulation took 5287 milliseconds.
[2020-04-13 14:34:15.767088] [info] VSTRAP finished
