[2020-04-13 14:10:52.455447] [info] VSTRAP started
[2020-04-13 14:10:52.482495] [info] Initialize mesh_initializer:
[2020-04-13 14:10:52.494637] [info] Volume mesh <vol_mesh> has been initialized.
[2020-04-13 14:10:52.495588] [info] Mesh initialized without node_data.
[2020-04-13 14:10:52.495619] [info] Mesh initialized without face_data.
[2020-04-13 14:10:52.495633] [info] Mesh initialized without cell_data.
[2020-04-13 14:10:52.503411] [info] Initialize particle_initializer:
[2020-04-13 14:10:52.558693] [info] Particle group <forward_particles> has been initialized with 10000 particles of species "e-" in the domain.
[2020-04-13 14:10:52.564679] [info] Initialize plasma_state:
[2020-04-13 14:10:52.570448] [info] Initialize pusher:
[2020-04-13 14:10:52.575808] [info] Initialize pwi:
[2020-04-13 14:10:52.587355] [info] Initialize dsmc:
[2020-04-13 14:10:52.595103] [info] Initialize bgf:
[2020-04-13 14:10:52.597721] [info] Mesh <vol_mesh> has been loaded.
[2020-04-13 14:10:52.598952] [info] Field <interpolated_control_field> has been loaded.
[2020-04-13 14:10:52.599195] [info] Particle group <forward_particles> has been successfully loaded with fields <interpolated_control_field>
[2020-04-13 14:10:52.599359] [info] Initialization took 143 milliseconds.
[2020-04-13 14:10:52.782325] [info] Itteration 1 complete. Itteration took 182 milliseconds.
[2020-04-13 14:10:52.956484] [info] Itteration 2 complete. Itteration took 174 milliseconds.
[2020-04-13 14:10:53.131448] [info] Itteration 3 complete. Itteration took 174 milliseconds.
[2020-04-13 14:10:53.306119] [info] Itteration 4 complete. Itteration took 174 milliseconds.
[2020-04-13 14:10:53.481029] [info] Itteration 5 complete. Itteration took 174 milliseconds.
[2020-04-13 14:10:53.656260] [info] Itteration 6 complete. Itteration took 175 milliseconds.
[2020-04-13 14:10:53.831163] [info] Itteration 7 complete. Itteration took 174 milliseconds.
[2020-04-13 14:10:54.006705] [info] Itteration 8 complete. Itteration took 175 milliseconds.
[2020-04-13 14:10:54.182767] [info] Itteration 9 complete. Itteration took 176 milliseconds.
[2020-04-13 14:10:54.357807] [info] Itteration 10 complete. Itteration took 174 milliseconds.
[2020-04-13 14:10:54.532903] [info] Itteration 11 complete. Itteration took 175 milliseconds.
[2020-04-13 14:10:54.709622] [info] Itteration 12 complete. Itteration took 176 milliseconds.
[2020-04-13 14:10:54.885543] [info] Itteration 13 complete. Itteration took 175 milliseconds.
[2020-04-13 14:10:55.059635] [info] Itteration 14 complete. Itteration took 174 milliseconds.
[2020-04-13 14:10:55.235669] [info] Itteration 15 complete. Itteration took 175 milliseconds.
[2020-04-13 14:10:55.410617] [info] Itteration 16 complete. Itteration took 174 milliseconds.
[2020-04-13 14:10:55.586423] [info] Itteration 17 complete. Itteration took 175 milliseconds.
[2020-04-13 14:10:55.762988] [info] Itteration 18 complete. Itteration took 176 milliseconds.
[2020-04-13 14:10:55.940046] [info] Itteration 19 complete. Itteration took 177 milliseconds.
[2020-04-13 14:10:56.114631] [info] Itteration 20 complete. Itteration took 174 milliseconds.
[2020-04-13 14:10:56.288885] [info] Itteration 21 complete. Itteration took 174 milliseconds.
[2020-04-13 14:10:56.464120] [info] Itteration 22 complete. Itteration took 175 milliseconds.
[2020-04-13 14:10:56.638600] [info] Itteration 23 complete. Itteration took 174 milliseconds.
[2020-04-13 14:10:56.812830] [info] Itteration 24 complete. Itteration took 174 milliseconds.
[2020-04-13 14:10:56.987217] [info] Itteration 25 complete. Itteration took 174 milliseconds.
[2020-04-13 14:10:57.163878] [info] Itteration 26 complete. Itteration took 176 milliseconds.
[2020-04-13 14:10:57.341417] [info] Itteration 27 complete. Itteration took 177 milliseconds.
[2020-04-13 14:10:57.519708] [info] Itteration 28 complete. Itteration took 178 milliseconds.
[2020-04-13 14:10:57.693903] [info] Itteration 29 complete. Itteration took 174 milliseconds.
[2020-04-13 14:10:57.871941] [info] Itteration 30 complete. Itteration took 177 milliseconds.
[2020-04-13 14:10:57.871980] [info] Simulation took 5272 milliseconds.
[2020-04-13 14:10:57.872005] [info] VSTRAP finished
