[2020-04-13 14:08:50.428400] [info] VSTRAP started
[2020-04-13 14:08:50.454745] [info] Initialize mesh_initializer:
[2020-04-13 14:08:50.468531] [info] Volume mesh <vol_mesh> has been initialized.
[2020-04-13 14:08:50.469144] [info] Mesh initialized without node_data.
[2020-04-13 14:08:50.469168] [info] Mesh initialized without face_data.
[2020-04-13 14:08:50.469179] [info] Mesh initialized without cell_data.
[2020-04-13 14:08:50.474874] [info] Initialize particle_initializer:
[2020-04-13 14:08:50.527035] [info] Particle group <forward_particles> has been initialized with 10000 particles of species "e-" in the domain.
[2020-04-13 14:08:50.532686] [info] Initialize plasma_state:
[2020-04-13 14:08:50.541310] [info] Initialize pusher:
[2020-04-13 14:08:50.547266] [info] Initialize pwi:
[2020-04-13 14:08:50.559235] [info] Initialize dsmc:
[2020-04-13 14:08:50.566752] [info] Initialize bgf:
[2020-04-13 14:08:50.568817] [info] Mesh <vol_mesh> has been loaded.
[2020-04-13 14:08:50.569802] [info] Field <interpolated_control_field> has been loaded.
[2020-04-13 14:08:50.569962] [info] Particle group <forward_particles> has been successfully loaded with fields <interpolated_control_field>
[2020-04-13 14:08:50.570066] [info] Initialization took 139 milliseconds.
[2020-04-13 14:08:50.749852] [info] Itteration 1 complete. Itteration took 179 milliseconds.
[2020-04-13 14:08:50.926159] [info] Itteration 2 complete. Itteration took 176 milliseconds.
[2020-04-13 14:08:51.102060] [info] Itteration 3 complete. Itteration took 175 milliseconds.
[2020-04-13 14:08:51.276845] [info] Itteration 4 complete. Itteration took 174 milliseconds.
[2020-04-13 14:08:51.452809] [info] Itteration 5 complete. Itteration took 175 milliseconds.
[2020-04-13 14:08:51.626495] [info] Itteration 6 complete. Itteration took 173 milliseconds.
[2020-04-13 14:08:51.801210] [info] Itteration 7 complete. Itteration took 174 milliseconds.
[2020-04-13 14:08:51.975532] [info] Itteration 8 complete. Itteration took 174 milliseconds.
[2020-04-13 14:08:52.150449] [info] Itteration 9 complete. Itteration took 174 milliseconds.
[2020-04-13 14:08:52.324492] [info] Itteration 10 complete. Itteration took 173 milliseconds.
[2020-04-13 14:08:52.499000] [info] Itteration 11 complete. Itteration took 174 milliseconds.
[2020-04-13 14:08:52.674097] [info] Itteration 12 complete. Itteration took 175 milliseconds.
[2020-04-13 14:08:52.850170] [info] Itteration 13 complete. Itteration took 176 milliseconds.
[2020-04-13 14:08:53.024347] [info] Itteration 14 complete. Itteration took 174 milliseconds.
[2020-04-13 14:08:53.198359] [info] Itteration 15 complete. Itteration took 173 milliseconds.
[2020-04-13 14:08:53.373156] [info] Itteration 16 complete. Itteration took 174 milliseconds.
[2020-04-13 14:08:53.547898] [info] Itteration 17 complete. Itteration took 174 milliseconds.
[2020-04-13 14:08:53.722155] [info] Itteration 18 complete. Itteration took 174 milliseconds.
[2020-04-13 14:08:53.897088] [info] Itteration 19 complete. Itteration took 174 milliseconds.
[2020-04-13 14:08:54.070899] [info] Itteration 20 complete. Itteration took 173 milliseconds.
[2020-04-13 14:08:54.245519] [info] Itteration 21 complete. Itteration took 174 milliseconds.
[2020-04-13 14:08:54.423377] [info] Itteration 22 complete. Itteration took 177 milliseconds.
[2020-04-13 14:08:54.597744] [info] Itteration 23 complete. Itteration took 174 milliseconds.
[2020-04-13 14:08:54.773333] [info] Itteration 24 complete. Itteration took 175 milliseconds.
[2020-04-13 14:08:54.947762] [info] Itteration 25 complete. Itteration took 174 milliseconds.
[2020-04-13 14:08:55.122167] [info] Itteration 26 complete. Itteration took 174 milliseconds.
[2020-04-13 14:08:55.297595] [info] Itteration 27 complete. Itteration took 175 milliseconds.
[2020-04-13 14:08:55.471986] [info] Itteration 28 complete. Itteration took 174 milliseconds.
[2020-04-13 14:08:55.647282] [info] Itteration 29 complete. Itteration took 175 milliseconds.
[2020-04-13 14:08:55.823265] [info] Itteration 30 complete. Itteration took 175 milliseconds.
[2020-04-13 14:08:55.823306] [info] Simulation took 5253 milliseconds.
[2020-04-13 14:08:55.823323] [info] VSTRAP finished
