[2020-04-13 14:31:36.112364] [info] VSTRAP started
[2020-04-13 14:31:36.137153] [info] Initialize mesh_initializer:
[2020-04-13 14:31:36.150085] [info] Volume mesh <vol_mesh> has been initialized.
[2020-04-13 14:31:36.152216] [info] Mesh initialized without node_data.
[2020-04-13 14:31:36.152815] [info] Mesh initialized without face_data.
[2020-04-13 14:31:36.152841] [info] Mesh initialized without cell_data.
[2020-04-13 14:31:36.156821] [info] Initialize particle_initializer:
[2020-04-13 14:31:36.217053] [info] Particle group <forward_particles> has been initialized with 10000 particles of species "e-" in the domain.
[2020-04-13 14:31:36.223122] [info] Initialize plasma_state:
[2020-04-13 14:31:36.229062] [info] Initialize pusher:
[2020-04-13 14:31:36.234709] [info] Initialize pwi:
[2020-04-13 14:31:36.246132] [info] Initialize dsmc:
[2020-04-13 14:31:36.253698] [info] Initialize bgf:
[2020-04-13 14:31:36.256371] [info] Mesh <vol_mesh> has been loaded.
[2020-04-13 14:31:36.257821] [info] Field <interpolated_control_field> has been loaded.
[2020-04-13 14:31:36.258051] [info] Particle group <forward_particles> has been successfully loaded with fields <interpolated_control_field>
[2020-04-13 14:31:36.258220] [info] Initialization took 145 milliseconds.
[2020-04-13 14:31:36.440596] [info] Itteration 1 complete. Itteration took 182 milliseconds.
[2020-04-13 14:31:36.616183] [info] Itteration 2 complete. Itteration took 175 milliseconds.
[2020-04-13 14:31:36.791423] [info] Itteration 3 complete. Itteration took 175 milliseconds.
[2020-04-13 14:31:36.966539] [info] Itteration 4 complete. Itteration took 175 milliseconds.
[2020-04-13 14:31:37.141221] [info] Itteration 5 complete. Itteration took 174 milliseconds.
[2020-04-13 14:31:37.318688] [info] Itteration 6 complete. Itteration took 177 milliseconds.
[2020-04-13 14:31:37.493852] [info] Itteration 7 complete. Itteration took 175 milliseconds.
[2020-04-13 14:31:37.673201] [info] Itteration 8 complete. Itteration took 179 milliseconds.
[2020-04-13 14:31:37.848806] [info] Itteration 9 complete. Itteration took 175 milliseconds.
[2020-04-13 14:31:38.024835] [info] Itteration 10 complete. Itteration took 175 milliseconds.
[2020-04-13 14:31:38.200713] [info] Itteration 11 complete. Itteration took 175 milliseconds.
[2020-04-13 14:31:38.376927] [info] Itteration 12 complete. Itteration took 176 milliseconds.
[2020-04-13 14:31:38.553021] [info] Itteration 13 complete. Itteration took 176 milliseconds.
[2020-04-13 14:31:38.729956] [info] Itteration 14 complete. Itteration took 176 milliseconds.
[2020-04-13 14:31:38.906168] [info] Itteration 15 complete. Itteration took 176 milliseconds.
[2020-04-13 14:31:39.082112] [info] Itteration 16 complete. Itteration took 175 milliseconds.
[2020-04-13 14:31:39.258372] [info] Itteration 17 complete. Itteration took 176 milliseconds.
[2020-04-13 14:31:39.434071] [info] Itteration 18 complete. Itteration took 175 milliseconds.
[2020-04-13 14:31:39.612361] [info] Itteration 19 complete. Itteration took 178 milliseconds.
[2020-04-13 14:31:39.788550] [info] Itteration 20 complete. Itteration took 176 milliseconds.
[2020-04-13 14:31:39.965671] [info] Itteration 21 complete. Itteration took 177 milliseconds.
[2020-04-13 14:31:40.141639] [info] Itteration 22 complete. Itteration took 175 milliseconds.
[2020-04-13 14:31:40.318260] [info] Itteration 23 complete. Itteration took 176 milliseconds.
[2020-04-13 14:31:40.494729] [info] Itteration 24 complete. Itteration took 176 milliseconds.
[2020-04-13 14:31:40.671196] [info] Itteration 25 complete. Itteration took 176 milliseconds.
[2020-04-13 14:31:40.846839] [info] Itteration 26 complete. Itteration took 175 milliseconds.
[2020-04-13 14:31:41.022880] [info] Itteration 27 complete. Itteration took 175 milliseconds.
[2020-04-13 14:31:41.200954] [info] Itteration 28 complete. Itteration took 178 milliseconds.
[2020-04-13 14:31:41.376824] [info] Itteration 29 complete. Itteration took 175 milliseconds.
[2020-04-13 14:31:41.552532] [info] Itteration 30 complete. Itteration took 175 milliseconds.
[2020-04-13 14:31:41.552570] [info] Simulation took 5294 milliseconds.
[2020-04-13 14:31:41.552601] [info] VSTRAP finished
