[2020-04-13 14:15:14.807142] [info] VSTRAP started
[2020-04-13 14:15:14.837874] [info] Initialize mesh_initializer:
[2020-04-13 14:15:14.850947] [info] Volume mesh <vol_mesh> has been initialized.
[2020-04-13 14:15:14.851595] [info] Mesh initialized without node_data.
[2020-04-13 14:15:14.851621] [info] Mesh initialized without face_data.
[2020-04-13 14:15:14.851634] [info] Mesh initialized without cell_data.
[2020-04-13 14:15:14.857056] [info] Initialize particle_initializer:
[2020-04-13 14:15:14.925220] [info] Particle group <forward_particles> has been initialized with 10000 particles of species "e-" in the domain.
[2020-04-13 14:15:14.928519] [info] Initialize plasma_state:
[2020-04-13 14:15:14.933656] [info] Initialize pusher:
[2020-04-13 14:15:14.938998] [info] Initialize pwi:
[2020-04-13 14:15:14.950461] [info] Initialize dsmc:
[2020-04-13 14:15:14.957895] [info] Initialize bgf:
[2020-04-13 14:15:14.959838] [info] Mesh <vol_mesh> has been loaded.
[2020-04-13 14:15:14.960822] [info] Field <interpolated_control_field> has been loaded.
[2020-04-13 14:15:14.960967] [info] Particle group <forward_particles> has been successfully loaded with fields <interpolated_control_field>
[2020-04-13 14:15:14.961095] [info] Initialization took 153 milliseconds.
[2020-04-13 14:15:15.144248] [info] Itteration 1 complete. Itteration took 182 milliseconds.
[2020-04-13 14:15:15.320973] [info] Itteration 2 complete. Itteration took 176 milliseconds.
[2020-04-13 14:15:15.497583] [info] Itteration 3 complete. Itteration took 176 milliseconds.
[2020-04-13 14:15:15.675060] [info] Itteration 4 complete. Itteration took 177 milliseconds.
[2020-04-13 14:15:15.852374] [info] Itteration 5 complete. Itteration took 177 milliseconds.
[2020-04-13 14:15:16.027441] [info] Itteration 6 complete. Itteration took 175 milliseconds.
[2020-04-13 14:15:16.202592] [info] Itteration 7 complete. Itteration took 175 milliseconds.
[2020-04-13 14:15:16.378019] [info] Itteration 8 complete. Itteration took 175 milliseconds.
[2020-04-13 14:15:16.556473] [info] Itteration 9 complete. Itteration took 178 milliseconds.
[2020-04-13 14:15:16.731899] [info] Itteration 10 complete. Itteration took 175 milliseconds.
[2020-04-13 14:15:16.913856] [info] Itteration 11 complete. Itteration took 181 milliseconds.
[2020-04-13 14:15:17.088641] [info] Itteration 12 complete. Itteration took 174 milliseconds.
[2020-04-13 14:15:17.263617] [info] Itteration 13 complete. Itteration took 174 milliseconds.
[2020-04-13 14:15:17.441138] [info] Itteration 14 complete. Itteration took 177 milliseconds.
[2020-04-13 14:15:17.615965] [info] Itteration 15 complete. Itteration took 174 milliseconds.
[2020-04-13 14:15:17.792397] [info] Itteration 16 complete. Itteration took 176 milliseconds.
[2020-04-13 14:15:17.966654] [info] Itteration 17 complete. Itteration took 174 milliseconds.
[2020-04-13 14:15:18.142162] [info] Itteration 18 complete. Itteration took 175 milliseconds.
[2020-04-13 14:15:18.317416] [info] Itteration 19 complete. Itteration took 175 milliseconds.
[2020-04-13 14:15:18.492572] [info] Itteration 20 complete. Itteration took 175 milliseconds.
[2020-04-13 14:15:18.668206] [info] Itteration 21 complete. Itteration took 175 milliseconds.
[2020-04-13 14:15:18.842742] [info] Itteration 22 complete. Itteration took 174 milliseconds.
[2020-04-13 14:15:19.017537] [info] Itteration 23 complete. Itteration took 174 milliseconds.
[2020-04-13 14:15:19.192606] [info] Itteration 24 complete. Itteration took 175 milliseconds.
[2020-04-13 14:15:19.367785] [info] Itteration 25 complete. Itteration took 175 milliseconds.
[2020-04-13 14:15:19.542568] [info] Itteration 26 complete. Itteration took 174 milliseconds.
[2020-04-13 14:15:19.717524] [info] Itteration 27 complete. Itteration took 174 milliseconds.
[2020-04-13 14:15:19.893957] [info] Itteration 28 complete. Itteration took 176 milliseconds.
[2020-04-13 14:15:20.068264] [info] Itteration 29 complete. Itteration took 174 milliseconds.
[2020-04-13 14:15:20.242701] [info] Itteration 30 complete. Itteration took 174 milliseconds.
[2020-04-13 14:15:20.242736] [info] Simulation took 5281 milliseconds.
[2020-04-13 14:15:20.242766] [info] VSTRAP finished
