[2020-04-13 14:21:22.479380] [info] VSTRAP started
[2020-04-13 14:21:22.505192] [info] Initialize mesh_initializer:
[2020-04-13 14:21:22.518218] [info] Volume mesh <vol_mesh> has been initialized.
[2020-04-13 14:21:22.519234] [info] Mesh initialized without node_data.
[2020-04-13 14:21:22.519933] [info] Mesh initialized without face_data.
[2020-04-13 14:21:22.520556] [info] Mesh initialized without cell_data.
[2020-04-13 14:21:22.525623] [info] Initialize particle_initializer:
[2020-04-13 14:21:22.591764] [info] Particle group <forward_particles> has been initialized with 10000 particles of species "e-" in the domain.
[2020-04-13 14:21:22.594376] [info] Initialize plasma_state:
[2020-04-13 14:21:22.599728] [info] Initialize pusher:
[2020-04-13 14:21:22.605048] [info] Initialize pwi:
[2020-04-13 14:21:22.618790] [info] Initialize dsmc:
[2020-04-13 14:21:22.626414] [info] Initialize bgf:
[2020-04-13 14:21:22.628172] [info] Mesh <vol_mesh> has been loaded.
[2020-04-13 14:21:22.629251] [info] Field <interpolated_control_field> has been loaded.
[2020-04-13 14:21:22.629434] [info] Particle group <forward_particles> has been successfully loaded with fields <interpolated_control_field>
[2020-04-13 14:21:22.629586] [info] Initialization took 149 milliseconds.
[2020-04-13 14:21:22.820832] [info] Itteration 1 complete. Itteration took 190 milliseconds.
[2020-04-13 14:21:23.001925] [info] Itteration 2 complete. Itteration took 181 milliseconds.
[2020-04-13 14:21:23.183804] [info] Itteration 3 complete. Itteration took 181 milliseconds.
[2020-04-13 14:21:23.381803] [info] Itteration 4 complete. Itteration took 197 milliseconds.
[2020-04-13 14:21:23.558520] [info] Itteration 5 complete. Itteration took 176 milliseconds.
[2020-04-13 14:21:23.748146] [info] Itteration 6 complete. Itteration took 189 milliseconds.
[2020-04-13 14:21:23.963849] [info] Itteration 7 complete. Itteration took 215 milliseconds.
[2020-04-13 14:21:24.155026] [info] Itteration 8 complete. Itteration took 191 milliseconds.
[2020-04-13 14:21:24.339544] [info] Itteration 9 complete. Itteration took 184 milliseconds.
[2020-04-13 14:21:24.536490] [info] Itteration 10 complete. Itteration took 196 milliseconds.
[2020-04-13 14:21:24.718515] [info] Itteration 11 complete. Itteration took 181 milliseconds.
[2020-04-13 14:21:24.900681] [info] Itteration 12 complete. Itteration took 182 milliseconds.
[2020-04-13 14:21:25.084029] [info] Itteration 13 complete. Itteration took 183 milliseconds.
[2020-04-13 14:21:25.266642] [info] Itteration 14 complete. Itteration took 182 milliseconds.
[2020-04-13 14:21:25.470347] [info] Itteration 15 complete. Itteration took 203 milliseconds.
[2020-04-13 14:21:25.653921] [info] Itteration 16 complete. Itteration took 183 milliseconds.
[2020-04-13 14:21:25.835517] [info] Itteration 17 complete. Itteration took 181 milliseconds.
[2020-04-13 14:21:26.051776] [info] Itteration 18 complete. Itteration took 216 milliseconds.
[2020-04-13 14:21:26.249113] [info] Itteration 19 complete. Itteration took 197 milliseconds.
[2020-04-13 14:21:26.429850] [info] Itteration 20 complete. Itteration took 180 milliseconds.
[2020-04-13 14:21:26.623334] [info] Itteration 21 complete. Itteration took 193 milliseconds.
[2020-04-13 14:21:26.836126] [info] Itteration 22 complete. Itteration took 212 milliseconds.
[2020-04-13 14:21:27.025932] [info] Itteration 23 complete. Itteration took 189 milliseconds.
[2020-04-13 14:21:27.209239] [info] Itteration 24 complete. Itteration took 183 milliseconds.
[2020-04-13 14:21:27.417901] [info] Itteration 25 complete. Itteration took 208 milliseconds.
[2020-04-13 14:21:27.593569] [info] Itteration 26 complete. Itteration took 175 milliseconds.
[2020-04-13 14:21:27.786297] [info] Itteration 27 complete. Itteration took 192 milliseconds.
[2020-04-13 14:21:27.961982] [info] Itteration 28 complete. Itteration took 175 milliseconds.
[2020-04-13 14:21:28.156663] [info] Itteration 29 complete. Itteration took 194 milliseconds.
[2020-04-13 14:21:28.342240] [info] Itteration 30 complete. Itteration took 185 milliseconds.
[2020-04-13 14:21:28.342278] [info] Simulation took 5712 milliseconds.
[2020-04-13 14:21:28.342311] [info] VSTRAP finished
