[2020-04-13 14:10:07.911232] [info] VSTRAP started
[2020-04-13 14:10:07.942523] [info] Initialize mesh_initializer:
[2020-04-13 14:10:07.953667] [info] Volume mesh <vol_mesh> has been initialized.
[2020-04-13 14:10:07.953764] [info] Mesh initialized without node_data.
[2020-04-13 14:10:07.953782] [info] Mesh initialized without face_data.
[2020-04-13 14:10:07.953795] [info] Mesh initialized without cell_data.
[2020-04-13 14:10:07.960955] [info] Initialize particle_initializer:
[2020-04-13 14:10:08.024570] [info] Particle group <forward_particles> has been initialized with 10000 particles of species "e-" in the domain.
[2020-04-13 14:10:08.027896] [info] Initialize plasma_state:
[2020-04-13 14:10:08.033223] [info] Initialize pusher:
[2020-04-13 14:10:08.039957] [info] Initialize pwi:
[2020-04-13 14:10:08.051468] [info] Initialize dsmc:
[2020-04-13 14:10:08.059666] [info] Initialize bgf:
[2020-04-13 14:10:08.061560] [info] Mesh <vol_mesh> has been loaded.
[2020-04-13 14:10:08.062471] [info] Field <interpolated_control_field> has been loaded.
[2020-04-13 14:10:08.062633] [info] Particle group <forward_particles> has been successfully loaded with fields <interpolated_control_field>
[2020-04-13 14:10:08.062765] [info] Initialization took 150 milliseconds.
[2020-04-13 14:10:08.247672] [info] Itteration 1 complete. Itteration took 184 milliseconds.
[2020-04-13 14:10:08.425699] [info] Itteration 2 complete. Itteration took 177 milliseconds.
[2020-04-13 14:10:08.601324] [info] Itteration 3 complete. Itteration took 175 milliseconds.
[2020-04-13 14:10:08.783718] [info] Itteration 4 complete. Itteration took 182 milliseconds.
[2020-04-13 14:10:08.972624] [info] Itteration 5 complete. Itteration took 188 milliseconds.
[2020-04-13 14:10:09.153739] [info] Itteration 6 complete. Itteration took 181 milliseconds.
[2020-04-13 14:10:09.347172] [info] Itteration 7 complete. Itteration took 193 milliseconds.
[2020-04-13 14:10:09.546981] [info] Itteration 8 complete. Itteration took 199 milliseconds.
[2020-04-13 14:10:09.735904] [info] Itteration 9 complete. Itteration took 188 milliseconds.
[2020-04-13 14:10:09.925002] [info] Itteration 10 complete. Itteration took 189 milliseconds.
[2020-04-13 14:10:10.113038] [info] Itteration 11 complete. Itteration took 187 milliseconds.
[2020-04-13 14:10:10.301770] [info] Itteration 12 complete. Itteration took 188 milliseconds.
[2020-04-13 14:10:10.478567] [info] Itteration 13 complete. Itteration took 176 milliseconds.
[2020-04-13 14:10:10.656071] [info] Itteration 14 complete. Itteration took 177 milliseconds.
[2020-04-13 14:10:10.854981] [info] Itteration 15 complete. Itteration took 198 milliseconds.
[2020-04-13 14:10:11.045743] [info] Itteration 16 complete. Itteration took 190 milliseconds.
[2020-04-13 14:10:11.241340] [info] Itteration 17 complete. Itteration took 195 milliseconds.
[2020-04-13 14:10:11.424839] [info] Itteration 18 complete. Itteration took 183 milliseconds.
[2020-04-13 14:10:11.607651] [info] Itteration 19 complete. Itteration took 182 milliseconds.
[2020-04-13 14:10:11.787525] [info] Itteration 20 complete. Itteration took 179 milliseconds.
[2020-04-13 14:10:11.970664] [info] Itteration 21 complete. Itteration took 183 milliseconds.
[2020-04-13 14:10:12.162892] [info] Itteration 22 complete. Itteration took 192 milliseconds.
[2020-04-13 14:10:12.389495] [info] Itteration 23 complete. Itteration took 226 milliseconds.
[2020-04-13 14:10:12.592087] [info] Itteration 24 complete. Itteration took 202 milliseconds.
[2020-04-13 14:10:12.802220] [info] Itteration 25 complete. Itteration took 210 milliseconds.
[2020-04-13 14:10:12.988080] [info] Itteration 26 complete. Itteration took 185 milliseconds.
[2020-04-13 14:10:13.185360] [info] Itteration 27 complete. Itteration took 197 milliseconds.
[2020-04-13 14:10:13.379807] [info] Itteration 28 complete. Itteration took 194 milliseconds.
[2020-04-13 14:10:13.571262] [info] Itteration 29 complete. Itteration took 191 milliseconds.
[2020-04-13 14:10:13.767576] [info] Itteration 30 complete. Itteration took 195 milliseconds.
[2020-04-13 14:10:13.767626] [info] Simulation took 5704 milliseconds.
[2020-04-13 14:10:13.767643] [info] VSTRAP finished
