[2020-04-13 14:12:02.422433] [info] VSTRAP started
[2020-04-13 14:12:02.447875] [info] Initialize mesh_initializer:
[2020-04-13 14:12:02.459057] [info] Volume mesh <vol_mesh> has been initialized.
[2020-04-13 14:12:02.459127] [info] Mesh initialized without node_data.
[2020-04-13 14:12:02.459143] [info] Mesh initialized without face_data.
[2020-04-13 14:12:02.459154] [info] Mesh initialized without cell_data.
[2020-04-13 14:12:02.466028] [info] Initialize particle_initializer:
[2020-04-13 14:12:02.520823] [info] Particle group <forward_particles> has been initialized with 10000 particles of species "e-" in the domain.
[2020-04-13 14:12:02.525587] [info] Initialize plasma_state:
[2020-04-13 14:12:02.534144] [info] Initialize pusher:
[2020-04-13 14:12:02.539665] [info] Initialize pwi:
[2020-04-13 14:12:02.551061] [info] Initialize dsmc:
[2020-04-13 14:12:02.558742] [info] Initialize bgf:
[2020-04-13 14:12:02.561519] [info] Mesh <vol_mesh> has been loaded.
[2020-04-13 14:12:02.562507] [info] Field <interpolated_control_field> has been loaded.
[2020-04-13 14:12:02.562652] [info] Particle group <forward_particles> has been successfully loaded with fields <interpolated_control_field>
[2020-04-13 14:12:02.562771] [info] Initialization took 140 milliseconds.
[2020-04-13 14:12:02.747569] [info] Itteration 1 complete. Itteration took 184 milliseconds.
[2020-04-13 14:12:02.923387] [info] Itteration 2 complete. Itteration took 175 milliseconds.
[2020-04-13 14:12:03.099604] [info] Itteration 3 complete. Itteration took 176 milliseconds.
[2020-04-13 14:12:03.275194] [info] Itteration 4 complete. Itteration took 175 milliseconds.
[2020-04-13 14:12:03.450580] [info] Itteration 5 complete. Itteration took 175 milliseconds.
[2020-04-13 14:12:03.625141] [info] Itteration 6 complete. Itteration took 174 milliseconds.
[2020-04-13 14:12:03.800446] [info] Itteration 7 complete. Itteration took 175 milliseconds.
[2020-04-13 14:12:03.975403] [info] Itteration 8 complete. Itteration took 174 milliseconds.
[2020-04-13 14:12:04.150888] [info] Itteration 9 complete. Itteration took 175 milliseconds.
[2020-04-13 14:12:04.328018] [info] Itteration 10 complete. Itteration took 177 milliseconds.
[2020-04-13 14:12:04.503883] [info] Itteration 11 complete. Itteration took 175 milliseconds.
[2020-04-13 14:12:04.678892] [info] Itteration 12 complete. Itteration took 174 milliseconds.
[2020-04-13 14:12:04.855517] [info] Itteration 13 complete. Itteration took 176 milliseconds.
[2020-04-13 14:12:05.030001] [info] Itteration 14 complete. Itteration took 174 milliseconds.
[2020-04-13 14:12:05.207403] [info] Itteration 15 complete. Itteration took 177 milliseconds.
[2020-04-13 14:12:05.382983] [info] Itteration 16 complete. Itteration took 175 milliseconds.
[2020-04-13 14:12:05.557059] [info] Itteration 17 complete. Itteration took 174 milliseconds.
[2020-04-13 14:12:05.731794] [info] Itteration 18 complete. Itteration took 174 milliseconds.
[2020-04-13 14:12:05.906570] [info] Itteration 19 complete. Itteration took 174 milliseconds.
[2020-04-13 14:12:06.081933] [info] Itteration 20 complete. Itteration took 175 milliseconds.
[2020-04-13 14:12:06.257041] [info] Itteration 21 complete. Itteration took 175 milliseconds.
[2020-04-13 14:12:06.432278] [info] Itteration 22 complete. Itteration took 175 milliseconds.
[2020-04-13 14:12:06.606907] [info] Itteration 23 complete. Itteration took 174 milliseconds.
[2020-04-13 14:12:06.781644] [info] Itteration 24 complete. Itteration took 174 milliseconds.
[2020-04-13 14:12:06.956054] [info] Itteration 25 complete. Itteration took 174 milliseconds.
[2020-04-13 14:12:07.132034] [info] Itteration 26 complete. Itteration took 175 milliseconds.
[2020-04-13 14:12:07.309576] [info] Itteration 27 complete. Itteration took 177 milliseconds.
[2020-04-13 14:12:07.484887] [info] Itteration 28 complete. Itteration took 175 milliseconds.
[2020-04-13 14:12:07.659602] [info] Itteration 29 complete. Itteration took 174 milliseconds.
[2020-04-13 14:12:07.834275] [info] Itteration 30 complete. Itteration took 174 milliseconds.
[2020-04-13 14:12:07.834314] [info] Simulation took 5271 milliseconds.
[2020-04-13 14:12:07.834330] [info] VSTRAP finished
