[2020-04-13 14:07:54.238056] [info] VSTRAP started
[2020-04-13 14:07:54.263441] [info] Initialize mesh_initializer:
[2020-04-13 14:07:54.277287] [info] Volume mesh <vol_mesh> has been initialized.
[2020-04-13 14:07:54.279298] [info] Mesh initialized without node_data.
[2020-04-13 14:07:54.280240] [info] Mesh initialized without face_data.
[2020-04-13 14:07:54.281056] [info] Mesh initialized without cell_data.
[2020-04-13 14:07:54.285365] [info] Initialize particle_initializer:
[2020-04-13 14:07:54.347992] [info] Particle group <forward_particles> has been initialized with 10000 particles of species "e-" in the domain.
[2020-04-13 14:07:54.350832] [info] Initialize plasma_state:
[2020-04-13 14:07:54.357074] [info] Initialize pusher:
[2020-04-13 14:07:54.362297] [info] Initialize pwi:
[2020-04-13 14:07:54.374048] [info] Initialize dsmc:
[2020-04-13 14:07:54.381253] [info] Initialize bgf:
[2020-04-13 14:07:54.383031] [info] Mesh <vol_mesh> has been loaded.
[2020-04-13 14:07:54.383912] [info] Field <interpolated_control_field> has been loaded.
[2020-04-13 14:07:54.384108] [info] Particle group <forward_particles> has been successfully loaded with fields <interpolated_control_field>
[2020-04-13 14:07:54.384218] [info] Initialization took 145 milliseconds.
[2020-04-13 14:07:54.573649] [info] Itteration 1 complete. Itteration took 189 milliseconds.
[2020-04-13 14:07:54.748663] [info] Itteration 2 complete. Itteration took 174 milliseconds.
[2020-04-13 14:07:54.923607] [info] Itteration 3 complete. Itteration took 174 milliseconds.
[2020-04-13 14:07:55.100274] [info] Itteration 4 complete. Itteration took 176 milliseconds.
[2020-04-13 14:07:55.276622] [info] Itteration 5 complete. Itteration took 176 milliseconds.
[2020-04-13 14:07:55.452051] [info] Itteration 6 complete. Itteration took 175 milliseconds.
[2020-04-13 14:07:55.627016] [info] Itteration 7 complete. Itteration took 174 milliseconds.
[2020-04-13 14:07:55.801904] [info] Itteration 8 complete. Itteration took 174 milliseconds.
[2020-04-13 14:07:55.975983] [info] Itteration 9 complete. Itteration took 174 milliseconds.
[2020-04-13 14:07:56.151891] [info] Itteration 10 complete. Itteration took 175 milliseconds.
[2020-04-13 14:07:56.329552] [info] Itteration 11 complete. Itteration took 177 milliseconds.
[2020-04-13 14:07:56.504836] [info] Itteration 12 complete. Itteration took 175 milliseconds.
[2020-04-13 14:07:56.679220] [info] Itteration 13 complete. Itteration took 174 milliseconds.
[2020-04-13 14:07:56.853212] [info] Itteration 14 complete. Itteration took 173 milliseconds.
[2020-04-13 14:07:57.028141] [info] Itteration 15 complete. Itteration took 174 milliseconds.
[2020-04-13 14:07:57.202420] [info] Itteration 16 complete. Itteration took 174 milliseconds.
[2020-04-13 14:07:57.377575] [info] Itteration 17 complete. Itteration took 175 milliseconds.
[2020-04-13 14:07:57.551765] [info] Itteration 18 complete. Itteration took 174 milliseconds.
[2020-04-13 14:07:57.726741] [info] Itteration 19 complete. Itteration took 174 milliseconds.
[2020-04-13 14:07:57.900630] [info] Itteration 20 complete. Itteration took 173 milliseconds.
[2020-04-13 14:07:58.075009] [info] Itteration 21 complete. Itteration took 174 milliseconds.
[2020-04-13 14:07:58.249793] [info] Itteration 22 complete. Itteration took 174 milliseconds.
[2020-04-13 14:07:58.426392] [info] Itteration 23 complete. Itteration took 176 milliseconds.
[2020-04-13 14:07:58.600940] [info] Itteration 24 complete. Itteration took 174 milliseconds.
[2020-04-13 14:07:58.775098] [info] Itteration 25 complete. Itteration took 174 milliseconds.
[2020-04-13 14:07:58.949603] [info] Itteration 26 complete. Itteration took 174 milliseconds.
[2020-04-13 14:07:59.126532] [info] Itteration 27 complete. Itteration took 176 milliseconds.
[2020-04-13 14:07:59.300498] [info] Itteration 28 complete. Itteration took 173 milliseconds.
[2020-04-13 14:07:59.476294] [info] Itteration 29 complete. Itteration took 175 milliseconds.
[2020-04-13 14:07:59.650666] [info] Itteration 30 complete. Itteration took 174 milliseconds.
[2020-04-13 14:07:59.650719] [info] Simulation took 5266 milliseconds.
[2020-04-13 14:07:59.650746] [info] VSTRAP finished
