[2020-04-13 14:21:15.318254] [info] VSTRAP started
[2020-04-13 14:21:15.347491] [info] Initialize mesh_initializer:
[2020-04-13 14:21:15.358726] [info] Volume mesh <vol_mesh> has been initialized.
[2020-04-13 14:21:15.358792] [info] Mesh initialized without node_data.
[2020-04-13 14:21:15.358808] [info] Mesh initialized without face_data.
[2020-04-13 14:21:15.358820] [info] Mesh initialized without cell_data.
[2020-04-13 14:21:15.364240] [info] Initialize particle_initializer:
[2020-04-13 14:21:15.430605] [info] Particle group <forward_particles> has been initialized with 10000 particles of species "e-" in the domain.
[2020-04-13 14:21:15.434137] [info] Initialize plasma_state:
[2020-04-13 14:21:15.439168] [info] Initialize pusher:
[2020-04-13 14:21:15.444717] [info] Initialize pwi:
[2020-04-13 14:21:15.457868] [info] Initialize dsmc:
[2020-04-13 14:21:15.466369] [info] Initialize bgf:
[2020-04-13 14:21:15.469320] [info] Mesh <vol_mesh> has been loaded.
[2020-04-13 14:21:15.471146] [info] Field <interpolated_control_field> has been loaded.
[2020-04-13 14:21:15.471357] [info] Particle group <forward_particles> has been successfully loaded with fields <interpolated_control_field>
[2020-04-13 14:21:15.471487] [info] Initialization took 153 milliseconds.
[2020-04-13 14:21:15.656791] [info] Itteration 1 complete. Itteration took 184 milliseconds.
[2020-04-13 14:21:15.833361] [info] Itteration 2 complete. Itteration took 176 milliseconds.
[2020-04-13 14:21:16.012873] [info] Itteration 3 complete. Itteration took 179 milliseconds.
[2020-04-13 14:21:16.189222] [info] Itteration 4 complete. Itteration took 176 milliseconds.
[2020-04-13 14:21:16.364833] [info] Itteration 5 complete. Itteration took 175 milliseconds.
[2020-04-13 14:21:16.539934] [info] Itteration 6 complete. Itteration took 175 milliseconds.
[2020-04-13 14:21:16.717150] [info] Itteration 7 complete. Itteration took 177 milliseconds.
[2020-04-13 14:21:16.892649] [info] Itteration 8 complete. Itteration took 175 milliseconds.
[2020-04-13 14:21:17.068572] [info] Itteration 9 complete. Itteration took 175 milliseconds.
[2020-04-13 14:21:17.245301] [info] Itteration 10 complete. Itteration took 176 milliseconds.
[2020-04-13 14:21:17.421245] [info] Itteration 11 complete. Itteration took 175 milliseconds.
[2020-04-13 14:21:17.597208] [info] Itteration 12 complete. Itteration took 175 milliseconds.
[2020-04-13 14:21:17.773337] [info] Itteration 13 complete. Itteration took 176 milliseconds.
[2020-04-13 14:21:17.950848] [info] Itteration 14 complete. Itteration took 177 milliseconds.
[2020-04-13 14:21:18.126170] [info] Itteration 15 complete. Itteration took 175 milliseconds.
[2020-04-13 14:21:18.302306] [info] Itteration 16 complete. Itteration took 176 milliseconds.
[2020-04-13 14:21:18.479607] [info] Itteration 17 complete. Itteration took 177 milliseconds.
[2020-04-13 14:21:18.655382] [info] Itteration 18 complete. Itteration took 175 milliseconds.
[2020-04-13 14:21:18.830448] [info] Itteration 19 complete. Itteration took 175 milliseconds.
[2020-04-13 14:21:19.006870] [info] Itteration 20 complete. Itteration took 176 milliseconds.
[2020-04-13 14:21:19.183005] [info] Itteration 21 complete. Itteration took 176 milliseconds.
[2020-04-13 14:21:19.362456] [info] Itteration 22 complete. Itteration took 179 milliseconds.
[2020-04-13 14:21:19.548103] [info] Itteration 23 complete. Itteration took 185 milliseconds.
[2020-04-13 14:21:19.729987] [info] Itteration 24 complete. Itteration took 181 milliseconds.
[2020-04-13 14:21:19.911479] [info] Itteration 25 complete. Itteration took 181 milliseconds.
[2020-04-13 14:21:20.087464] [info] Itteration 26 complete. Itteration took 175 milliseconds.
[2020-04-13 14:21:20.287179] [info] Itteration 27 complete. Itteration took 199 milliseconds.
[2020-04-13 14:21:20.486670] [info] Itteration 28 complete. Itteration took 199 milliseconds.
[2020-04-13 14:21:20.684027] [info] Itteration 29 complete. Itteration took 197 milliseconds.
[2020-04-13 14:21:20.872589] [info] Itteration 30 complete. Itteration took 188 milliseconds.
[2020-04-13 14:21:20.872625] [info] Simulation took 5400 milliseconds.
[2020-04-13 14:21:20.872660] [info] VSTRAP finished
