[2020-04-13 14:16:55.540438] [info] VSTRAP started
[2020-04-13 14:16:55.564531] [info] Initialize mesh_initializer:
[2020-04-13 14:16:55.577996] [info] Volume mesh <vol_mesh> has been initialized.
[2020-04-13 14:16:55.578707] [info] Mesh initialized without node_data.
[2020-04-13 14:16:55.578735] [info] Mesh initialized without face_data.
[2020-04-13 14:16:55.578751] [info] Mesh initialized without cell_data.
[2020-04-13 14:16:55.588939] [info] Initialize particle_initializer:
[2020-04-13 14:16:55.668023] [info] Particle group <forward_particles> has been initialized with 10000 particles of species "e-" in the domain.
[2020-04-13 14:16:55.671348] [info] Initialize plasma_state:
[2020-04-13 14:16:55.677047] [info] Initialize pusher:
[2020-04-13 14:16:55.684279] [info] Initialize pwi:
[2020-04-13 14:16:55.696280] [info] Initialize dsmc:
[2020-04-13 14:16:55.704456] [info] Initialize bgf:
[2020-04-13 14:16:55.706375] [info] Mesh <vol_mesh> has been loaded.
[2020-04-13 14:16:55.707265] [info] Field <interpolated_control_field> has been loaded.
[2020-04-13 14:16:55.707449] [info] Particle group <forward_particles> has been successfully loaded with fields <interpolated_control_field>
[2020-04-13 14:16:55.707556] [info] Initialization took 166 milliseconds.
[2020-04-13 14:16:55.914556] [info] Itteration 1 complete. Itteration took 206 milliseconds.
[2020-04-13 14:16:56.105345] [info] Itteration 2 complete. Itteration took 190 milliseconds.
[2020-04-13 14:16:56.295348] [info] Itteration 3 complete. Itteration took 189 milliseconds.
[2020-04-13 14:16:56.486691] [info] Itteration 4 complete. Itteration took 191 milliseconds.
[2020-04-13 14:16:56.718042] [info] Itteration 5 complete. Itteration took 231 milliseconds.
[2020-04-13 14:16:56.902689] [info] Itteration 6 complete. Itteration took 184 milliseconds.
[2020-04-13 14:16:57.085528] [info] Itteration 7 complete. Itteration took 182 milliseconds.
[2020-04-13 14:16:57.269631] [info] Itteration 8 complete. Itteration took 184 milliseconds.
[2020-04-13 14:16:57.456264] [info] Itteration 9 complete. Itteration took 186 milliseconds.
[2020-04-13 14:16:57.638755] [info] Itteration 10 complete. Itteration took 182 milliseconds.
[2020-04-13 14:16:57.816366] [info] Itteration 11 complete. Itteration took 177 milliseconds.
[2020-04-13 14:16:57.993316] [info] Itteration 12 complete. Itteration took 176 milliseconds.
[2020-04-13 14:16:58.172370] [info] Itteration 13 complete. Itteration took 179 milliseconds.
[2020-04-13 14:16:58.350291] [info] Itteration 14 complete. Itteration took 177 milliseconds.
[2020-04-13 14:16:58.527830] [info] Itteration 15 complete. Itteration took 177 milliseconds.
[2020-04-13 14:16:58.704685] [info] Itteration 16 complete. Itteration took 176 milliseconds.
[2020-04-13 14:16:58.881195] [info] Itteration 17 complete. Itteration took 176 milliseconds.
[2020-04-13 14:16:59.058545] [info] Itteration 18 complete. Itteration took 177 milliseconds.
[2020-04-13 14:16:59.235946] [info] Itteration 19 complete. Itteration took 177 milliseconds.
[2020-04-13 14:16:59.420466] [info] Itteration 20 complete. Itteration took 184 milliseconds.
[2020-04-13 14:16:59.612399] [info] Itteration 21 complete. Itteration took 191 milliseconds.
[2020-04-13 14:16:59.802353] [info] Itteration 22 complete. Itteration took 189 milliseconds.
[2020-04-13 14:16:59.987948] [info] Itteration 23 complete. Itteration took 185 milliseconds.
[2020-04-13 14:17:00.168724] [info] Itteration 24 complete. Itteration took 180 milliseconds.
[2020-04-13 14:17:00.354855] [info] Itteration 25 complete. Itteration took 186 milliseconds.
[2020-04-13 14:17:00.544951] [info] Itteration 26 complete. Itteration took 190 milliseconds.
[2020-04-13 14:17:00.725126] [info] Itteration 27 complete. Itteration took 180 milliseconds.
[2020-04-13 14:17:00.930510] [info] Itteration 28 complete. Itteration took 205 milliseconds.
[2020-04-13 14:17:01.121291] [info] Itteration 29 complete. Itteration took 190 milliseconds.
[2020-04-13 14:17:01.330153] [info] Itteration 30 complete. Itteration took 208 milliseconds.
[2020-04-13 14:17:01.330200] [info] Simulation took 5622 milliseconds.
[2020-04-13 14:17:01.330213] [info] VSTRAP finished
