[2020-04-13 14:25:18.015094] [info] VSTRAP started
[2020-04-13 14:25:18.039484] [info] Initialize mesh_initializer:
[2020-04-13 14:25:18.052408] [info] Volume mesh <vol_mesh> has been initialized.
[2020-04-13 14:25:18.054588] [info] Mesh initialized without node_data.
[2020-04-13 14:25:18.055199] [info] Mesh initialized without face_data.
[2020-04-13 14:25:18.055230] [info] Mesh initialized without cell_data.
[2020-04-13 14:25:18.064936] [info] Initialize particle_initializer:
[2020-04-13 14:25:18.125839] [info] Particle group <forward_particles> has been initialized with 10000 particles of species "e-" in the domain.
[2020-04-13 14:25:18.130071] [info] Initialize plasma_state:
[2020-04-13 14:25:18.135090] [info] Initialize pusher:
[2020-04-13 14:25:18.140621] [info] Initialize pwi:
[2020-04-13 14:25:18.151369] [info] Initialize dsmc:
[2020-04-13 14:25:18.158913] [info] Initialize bgf:
[2020-04-13 14:25:18.161047] [info] Mesh <vol_mesh> has been loaded.
[2020-04-13 14:25:18.162229] [info] Field <interpolated_control_field> has been loaded.
[2020-04-13 14:25:18.162400] [info] Particle group <forward_particles> has been successfully loaded with fields <interpolated_control_field>
[2020-04-13 14:25:18.162524] [info] Initialization took 146 milliseconds.
[2020-04-13 14:25:18.349489] [info] Itteration 1 complete. Itteration took 186 milliseconds.
[2020-04-13 14:25:18.531295] [info] Itteration 2 complete. Itteration took 181 milliseconds.
[2020-04-13 14:25:18.705687] [info] Itteration 3 complete. Itteration took 174 milliseconds.
[2020-04-13 14:25:18.880241] [info] Itteration 4 complete. Itteration took 174 milliseconds.
[2020-04-13 14:25:19.056273] [info] Itteration 5 complete. Itteration took 175 milliseconds.
[2020-04-13 14:25:19.230191] [info] Itteration 6 complete. Itteration took 173 milliseconds.
[2020-04-13 14:25:19.407766] [info] Itteration 7 complete. Itteration took 177 milliseconds.
[2020-04-13 14:25:19.583925] [info] Itteration 8 complete. Itteration took 176 milliseconds.
[2020-04-13 14:25:19.758767] [info] Itteration 9 complete. Itteration took 174 milliseconds.
[2020-04-13 14:25:19.934151] [info] Itteration 10 complete. Itteration took 175 milliseconds.
[2020-04-13 14:25:20.109704] [info] Itteration 11 complete. Itteration took 175 milliseconds.
[2020-04-13 14:25:20.284862] [info] Itteration 12 complete. Itteration took 175 milliseconds.
[2020-04-13 14:25:20.460385] [info] Itteration 13 complete. Itteration took 175 milliseconds.
[2020-04-13 14:25:20.637865] [info] Itteration 14 complete. Itteration took 177 milliseconds.
[2020-04-13 14:25:20.813018] [info] Itteration 15 complete. Itteration took 175 milliseconds.
[2020-04-13 14:25:20.987976] [info] Itteration 16 complete. Itteration took 174 milliseconds.
[2020-04-13 14:25:21.162882] [info] Itteration 17 complete. Itteration took 174 milliseconds.
[2020-04-13 14:25:21.337802] [info] Itteration 18 complete. Itteration took 174 milliseconds.
[2020-04-13 14:25:21.515016] [info] Itteration 19 complete. Itteration took 177 milliseconds.
[2020-04-13 14:25:21.690661] [info] Itteration 20 complete. Itteration took 175 milliseconds.
[2020-04-13 14:25:21.866695] [info] Itteration 21 complete. Itteration took 175 milliseconds.
[2020-04-13 14:25:22.041967] [info] Itteration 22 complete. Itteration took 175 milliseconds.
[2020-04-13 14:25:22.217579] [info] Itteration 23 complete. Itteration took 175 milliseconds.
[2020-04-13 14:25:22.393219] [info] Itteration 24 complete. Itteration took 175 milliseconds.
[2020-04-13 14:25:22.569305] [info] Itteration 25 complete. Itteration took 176 milliseconds.
[2020-04-13 14:25:22.744278] [info] Itteration 26 complete. Itteration took 174 milliseconds.
[2020-04-13 14:25:22.918836] [info] Itteration 27 complete. Itteration took 174 milliseconds.
[2020-04-13 14:25:23.094454] [info] Itteration 28 complete. Itteration took 175 milliseconds.
[2020-04-13 14:25:23.269989] [info] Itteration 29 complete. Itteration took 175 milliseconds.
[2020-04-13 14:25:23.445029] [info] Itteration 30 complete. Itteration took 174 milliseconds.
[2020-04-13 14:25:23.445068] [info] Simulation took 5282 milliseconds.
[2020-04-13 14:25:23.445100] [info] VSTRAP finished
