[2020-04-13 14:32:59.217161] [info] VSTRAP started
[2020-04-13 14:32:59.245915] [info] Initialize mesh_initializer:
[2020-04-13 14:32:59.257644] [info] Volume mesh <vol_mesh> has been initialized.
[2020-04-13 14:32:59.258177] [info] Mesh initialized without node_data.
[2020-04-13 14:32:59.258197] [info] Mesh initialized without face_data.
[2020-04-13 14:32:59.258209] [info] Mesh initialized without cell_data.
[2020-04-13 14:32:59.266632] [info] Initialize particle_initializer:
[2020-04-13 14:32:59.326104] [info] Particle group <forward_particles> has been initialized with 10000 particles of species "e-" in the domain.
[2020-04-13 14:32:59.331084] [info] Initialize plasma_state:
[2020-04-13 14:32:59.337536] [info] Initialize pusher:
[2020-04-13 14:32:59.343865] [info] Initialize pwi:
[2020-04-13 14:32:59.355626] [info] Initialize dsmc:
[2020-04-13 14:32:59.364067] [info] Initialize bgf:
[2020-04-13 14:32:59.366354] [info] Mesh <vol_mesh> has been loaded.
[2020-04-13 14:32:59.367659] [info] Field <interpolated_control_field> has been loaded.
[2020-04-13 14:32:59.367896] [info] Particle group <forward_particles> has been successfully loaded with fields <interpolated_control_field>
[2020-04-13 14:32:59.368082] [info] Initialization took 149 milliseconds.
[2020-04-13 14:32:59.550138] [info] Itteration 1 complete. Itteration took 181 milliseconds.
[2020-04-13 14:32:59.726547] [info] Itteration 2 complete. Itteration took 176 milliseconds.
[2020-04-13 14:32:59.900500] [info] Itteration 3 complete. Itteration took 173 milliseconds.
[2020-04-13 14:33:00.077495] [info] Itteration 4 complete. Itteration took 176 milliseconds.
[2020-04-13 14:33:00.254212] [info] Itteration 5 complete. Itteration took 176 milliseconds.
[2020-04-13 14:33:00.429056] [info] Itteration 6 complete. Itteration took 174 milliseconds.
[2020-04-13 14:33:00.604909] [info] Itteration 7 complete. Itteration took 175 milliseconds.
[2020-04-13 14:33:00.779463] [info] Itteration 8 complete. Itteration took 174 milliseconds.
[2020-04-13 14:33:00.954125] [info] Itteration 9 complete. Itteration took 174 milliseconds.
[2020-04-13 14:33:01.129311] [info] Itteration 10 complete. Itteration took 175 milliseconds.
[2020-04-13 14:33:01.304041] [info] Itteration 11 complete. Itteration took 174 milliseconds.
[2020-04-13 14:33:01.480332] [info] Itteration 12 complete. Itteration took 176 milliseconds.
[2020-04-13 14:33:01.655162] [info] Itteration 13 complete. Itteration took 174 milliseconds.
[2020-04-13 14:33:01.829767] [info] Itteration 14 complete. Itteration took 174 milliseconds.
[2020-04-13 14:33:02.005036] [info] Itteration 15 complete. Itteration took 175 milliseconds.
[2020-04-13 14:33:02.180247] [info] Itteration 16 complete. Itteration took 175 milliseconds.
[2020-04-13 14:33:02.355971] [info] Itteration 17 complete. Itteration took 175 milliseconds.
[2020-04-13 14:33:02.531675] [info] Itteration 18 complete. Itteration took 175 milliseconds.
[2020-04-13 14:33:02.707857] [info] Itteration 19 complete. Itteration took 176 milliseconds.
[2020-04-13 14:33:02.882480] [info] Itteration 20 complete. Itteration took 174 milliseconds.
[2020-04-13 14:33:03.057636] [info] Itteration 21 complete. Itteration took 175 milliseconds.
[2020-04-13 14:33:03.233100] [info] Itteration 22 complete. Itteration took 175 milliseconds.
[2020-04-13 14:33:03.408419] [info] Itteration 23 complete. Itteration took 175 milliseconds.
[2020-04-13 14:33:03.583626] [info] Itteration 24 complete. Itteration took 175 milliseconds.
[2020-04-13 14:33:03.759188] [info] Itteration 25 complete. Itteration took 175 milliseconds.
[2020-04-13 14:33:03.933876] [info] Itteration 26 complete. Itteration took 174 milliseconds.
[2020-04-13 14:33:04.108774] [info] Itteration 27 complete. Itteration took 174 milliseconds.
[2020-04-13 14:33:04.286251] [info] Itteration 28 complete. Itteration took 177 milliseconds.
[2020-04-13 14:33:04.462846] [info] Itteration 29 complete. Itteration took 176 milliseconds.
[2020-04-13 14:33:04.638085] [info] Itteration 30 complete. Itteration took 175 milliseconds.
[2020-04-13 14:33:04.638126] [info] Simulation took 5269 milliseconds.
[2020-04-13 14:33:04.638144] [info] VSTRAP finished
