[2020-04-13 14:11:15.792212] [info] VSTRAP started
[2020-04-13 14:11:15.820823] [info] Initialize mesh_initializer:
[2020-04-13 14:11:15.832489] [info] Volume mesh <vol_mesh> has been initialized.
[2020-04-13 14:11:15.833190] [info] Mesh initialized without node_data.
[2020-04-13 14:11:15.833223] [info] Mesh initialized without face_data.
[2020-04-13 14:11:15.833242] [info] Mesh initialized without cell_data.
[2020-04-13 14:11:15.840849] [info] Initialize particle_initializer:
[2020-04-13 14:11:15.894454] [info] Particle group <forward_particles> has been initialized with 10000 particles of species "e-" in the domain.
[2020-04-13 14:11:15.899422] [info] Initialize plasma_state:
[2020-04-13 14:11:15.907565] [info] Initialize pusher:
[2020-04-13 14:11:15.913176] [info] Initialize pwi:
[2020-04-13 14:11:15.925505] [info] Initialize dsmc:
[2020-04-13 14:11:15.933525] [info] Initialize bgf:
[2020-04-13 14:11:15.936302] [info] Mesh <vol_mesh> has been loaded.
[2020-04-13 14:11:15.937410] [info] Field <interpolated_control_field> has been loaded.
[2020-04-13 14:11:15.937756] [info] Particle group <forward_particles> has been successfully loaded with fields <interpolated_control_field>
[2020-04-13 14:11:15.937969] [info] Initialization took 145 milliseconds.
[2020-04-13 14:11:16.151983] [info] Itteration 1 complete. Itteration took 213 milliseconds.
[2020-04-13 14:11:16.360839] [info] Itteration 2 complete. Itteration took 208 milliseconds.
[2020-04-13 14:11:16.551270] [info] Itteration 3 complete. Itteration took 190 milliseconds.
[2020-04-13 14:11:16.747994] [info] Itteration 4 complete. Itteration took 196 milliseconds.
[2020-04-13 14:11:16.966453] [info] Itteration 5 complete. Itteration took 218 milliseconds.
[2020-04-13 14:11:17.153645] [info] Itteration 6 complete. Itteration took 187 milliseconds.
[2020-04-13 14:11:17.334501] [info] Itteration 7 complete. Itteration took 180 milliseconds.
[2020-04-13 14:11:17.521134] [info] Itteration 8 complete. Itteration took 186 milliseconds.
[2020-04-13 14:11:17.722694] [info] Itteration 9 complete. Itteration took 201 milliseconds.
[2020-04-13 14:11:17.913042] [info] Itteration 10 complete. Itteration took 190 milliseconds.
[2020-04-13 14:11:18.094963] [info] Itteration 11 complete. Itteration took 181 milliseconds.
[2020-04-13 14:11:18.275553] [info] Itteration 12 complete. Itteration took 180 milliseconds.
[2020-04-13 14:11:18.450426] [info] Itteration 13 complete. Itteration took 174 milliseconds.
[2020-04-13 14:11:18.625800] [info] Itteration 14 complete. Itteration took 175 milliseconds.
[2020-04-13 14:11:18.799621] [info] Itteration 15 complete. Itteration took 173 milliseconds.
[2020-04-13 14:11:18.973318] [info] Itteration 16 complete. Itteration took 173 milliseconds.
[2020-04-13 14:11:19.151915] [info] Itteration 17 complete. Itteration took 178 milliseconds.
[2020-04-13 14:11:19.339982] [info] Itteration 18 complete. Itteration took 188 milliseconds.
[2020-04-13 14:11:19.530171] [info] Itteration 19 complete. Itteration took 190 milliseconds.
[2020-04-13 14:11:19.715366] [info] Itteration 20 complete. Itteration took 185 milliseconds.
[2020-04-13 14:11:19.908061] [info] Itteration 21 complete. Itteration took 192 milliseconds.
[2020-04-13 14:11:20.095411] [info] Itteration 22 complete. Itteration took 187 milliseconds.
[2020-04-13 14:11:20.282319] [info] Itteration 23 complete. Itteration took 186 milliseconds.
[2020-04-13 14:11:20.476171] [info] Itteration 24 complete. Itteration took 193 milliseconds.
[2020-04-13 14:11:20.671226] [info] Itteration 25 complete. Itteration took 195 milliseconds.
[2020-04-13 14:11:20.853289] [info] Itteration 26 complete. Itteration took 181 milliseconds.
[2020-04-13 14:11:21.044717] [info] Itteration 27 complete. Itteration took 191 milliseconds.
[2020-04-13 14:11:21.221469] [info] Itteration 28 complete. Itteration took 176 milliseconds.
[2020-04-13 14:11:21.405230] [info] Itteration 29 complete. Itteration took 183 milliseconds.
[2020-04-13 14:11:21.584487] [info] Itteration 30 complete. Itteration took 179 milliseconds.
[2020-04-13 14:11:21.584540] [info] Simulation took 5646 milliseconds.
[2020-04-13 14:11:21.584567] [info] VSTRAP finished
