[2020-04-13 14:18:49.172523] [info] VSTRAP started
[2020-04-13 14:18:49.195354] [info] Initialize mesh_initializer:
[2020-04-13 14:18:49.205757] [info] Volume mesh <vol_mesh> has been initialized.
[2020-04-13 14:18:49.205916] [info] Mesh initialized without node_data.
[2020-04-13 14:18:49.205948] [info] Mesh initialized without face_data.
[2020-04-13 14:18:49.205969] [info] Mesh initialized without cell_data.
[2020-04-13 14:18:49.210142] [info] Initialize particle_initializer:
[2020-04-13 14:18:49.261258] [info] Particle group <forward_particles> has been initialized with 10000 particles of species "e-" in the domain.
[2020-04-13 14:18:49.264788] [info] Initialize plasma_state:
[2020-04-13 14:18:49.272088] [info] Initialize pusher:
[2020-04-13 14:18:49.279785] [info] Initialize pwi:
[2020-04-13 14:18:49.292201] [info] Initialize dsmc:
[2020-04-13 14:18:49.299345] [info] Initialize bgf:
[2020-04-13 14:18:49.300934] [info] Mesh <vol_mesh> has been loaded.
[2020-04-13 14:18:49.301847] [info] Field <interpolated_control_field> has been loaded.
[2020-04-13 14:18:49.302027] [info] Particle group <forward_particles> has been successfully loaded with fields <interpolated_control_field>
[2020-04-13 14:18:49.302133] [info] Initialization took 129 milliseconds.
[2020-04-13 14:18:49.484012] [info] Itteration 1 complete. Itteration took 181 milliseconds.
[2020-04-13 14:18:49.658138] [info] Itteration 2 complete. Itteration took 174 milliseconds.
[2020-04-13 14:18:49.833602] [info] Itteration 3 complete. Itteration took 175 milliseconds.
[2020-04-13 14:18:50.010303] [info] Itteration 4 complete. Itteration took 176 milliseconds.
[2020-04-13 14:18:50.185380] [info] Itteration 5 complete. Itteration took 175 milliseconds.
[2020-04-13 14:18:50.359983] [info] Itteration 6 complete. Itteration took 174 milliseconds.
[2020-04-13 14:18:50.535447] [info] Itteration 7 complete. Itteration took 175 milliseconds.
[2020-04-13 14:18:50.710123] [info] Itteration 8 complete. Itteration took 174 milliseconds.
[2020-04-13 14:18:50.886158] [info] Itteration 9 complete. Itteration took 175 milliseconds.
[2020-04-13 14:18:51.060394] [info] Itteration 10 complete. Itteration took 174 milliseconds.
[2020-04-13 14:18:51.235024] [info] Itteration 11 complete. Itteration took 174 milliseconds.
[2020-04-13 14:18:51.409624] [info] Itteration 12 complete. Itteration took 174 milliseconds.
[2020-04-13 14:18:51.584078] [info] Itteration 13 complete. Itteration took 174 milliseconds.
[2020-04-13 14:18:51.758227] [info] Itteration 14 complete. Itteration took 174 milliseconds.
[2020-04-13 14:18:51.933293] [info] Itteration 15 complete. Itteration took 175 milliseconds.
[2020-04-13 14:18:52.107698] [info] Itteration 16 complete. Itteration took 174 milliseconds.
[2020-04-13 14:18:52.282537] [info] Itteration 17 complete. Itteration took 174 milliseconds.
[2020-04-13 14:18:52.458057] [info] Itteration 18 complete. Itteration took 175 milliseconds.
[2020-04-13 14:18:52.632364] [info] Itteration 19 complete. Itteration took 174 milliseconds.
[2020-04-13 14:18:52.806821] [info] Itteration 20 complete. Itteration took 174 milliseconds.
[2020-04-13 14:18:52.981047] [info] Itteration 21 complete. Itteration took 174 milliseconds.
[2020-04-13 14:18:53.155492] [info] Itteration 22 complete. Itteration took 174 milliseconds.
[2020-04-13 14:18:53.329416] [info] Itteration 23 complete. Itteration took 173 milliseconds.
[2020-04-13 14:18:53.505249] [info] Itteration 24 complete. Itteration took 175 milliseconds.
[2020-04-13 14:18:53.679453] [info] Itteration 25 complete. Itteration took 174 milliseconds.
[2020-04-13 14:18:53.855011] [info] Itteration 26 complete. Itteration took 175 milliseconds.
[2020-04-13 14:18:54.029833] [info] Itteration 27 complete. Itteration took 174 milliseconds.
[2020-04-13 14:18:54.203776] [info] Itteration 28 complete. Itteration took 173 milliseconds.
[2020-04-13 14:18:54.379445] [info] Itteration 29 complete. Itteration took 175 milliseconds.
[2020-04-13 14:18:54.554001] [info] Itteration 30 complete. Itteration took 174 milliseconds.
[2020-04-13 14:18:54.554054] [info] Simulation took 5251 milliseconds.
[2020-04-13 14:18:54.554080] [info] VSTRAP finished
