[2020-04-13 14:33:11.115377] [info] VSTRAP started
[2020-04-13 14:33:11.140376] [info] Initialize mesh_initializer:
[2020-04-13 14:33:11.153289] [info] Volume mesh <vol_mesh> has been initialized.
[2020-04-13 14:33:11.155666] [info] Mesh initialized without node_data.
[2020-04-13 14:33:11.156401] [info] Mesh initialized without face_data.
[2020-04-13 14:33:11.156427] [info] Mesh initialized without cell_data.
[2020-04-13 14:33:11.164815] [info] Initialize particle_initializer:
[2020-04-13 14:33:11.226713] [info] Particle group <forward_particles> has been initialized with 10000 particles of species "e-" in the domain.
[2020-04-13 14:33:11.230455] [info] Initialize plasma_state:
[2020-04-13 14:33:11.235434] [info] Initialize pusher:
[2020-04-13 14:33:11.240940] [info] Initialize pwi:
[2020-04-13 14:33:11.251660] [info] Initialize dsmc:
[2020-04-13 14:33:11.259204] [info] Initialize bgf:
[2020-04-13 14:33:11.261681] [info] Mesh <vol_mesh> has been loaded.
[2020-04-13 14:33:11.263040] [info] Field <interpolated_control_field> has been loaded.
[2020-04-13 14:33:11.263221] [info] Particle group <forward_particles> has been successfully loaded with fields <interpolated_control_field>
[2020-04-13 14:33:11.263333] [info] Initialization took 146 milliseconds.
[2020-04-13 14:33:11.445095] [info] Itteration 1 complete. Itteration took 181 milliseconds.
[2020-04-13 14:33:11.624052] [info] Itteration 2 complete. Itteration took 178 milliseconds.
[2020-04-13 14:33:11.800482] [info] Itteration 3 complete. Itteration took 176 milliseconds.
[2020-04-13 14:33:11.975957] [info] Itteration 4 complete. Itteration took 175 milliseconds.
[2020-04-13 14:33:12.151240] [info] Itteration 5 complete. Itteration took 175 milliseconds.
[2020-04-13 14:33:12.326490] [info] Itteration 6 complete. Itteration took 175 milliseconds.
[2020-04-13 14:33:12.501396] [info] Itteration 7 complete. Itteration took 174 milliseconds.
[2020-04-13 14:33:12.676921] [info] Itteration 8 complete. Itteration took 175 milliseconds.
[2020-04-13 14:33:12.852206] [info] Itteration 9 complete. Itteration took 175 milliseconds.
[2020-04-13 14:33:13.027846] [info] Itteration 10 complete. Itteration took 175 milliseconds.
[2020-04-13 14:33:13.203042] [info] Itteration 11 complete. Itteration took 175 milliseconds.
[2020-04-13 14:33:13.379144] [info] Itteration 12 complete. Itteration took 176 milliseconds.
[2020-04-13 14:33:13.554491] [info] Itteration 13 complete. Itteration took 175 milliseconds.
[2020-04-13 14:33:13.730396] [info] Itteration 14 complete. Itteration took 175 milliseconds.
[2020-04-13 14:33:13.906149] [info] Itteration 15 complete. Itteration took 175 milliseconds.
[2020-04-13 14:33:14.081703] [info] Itteration 16 complete. Itteration took 175 milliseconds.
[2020-04-13 14:33:14.257835] [info] Itteration 17 complete. Itteration took 176 milliseconds.
[2020-04-13 14:33:14.434304] [info] Itteration 18 complete. Itteration took 176 milliseconds.
[2020-04-13 14:33:14.611225] [info] Itteration 19 complete. Itteration took 176 milliseconds.
[2020-04-13 14:33:14.786352] [info] Itteration 20 complete. Itteration took 175 milliseconds.
[2020-04-13 14:33:14.961429] [info] Itteration 21 complete. Itteration took 175 milliseconds.
[2020-04-13 14:33:15.137378] [info] Itteration 22 complete. Itteration took 175 milliseconds.
[2020-04-13 14:33:15.313105] [info] Itteration 23 complete. Itteration took 175 milliseconds.
[2020-04-13 14:33:15.489064] [info] Itteration 24 complete. Itteration took 175 milliseconds.
[2020-04-13 14:33:15.665191] [info] Itteration 25 complete. Itteration took 176 milliseconds.
[2020-04-13 14:33:15.840311] [info] Itteration 26 complete. Itteration took 175 milliseconds.
[2020-04-13 14:33:16.016241] [info] Itteration 27 complete. Itteration took 175 milliseconds.
[2020-04-13 14:33:16.193312] [info] Itteration 28 complete. Itteration took 177 milliseconds.
[2020-04-13 14:33:16.369412] [info] Itteration 29 complete. Itteration took 176 milliseconds.
[2020-04-13 14:33:16.548656] [info] Itteration 30 complete. Itteration took 179 milliseconds.
[2020-04-13 14:33:16.548694] [info] Simulation took 5285 milliseconds.
[2020-04-13 14:33:16.548707] [info] VSTRAP finished
