[2020-04-13 14:28:47.686937] [info] VSTRAP started
[2020-04-13 14:28:47.712199] [info] Initialize mesh_initializer:
[2020-04-13 14:28:47.724559] [info] Volume mesh <vol_mesh> has been initialized.
[2020-04-13 14:28:47.726924] [info] Mesh initialized without node_data.
[2020-04-13 14:28:47.727657] [info] Mesh initialized without face_data.
[2020-04-13 14:28:47.727683] [info] Mesh initialized without cell_data.
[2020-04-13 14:28:47.735959] [info] Initialize particle_initializer:
[2020-04-13 14:28:47.790445] [info] Particle group <forward_particles> has been initialized with 10000 particles of species "e-" in the domain.
[2020-04-13 14:28:47.795981] [info] Initialize plasma_state:
[2020-04-13 14:28:47.801641] [info] Initialize pusher:
[2020-04-13 14:28:47.807484] [info] Initialize pwi:
[2020-04-13 14:28:47.818273] [info] Initialize dsmc:
[2020-04-13 14:28:47.826155] [info] Initialize bgf:
[2020-04-13 14:28:47.828043] [info] Mesh <vol_mesh> has been loaded.
[2020-04-13 14:28:47.829370] [info] Field <interpolated_control_field> has been loaded.
[2020-04-13 14:28:47.829543] [info] Particle group <forward_particles> has been successfully loaded with fields <interpolated_control_field>
[2020-04-13 14:28:47.829654] [info] Initialization took 142 milliseconds.
[2020-04-13 14:28:48.008729] [info] Itteration 1 complete. Itteration took 178 milliseconds.
[2020-04-13 14:28:48.183270] [info] Itteration 2 complete. Itteration took 174 milliseconds.
[2020-04-13 14:28:48.359605] [info] Itteration 3 complete. Itteration took 176 milliseconds.
[2020-04-13 14:28:48.534971] [info] Itteration 4 complete. Itteration took 175 milliseconds.
[2020-04-13 14:28:48.709341] [info] Itteration 5 complete. Itteration took 174 milliseconds.
[2020-04-13 14:28:48.883738] [info] Itteration 6 complete. Itteration took 174 milliseconds.
[2020-04-13 14:28:49.058296] [info] Itteration 7 complete. Itteration took 174 milliseconds.
[2020-04-13 14:28:49.233110] [info] Itteration 8 complete. Itteration took 174 milliseconds.
[2020-04-13 14:28:49.407357] [info] Itteration 9 complete. Itteration took 174 milliseconds.
[2020-04-13 14:28:49.581985] [info] Itteration 10 complete. Itteration took 174 milliseconds.
[2020-04-13 14:28:49.757604] [info] Itteration 11 complete. Itteration took 175 milliseconds.
[2020-04-13 14:28:49.932027] [info] Itteration 12 complete. Itteration took 174 milliseconds.
[2020-04-13 14:28:50.107016] [info] Itteration 13 complete. Itteration took 174 milliseconds.
[2020-04-13 14:28:50.284067] [info] Itteration 14 complete. Itteration took 177 milliseconds.
[2020-04-13 14:28:50.459836] [info] Itteration 15 complete. Itteration took 175 milliseconds.
[2020-04-13 14:28:50.634746] [info] Itteration 16 complete. Itteration took 174 milliseconds.
[2020-04-13 14:28:50.809289] [info] Itteration 17 complete. Itteration took 174 milliseconds.
[2020-04-13 14:28:50.984184] [info] Itteration 18 complete. Itteration took 174 milliseconds.
[2020-04-13 14:28:51.159626] [info] Itteration 19 complete. Itteration took 175 milliseconds.
[2020-04-13 14:28:51.335053] [info] Itteration 20 complete. Itteration took 175 milliseconds.
[2020-04-13 14:28:51.509920] [info] Itteration 21 complete. Itteration took 174 milliseconds.
[2020-04-13 14:28:51.684294] [info] Itteration 22 complete. Itteration took 174 milliseconds.
[2020-04-13 14:28:51.858607] [info] Itteration 23 complete. Itteration took 174 milliseconds.
[2020-04-13 14:28:52.033584] [info] Itteration 24 complete. Itteration took 174 milliseconds.
[2020-04-13 14:28:52.208747] [info] Itteration 25 complete. Itteration took 175 milliseconds.
[2020-04-13 14:28:52.384992] [info] Itteration 26 complete. Itteration took 176 milliseconds.
[2020-04-13 14:28:52.559674] [info] Itteration 27 complete. Itteration took 174 milliseconds.
[2020-04-13 14:28:52.735011] [info] Itteration 28 complete. Itteration took 175 milliseconds.
[2020-04-13 14:28:52.910319] [info] Itteration 29 complete. Itteration took 175 milliseconds.
[2020-04-13 14:28:53.085682] [info] Itteration 30 complete. Itteration took 175 milliseconds.
[2020-04-13 14:28:53.085724] [info] Simulation took 5255 milliseconds.
[2020-04-13 14:28:53.085740] [info] VSTRAP finished
