[2020-04-13 14:18:19.883457] [info] VSTRAP started
[2020-04-13 14:18:19.912721] [info] Initialize mesh_initializer:
[2020-04-13 14:18:19.925708] [info] Volume mesh <vol_mesh> has been initialized.
[2020-04-13 14:18:19.926347] [info] Mesh initialized without node_data.
[2020-04-13 14:18:19.926385] [info] Mesh initialized without face_data.
[2020-04-13 14:18:19.926399] [info] Mesh initialized without cell_data.
[2020-04-13 14:18:19.934129] [info] Initialize particle_initializer:
[2020-04-13 14:18:19.988536] [info] Particle group <forward_particles> has been initialized with 10000 particles of species "e-" in the domain.
[2020-04-13 14:18:19.994074] [info] Initialize plasma_state:
[2020-04-13 14:18:20.000182] [info] Initialize pusher:
[2020-04-13 14:18:20.007240] [info] Initialize pwi:
[2020-04-13 14:18:20.018166] [info] Initialize dsmc:
[2020-04-13 14:18:20.027316] [info] Initialize bgf:
[2020-04-13 14:18:20.029572] [info] Mesh <vol_mesh> has been loaded.
[2020-04-13 14:18:20.030968] [info] Field <interpolated_control_field> has been loaded.
[2020-04-13 14:18:20.031191] [info] Particle group <forward_particles> has been successfully loaded with fields <interpolated_control_field>
[2020-04-13 14:18:20.031365] [info] Initialization took 147 milliseconds.
[2020-04-13 14:18:20.214196] [info] Itteration 1 complete. Itteration took 182 milliseconds.
[2020-04-13 14:18:20.389997] [info] Itteration 2 complete. Itteration took 175 milliseconds.
[2020-04-13 14:18:20.565257] [info] Itteration 3 complete. Itteration took 175 milliseconds.
[2020-04-13 14:18:20.740550] [info] Itteration 4 complete. Itteration took 175 milliseconds.
[2020-04-13 14:18:20.914947] [info] Itteration 5 complete. Itteration took 174 milliseconds.
[2020-04-13 14:18:21.091354] [info] Itteration 6 complete. Itteration took 176 milliseconds.
[2020-04-13 14:18:21.267019] [info] Itteration 7 complete. Itteration took 175 milliseconds.
[2020-04-13 14:18:21.445312] [info] Itteration 8 complete. Itteration took 178 milliseconds.
[2020-04-13 14:18:21.628536] [info] Itteration 9 complete. Itteration took 182 milliseconds.
[2020-04-13 14:18:21.808892] [info] Itteration 10 complete. Itteration took 180 milliseconds.
[2020-04-13 14:18:22.016339] [info] Itteration 11 complete. Itteration took 207 milliseconds.
[2020-04-13 14:18:22.227973] [info] Itteration 12 complete. Itteration took 211 milliseconds.
[2020-04-13 14:18:22.427499] [info] Itteration 13 complete. Itteration took 199 milliseconds.
[2020-04-13 14:18:22.629277] [info] Itteration 14 complete. Itteration took 201 milliseconds.
[2020-04-13 14:18:22.813338] [info] Itteration 15 complete. Itteration took 184 milliseconds.
[2020-04-13 14:18:22.994827] [info] Itteration 16 complete. Itteration took 181 milliseconds.
[2020-04-13 14:18:23.187549] [info] Itteration 17 complete. Itteration took 192 milliseconds.
[2020-04-13 14:18:23.374137] [info] Itteration 18 complete. Itteration took 186 milliseconds.
[2020-04-13 14:18:23.555555] [info] Itteration 19 complete. Itteration took 181 milliseconds.
[2020-04-13 14:18:23.736915] [info] Itteration 20 complete. Itteration took 181 milliseconds.
[2020-04-13 14:18:23.912925] [info] Itteration 21 complete. Itteration took 175 milliseconds.
[2020-04-13 14:18:24.088500] [info] Itteration 22 complete. Itteration took 175 milliseconds.
[2020-04-13 14:18:24.264525] [info] Itteration 23 complete. Itteration took 175 milliseconds.
[2020-04-13 14:18:24.440806] [info] Itteration 24 complete. Itteration took 176 milliseconds.
[2020-04-13 14:18:24.616267] [info] Itteration 25 complete. Itteration took 175 milliseconds.
[2020-04-13 14:18:24.792296] [info] Itteration 26 complete. Itteration took 175 milliseconds.
[2020-04-13 14:18:24.965945] [info] Itteration 27 complete. Itteration took 173 milliseconds.
[2020-04-13 14:18:25.139546] [info] Itteration 28 complete. Itteration took 173 milliseconds.
[2020-04-13 14:18:25.313622] [info] Itteration 29 complete. Itteration took 174 milliseconds.
[2020-04-13 14:18:25.487447] [info] Itteration 30 complete. Itteration took 173 milliseconds.
[2020-04-13 14:18:25.487500] [info] Simulation took 5455 milliseconds.
[2020-04-13 14:18:25.487530] [info] VSTRAP finished
