[2020-04-13 14:34:45.955729] [info] VSTRAP started
[2020-04-13 14:34:45.983553] [info] Initialize mesh_initializer:
[2020-04-13 14:34:45.995537] [info] Volume mesh <vol_mesh> has been initialized.
[2020-04-13 14:34:45.996081] [info] Mesh initialized without node_data.
[2020-04-13 14:34:45.996106] [info] Mesh initialized without face_data.
[2020-04-13 14:34:45.996119] [info] Mesh initialized without cell_data.
[2020-04-13 14:34:46.004556] [info] Initialize particle_initializer:
[2020-04-13 14:34:46.056669] [info] Particle group <forward_particles> has been initialized with 10000 particles of species "e-" in the domain.
[2020-04-13 14:34:46.062201] [info] Initialize plasma_state:
[2020-04-13 14:34:46.069965] [info] Initialize pusher:
[2020-04-13 14:34:46.075721] [info] Initialize pwi:
[2020-04-13 14:34:46.086694] [info] Initialize dsmc:
[2020-04-13 14:34:46.094322] [info] Initialize bgf:
[2020-04-13 14:34:46.096431] [info] Mesh <vol_mesh> has been loaded.
[2020-04-13 14:34:46.097698] [info] Field <interpolated_control_field> has been loaded.
[2020-04-13 14:34:46.097857] [info] Particle group <forward_particles> has been successfully loaded with fields <interpolated_control_field>
[2020-04-13 14:34:46.097970] [info] Initialization took 142 milliseconds.
[2020-04-13 14:34:46.280617] [info] Itteration 1 complete. Itteration took 182 milliseconds.
[2020-04-13 14:34:46.455603] [info] Itteration 2 complete. Itteration took 174 milliseconds.
[2020-04-13 14:34:46.632081] [info] Itteration 3 complete. Itteration took 176 milliseconds.
[2020-04-13 14:34:46.809958] [info] Itteration 4 complete. Itteration took 177 milliseconds.
[2020-04-13 14:34:46.985238] [info] Itteration 5 complete. Itteration took 175 milliseconds.
[2020-04-13 14:34:47.161313] [info] Itteration 6 complete. Itteration took 176 milliseconds.
[2020-04-13 14:34:47.336238] [info] Itteration 7 complete. Itteration took 174 milliseconds.
[2020-04-13 14:34:47.511354] [info] Itteration 8 complete. Itteration took 175 milliseconds.
[2020-04-13 14:34:47.686746] [info] Itteration 9 complete. Itteration took 175 milliseconds.
[2020-04-13 14:34:47.863018] [info] Itteration 10 complete. Itteration took 176 milliseconds.
[2020-04-13 14:34:48.038712] [info] Itteration 11 complete. Itteration took 175 milliseconds.
[2020-04-13 14:34:48.214364] [info] Itteration 12 complete. Itteration took 175 milliseconds.
[2020-04-13 14:34:48.392368] [info] Itteration 13 complete. Itteration took 177 milliseconds.
[2020-04-13 14:34:48.568236] [info] Itteration 14 complete. Itteration took 175 milliseconds.
[2020-04-13 14:34:48.744427] [info] Itteration 15 complete. Itteration took 176 milliseconds.
[2020-04-13 14:34:48.919282] [info] Itteration 16 complete. Itteration took 174 milliseconds.
[2020-04-13 14:34:49.095278] [info] Itteration 17 complete. Itteration took 175 milliseconds.
[2020-04-13 14:34:49.271044] [info] Itteration 18 complete. Itteration took 175 milliseconds.
[2020-04-13 14:34:49.447030] [info] Itteration 19 complete. Itteration took 175 milliseconds.
[2020-04-13 14:34:49.622743] [info] Itteration 20 complete. Itteration took 175 milliseconds.
[2020-04-13 14:34:49.798125] [info] Itteration 21 complete. Itteration took 175 milliseconds.
[2020-04-13 14:34:49.973596] [info] Itteration 22 complete. Itteration took 175 milliseconds.
[2020-04-13 14:34:50.148853] [info] Itteration 23 complete. Itteration took 175 milliseconds.
[2020-04-13 14:34:50.324981] [info] Itteration 24 complete. Itteration took 176 milliseconds.
[2020-04-13 14:34:50.501166] [info] Itteration 25 complete. Itteration took 176 milliseconds.
[2020-04-13 14:34:50.677178] [info] Itteration 26 complete. Itteration took 175 milliseconds.
[2020-04-13 14:34:50.852810] [info] Itteration 27 complete. Itteration took 175 milliseconds.
[2020-04-13 14:34:51.028151] [info] Itteration 28 complete. Itteration took 175 milliseconds.
[2020-04-13 14:34:51.204055] [info] Itteration 29 complete. Itteration took 175 milliseconds.
[2020-04-13 14:34:51.379748] [info] Itteration 30 complete. Itteration took 175 milliseconds.
[2020-04-13 14:34:51.379786] [info] Simulation took 5281 milliseconds.
[2020-04-13 14:34:51.379818] [info] VSTRAP finished
