[2020-04-13 14:22:14.623852] [info] VSTRAP started
[2020-04-13 14:22:14.649102] [info] Initialize mesh_initializer:
[2020-04-13 14:22:14.662428] [info] Volume mesh <vol_mesh> has been initialized.
[2020-04-13 14:22:14.663076] [info] Mesh initialized without node_data.
[2020-04-13 14:22:14.663101] [info] Mesh initialized without face_data.
[2020-04-13 14:22:14.663116] [info] Mesh initialized without cell_data.
[2020-04-13 14:22:14.673277] [info] Initialize particle_initializer:
[2020-04-13 14:22:14.738695] [info] Particle group <forward_particles> has been initialized with 10000 particles of species "e-" in the domain.
[2020-04-13 14:22:14.742210] [info] Initialize plasma_state:
[2020-04-13 14:22:14.747667] [info] Initialize pusher:
[2020-04-13 14:22:14.754454] [info] Initialize pwi:
[2020-04-13 14:22:14.765830] [info] Initialize dsmc:
[2020-04-13 14:22:14.774865] [info] Initialize bgf:
[2020-04-13 14:22:14.776922] [info] Mesh <vol_mesh> has been loaded.
[2020-04-13 14:22:14.778027] [info] Field <interpolated_control_field> has been loaded.
[2020-04-13 14:22:14.778193] [info] Particle group <forward_particles> has been successfully loaded with fields <interpolated_control_field>
[2020-04-13 14:22:14.778307] [info] Initialization took 154 milliseconds.
[2020-04-13 14:22:14.963731] [info] Itteration 1 complete. Itteration took 185 milliseconds.
[2020-04-13 14:22:15.144286] [info] Itteration 2 complete. Itteration took 180 milliseconds.
[2020-04-13 14:22:15.319746] [info] Itteration 3 complete. Itteration took 175 milliseconds.
[2020-04-13 14:22:15.499083] [info] Itteration 4 complete. Itteration took 179 milliseconds.
[2020-04-13 14:22:15.677406] [info] Itteration 5 complete. Itteration took 178 milliseconds.
[2020-04-13 14:22:15.852149] [info] Itteration 6 complete. Itteration took 174 milliseconds.
[2020-04-13 14:22:16.029224] [info] Itteration 7 complete. Itteration took 177 milliseconds.
[2020-04-13 14:22:16.203892] [info] Itteration 8 complete. Itteration took 174 milliseconds.
[2020-04-13 14:22:16.379596] [info] Itteration 9 complete. Itteration took 175 milliseconds.
[2020-04-13 14:22:16.557666] [info] Itteration 10 complete. Itteration took 178 milliseconds.
[2020-04-13 14:22:16.733297] [info] Itteration 11 complete. Itteration took 175 milliseconds.
[2020-04-13 14:22:16.911143] [info] Itteration 12 complete. Itteration took 177 milliseconds.
[2020-04-13 14:22:17.087012] [info] Itteration 13 complete. Itteration took 175 milliseconds.
[2020-04-13 14:22:17.264624] [info] Itteration 14 complete. Itteration took 177 milliseconds.
[2020-04-13 14:22:17.441805] [info] Itteration 15 complete. Itteration took 177 milliseconds.
[2020-04-13 14:22:17.617346] [info] Itteration 16 complete. Itteration took 175 milliseconds.
[2020-04-13 14:22:17.793870] [info] Itteration 17 complete. Itteration took 176 milliseconds.
[2020-04-13 14:22:17.969481] [info] Itteration 18 complete. Itteration took 175 milliseconds.
[2020-04-13 14:22:18.145660] [info] Itteration 19 complete. Itteration took 176 milliseconds.
[2020-04-13 14:22:18.321279] [info] Itteration 20 complete. Itteration took 175 milliseconds.
[2020-04-13 14:22:18.497265] [info] Itteration 21 complete. Itteration took 175 milliseconds.
[2020-04-13 14:22:18.673661] [info] Itteration 22 complete. Itteration took 176 milliseconds.
[2020-04-13 14:22:18.848892] [info] Itteration 23 complete. Itteration took 175 milliseconds.
[2020-04-13 14:22:19.025302] [info] Itteration 24 complete. Itteration took 176 milliseconds.
[2020-04-13 14:22:19.203748] [info] Itteration 25 complete. Itteration took 178 milliseconds.
[2020-04-13 14:22:19.383570] [info] Itteration 26 complete. Itteration took 179 milliseconds.
[2020-04-13 14:22:19.562361] [info] Itteration 27 complete. Itteration took 178 milliseconds.
[2020-04-13 14:22:19.737864] [info] Itteration 28 complete. Itteration took 175 milliseconds.
[2020-04-13 14:22:19.914947] [info] Itteration 29 complete. Itteration took 177 milliseconds.
[2020-04-13 14:22:20.089899] [info] Itteration 30 complete. Itteration took 174 milliseconds.
[2020-04-13 14:22:20.089960] [info] Simulation took 5311 milliseconds.
[2020-04-13 14:22:20.089987] [info] VSTRAP finished
