[2020-04-13 14:31:05.786562] [info] VSTRAP started
[2020-04-13 14:31:05.813682] [info] Initialize mesh_initializer:
[2020-04-13 14:31:05.825412] [info] Volume mesh <vol_mesh> has been initialized.
[2020-04-13 14:31:05.825957] [info] Mesh initialized without node_data.
[2020-04-13 14:31:05.825980] [info] Mesh initialized without face_data.
[2020-04-13 14:31:05.825993] [info] Mesh initialized without cell_data.
[2020-04-13 14:31:05.833669] [info] Initialize particle_initializer:
[2020-04-13 14:31:05.886323] [info] Particle group <forward_particles> has been initialized with 10000 particles of species "e-" in the domain.
[2020-04-13 14:31:05.891638] [info] Initialize plasma_state:
[2020-04-13 14:31:05.899485] [info] Initialize pusher:
[2020-04-13 14:31:05.905464] [info] Initialize pwi:
[2020-04-13 14:31:05.916151] [info] Initialize dsmc:
[2020-04-13 14:31:05.923703] [info] Initialize bgf:
[2020-04-13 14:31:05.925797] [info] Mesh <vol_mesh> has been loaded.
[2020-04-13 14:31:05.926996] [info] Field <interpolated_control_field> has been loaded.
[2020-04-13 14:31:05.927161] [info] Particle group <forward_particles> has been successfully loaded with fields <interpolated_control_field>
[2020-04-13 14:31:05.927280] [info] Initialization took 140 milliseconds.
[2020-04-13 14:31:06.110857] [info] Itteration 1 complete. Itteration took 183 milliseconds.
[2020-04-13 14:31:06.286038] [info] Itteration 2 complete. Itteration took 175 milliseconds.
[2020-04-13 14:31:06.476320] [info] Itteration 3 complete. Itteration took 190 milliseconds.
[2020-04-13 14:31:06.651716] [info] Itteration 4 complete. Itteration took 175 milliseconds.
[2020-04-13 14:31:06.826524] [info] Itteration 5 complete. Itteration took 174 milliseconds.
[2020-04-13 14:31:07.001695] [info] Itteration 6 complete. Itteration took 175 milliseconds.
[2020-04-13 14:31:07.177082] [info] Itteration 7 complete. Itteration took 175 milliseconds.
[2020-04-13 14:31:07.352485] [info] Itteration 8 complete. Itteration took 175 milliseconds.
[2020-04-13 14:31:07.528571] [info] Itteration 9 complete. Itteration took 176 milliseconds.
[2020-04-13 14:31:07.705133] [info] Itteration 10 complete. Itteration took 176 milliseconds.
[2020-04-13 14:31:07.880873] [info] Itteration 11 complete. Itteration took 175 milliseconds.
[2020-04-13 14:31:08.055893] [info] Itteration 12 complete. Itteration took 174 milliseconds.
[2020-04-13 14:31:08.232078] [info] Itteration 13 complete. Itteration took 176 milliseconds.
[2020-04-13 14:31:08.407899] [info] Itteration 14 complete. Itteration took 175 milliseconds.
[2020-04-13 14:31:08.582703] [info] Itteration 15 complete. Itteration took 174 milliseconds.
[2020-04-13 14:31:08.758431] [info] Itteration 16 complete. Itteration took 175 milliseconds.
[2020-04-13 14:31:08.933709] [info] Itteration 17 complete. Itteration took 175 milliseconds.
[2020-04-13 14:31:09.109158] [info] Itteration 18 complete. Itteration took 175 milliseconds.
[2020-04-13 14:31:09.285156] [info] Itteration 19 complete. Itteration took 175 milliseconds.
[2020-04-13 14:31:09.461338] [info] Itteration 20 complete. Itteration took 176 milliseconds.
[2020-04-13 14:31:09.636612] [info] Itteration 21 complete. Itteration took 175 milliseconds.
[2020-04-13 14:31:09.811548] [info] Itteration 22 complete. Itteration took 174 milliseconds.
[2020-04-13 14:31:09.986140] [info] Itteration 23 complete. Itteration took 174 milliseconds.
[2020-04-13 14:31:10.163379] [info] Itteration 24 complete. Itteration took 177 milliseconds.
[2020-04-13 14:31:10.340787] [info] Itteration 25 complete. Itteration took 177 milliseconds.
[2020-04-13 14:31:10.515670] [info] Itteration 26 complete. Itteration took 174 milliseconds.
[2020-04-13 14:31:10.693559] [info] Itteration 27 complete. Itteration took 177 milliseconds.
[2020-04-13 14:31:10.868435] [info] Itteration 28 complete. Itteration took 174 milliseconds.
[2020-04-13 14:31:11.042339] [info] Itteration 29 complete. Itteration took 173 milliseconds.
[2020-04-13 14:31:11.217446] [info] Itteration 30 complete. Itteration took 175 milliseconds.
[2020-04-13 14:31:11.217482] [info] Simulation took 5290 milliseconds.
[2020-04-13 14:31:11.217514] [info] VSTRAP finished
