[2020-04-13 14:19:53.519678] [info] VSTRAP started
[2020-04-13 14:19:53.558921] [info] Initialize mesh_initializer:
[2020-04-13 14:19:53.576363] [info] Volume mesh <vol_mesh> has been initialized.
[2020-04-13 14:19:53.577050] [info] Mesh initialized without node_data.
[2020-04-13 14:19:53.577075] [info] Mesh initialized without face_data.
[2020-04-13 14:19:53.577086] [info] Mesh initialized without cell_data.
[2020-04-13 14:19:53.585684] [info] Initialize particle_initializer:
[2020-04-13 14:19:53.637504] [info] Particle group <forward_particles> has been initialized with 10000 particles of species "e-" in the domain.
[2020-04-13 14:19:53.641098] [info] Initialize plasma_state:
[2020-04-13 14:19:53.646533] [info] Initialize pusher:
[2020-04-13 14:19:53.652506] [info] Initialize pwi:
[2020-04-13 14:19:53.664586] [info] Initialize dsmc:
[2020-04-13 14:19:53.673289] [info] Initialize bgf:
[2020-04-13 14:19:53.675784] [info] Mesh <vol_mesh> has been loaded.
[2020-04-13 14:19:53.676992] [info] Field <interpolated_control_field> has been loaded.
[2020-04-13 14:19:53.677157] [info] Particle group <forward_particles> has been successfully loaded with fields <interpolated_control_field>
[2020-04-13 14:19:53.677265] [info] Initialization took 156 milliseconds.
[2020-04-13 14:19:53.861848] [info] Itteration 1 complete. Itteration took 184 milliseconds.
[2020-04-13 14:19:54.042063] [info] Itteration 2 complete. Itteration took 180 milliseconds.
[2020-04-13 14:19:54.218518] [info] Itteration 3 complete. Itteration took 176 milliseconds.
[2020-04-13 14:19:54.400103] [info] Itteration 4 complete. Itteration took 181 milliseconds.
[2020-04-13 14:19:54.576834] [info] Itteration 5 complete. Itteration took 176 milliseconds.
[2020-04-13 14:19:54.752735] [info] Itteration 6 complete. Itteration took 175 milliseconds.
[2020-04-13 14:19:54.932007] [info] Itteration 7 complete. Itteration took 179 milliseconds.
[2020-04-13 14:19:55.110551] [info] Itteration 8 complete. Itteration took 178 milliseconds.
[2020-04-13 14:19:55.287357] [info] Itteration 9 complete. Itteration took 176 milliseconds.
[2020-04-13 14:19:55.467168] [info] Itteration 10 complete. Itteration took 179 milliseconds.
[2020-04-13 14:19:55.644642] [info] Itteration 11 complete. Itteration took 177 milliseconds.
[2020-04-13 14:19:55.819992] [info] Itteration 12 complete. Itteration took 175 milliseconds.
[2020-04-13 14:19:56.000578] [info] Itteration 13 complete. Itteration took 180 milliseconds.
[2020-04-13 14:19:56.176457] [info] Itteration 14 complete. Itteration took 175 milliseconds.
[2020-04-13 14:19:56.353839] [info] Itteration 15 complete. Itteration took 177 milliseconds.
[2020-04-13 14:19:56.529891] [info] Itteration 16 complete. Itteration took 176 milliseconds.
[2020-04-13 14:19:56.705882] [info] Itteration 17 complete. Itteration took 175 milliseconds.
[2020-04-13 14:19:56.889343] [info] Itteration 18 complete. Itteration took 183 milliseconds.
[2020-04-13 14:19:57.064932] [info] Itteration 19 complete. Itteration took 175 milliseconds.
[2020-04-13 14:19:57.240860] [info] Itteration 20 complete. Itteration took 175 milliseconds.
[2020-04-13 14:19:57.417700] [info] Itteration 21 complete. Itteration took 176 milliseconds.
[2020-04-13 14:19:57.594573] [info] Itteration 22 complete. Itteration took 176 milliseconds.
[2020-04-13 14:19:57.769899] [info] Itteration 23 complete. Itteration took 175 milliseconds.
[2020-04-13 14:19:57.951085] [info] Itteration 24 complete. Itteration took 181 milliseconds.
[2020-04-13 14:19:58.133265] [info] Itteration 25 complete. Itteration took 182 milliseconds.
[2020-04-13 14:19:58.309442] [info] Itteration 26 complete. Itteration took 176 milliseconds.
[2020-04-13 14:19:58.484785] [info] Itteration 27 complete. Itteration took 175 milliseconds.
[2020-04-13 14:19:58.669946] [info] Itteration 28 complete. Itteration took 185 milliseconds.
[2020-04-13 14:19:58.844162] [info] Itteration 29 complete. Itteration took 174 milliseconds.
[2020-04-13 14:19:59.020615] [info] Itteration 30 complete. Itteration took 176 milliseconds.
[2020-04-13 14:19:59.020650] [info] Simulation took 5343 milliseconds.
[2020-04-13 14:19:59.020680] [info] VSTRAP finished
