[2020-04-13 14:34:22.180723] [info] VSTRAP started
[2020-04-13 14:34:22.208708] [info] Initialize mesh_initializer:
[2020-04-13 14:34:22.220447] [info] Volume mesh <vol_mesh> has been initialized.
[2020-04-13 14:34:22.221001] [info] Mesh initialized without node_data.
[2020-04-13 14:34:22.221025] [info] Mesh initialized without face_data.
[2020-04-13 14:34:22.221039] [info] Mesh initialized without cell_data.
[2020-04-13 14:34:22.229662] [info] Initialize particle_initializer:
[2020-04-13 14:34:22.281799] [info] Particle group <forward_particles> has been initialized with 10000 particles of species "e-" in the domain.
[2020-04-13 14:34:22.287458] [info] Initialize plasma_state:
[2020-04-13 14:34:22.294846] [info] Initialize pusher:
[2020-04-13 14:34:22.300446] [info] Initialize pwi:
[2020-04-13 14:34:22.311284] [info] Initialize dsmc:
[2020-04-13 14:34:22.318910] [info] Initialize bgf:
[2020-04-13 14:34:22.321330] [info] Mesh <vol_mesh> has been loaded.
[2020-04-13 14:34:22.322556] [info] Field <interpolated_control_field> has been loaded.
[2020-04-13 14:34:22.322706] [info] Particle group <forward_particles> has been successfully loaded with fields <interpolated_control_field>
[2020-04-13 14:34:22.322811] [info] Initialization took 141 milliseconds.
[2020-04-13 14:34:22.502709] [info] Itteration 1 complete. Itteration took 179 milliseconds.
[2020-04-13 14:34:22.679527] [info] Itteration 2 complete. Itteration took 176 milliseconds.
[2020-04-13 14:34:22.854389] [info] Itteration 3 complete. Itteration took 174 milliseconds.
[2020-04-13 14:34:23.029497] [info] Itteration 4 complete. Itteration took 175 milliseconds.
[2020-04-13 14:34:23.208036] [info] Itteration 5 complete. Itteration took 178 milliseconds.
[2020-04-13 14:34:23.382853] [info] Itteration 6 complete. Itteration took 174 milliseconds.
[2020-04-13 14:34:23.557577] [info] Itteration 7 complete. Itteration took 174 milliseconds.
[2020-04-13 14:34:23.733601] [info] Itteration 8 complete. Itteration took 175 milliseconds.
[2020-04-13 14:34:23.909104] [info] Itteration 9 complete. Itteration took 175 milliseconds.
[2020-04-13 14:34:24.084915] [info] Itteration 10 complete. Itteration took 175 milliseconds.
[2020-04-13 14:34:24.260470] [info] Itteration 11 complete. Itteration took 175 milliseconds.
[2020-04-13 14:34:24.435564] [info] Itteration 12 complete. Itteration took 175 milliseconds.
[2020-04-13 14:34:24.611486] [info] Itteration 13 complete. Itteration took 175 milliseconds.
[2020-04-13 14:34:24.785794] [info] Itteration 14 complete. Itteration took 174 milliseconds.
[2020-04-13 14:34:24.962130] [info] Itteration 15 complete. Itteration took 176 milliseconds.
[2020-04-13 14:34:25.136893] [info] Itteration 16 complete. Itteration took 174 milliseconds.
[2020-04-13 14:34:25.312990] [info] Itteration 17 complete. Itteration took 176 milliseconds.
[2020-04-13 14:34:25.487614] [info] Itteration 18 complete. Itteration took 174 milliseconds.
[2020-04-13 14:34:25.662767] [info] Itteration 19 complete. Itteration took 175 milliseconds.
[2020-04-13 14:34:25.837813] [info] Itteration 20 complete. Itteration took 174 milliseconds.
[2020-04-13 14:34:26.012654] [info] Itteration 21 complete. Itteration took 174 milliseconds.
[2020-04-13 14:34:26.187625] [info] Itteration 22 complete. Itteration took 174 milliseconds.
[2020-04-13 14:34:26.362673] [info] Itteration 23 complete. Itteration took 174 milliseconds.
[2020-04-13 14:34:26.539087] [info] Itteration 24 complete. Itteration took 176 milliseconds.
[2020-04-13 14:34:26.714347] [info] Itteration 25 complete. Itteration took 175 milliseconds.
[2020-04-13 14:34:26.888603] [info] Itteration 26 complete. Itteration took 174 milliseconds.
[2020-04-13 14:34:27.063607] [info] Itteration 27 complete. Itteration took 174 milliseconds.
[2020-04-13 14:34:27.239177] [info] Itteration 28 complete. Itteration took 175 milliseconds.
[2020-04-13 14:34:27.415060] [info] Itteration 29 complete. Itteration took 175 milliseconds.
[2020-04-13 14:34:27.590684] [info] Itteration 30 complete. Itteration took 175 milliseconds.
[2020-04-13 14:34:27.590723] [info] Simulation took 5267 milliseconds.
[2020-04-13 14:34:27.590736] [info] VSTRAP finished
