[2020-04-13 14:11:27.667531] [info] VSTRAP started
[2020-04-13 14:11:27.689978] [info] Initialize mesh_initializer:
[2020-04-13 14:11:27.700710] [info] Volume mesh <vol_mesh> has been initialized.
[2020-04-13 14:11:27.700785] [info] Mesh initialized without node_data.
[2020-04-13 14:11:27.700799] [info] Mesh initialized without face_data.
[2020-04-13 14:11:27.700810] [info] Mesh initialized without cell_data.
[2020-04-13 14:11:27.704765] [info] Initialize particle_initializer:
[2020-04-13 14:11:27.755742] [info] Particle group <forward_particles> has been initialized with 10000 particles of species "e-" in the domain.
[2020-04-13 14:11:27.759571] [info] Initialize plasma_state:
[2020-04-13 14:11:27.767379] [info] Initialize pusher:
[2020-04-13 14:11:27.774607] [info] Initialize pwi:
[2020-04-13 14:11:27.787149] [info] Initialize dsmc:
[2020-04-13 14:11:27.795735] [info] Initialize bgf:
[2020-04-13 14:11:27.797853] [info] Mesh <vol_mesh> has been loaded.
[2020-04-13 14:11:27.798964] [info] Field <interpolated_control_field> has been loaded.
[2020-04-13 14:11:27.799179] [info] Particle group <forward_particles> has been successfully loaded with fields <interpolated_control_field>
[2020-04-13 14:11:27.799324] [info] Initialization took 131 milliseconds.
[2020-04-13 14:11:27.992383] [info] Itteration 1 complete. Itteration took 192 milliseconds.
[2020-04-13 14:11:28.168743] [info] Itteration 2 complete. Itteration took 176 milliseconds.
[2020-04-13 14:11:28.344045] [info] Itteration 3 complete. Itteration took 175 milliseconds.
[2020-04-13 14:11:28.521647] [info] Itteration 4 complete. Itteration took 177 milliseconds.
[2020-04-13 14:11:28.698104] [info] Itteration 5 complete. Itteration took 176 milliseconds.
[2020-04-13 14:11:28.873724] [info] Itteration 6 complete. Itteration took 175 milliseconds.
[2020-04-13 14:11:29.048801] [info] Itteration 7 complete. Itteration took 175 milliseconds.
[2020-04-13 14:11:29.223658] [info] Itteration 8 complete. Itteration took 174 milliseconds.
[2020-04-13 14:11:29.398603] [info] Itteration 9 complete. Itteration took 174 milliseconds.
[2020-04-13 14:11:29.574273] [info] Itteration 10 complete. Itteration took 175 milliseconds.
[2020-04-13 14:11:29.750905] [info] Itteration 11 complete. Itteration took 176 milliseconds.
[2020-04-13 14:11:29.926787] [info] Itteration 12 complete. Itteration took 175 milliseconds.
[2020-04-13 14:11:30.104260] [info] Itteration 13 complete. Itteration took 177 milliseconds.
[2020-04-13 14:11:30.281303] [info] Itteration 14 complete. Itteration took 176 milliseconds.
[2020-04-13 14:11:30.456937] [info] Itteration 15 complete. Itteration took 175 milliseconds.
[2020-04-13 14:11:30.634962] [info] Itteration 16 complete. Itteration took 177 milliseconds.
[2020-04-13 14:11:30.822114] [info] Itteration 17 complete. Itteration took 187 milliseconds.
[2020-04-13 14:11:30.998553] [info] Itteration 18 complete. Itteration took 176 milliseconds.
[2020-04-13 14:11:31.188443] [info] Itteration 19 complete. Itteration took 189 milliseconds.
[2020-04-13 14:11:31.378335] [info] Itteration 20 complete. Itteration took 189 milliseconds.
[2020-04-13 14:11:31.563447] [info] Itteration 21 complete. Itteration took 185 milliseconds.
[2020-04-13 14:11:31.762010] [info] Itteration 22 complete. Itteration took 198 milliseconds.
[2020-04-13 14:11:31.945591] [info] Itteration 23 complete. Itteration took 183 milliseconds.
[2020-04-13 14:11:32.122577] [info] Itteration 24 complete. Itteration took 176 milliseconds.
[2020-04-13 14:11:32.299687] [info] Itteration 25 complete. Itteration took 177 milliseconds.
[2020-04-13 14:11:32.474794] [info] Itteration 26 complete. Itteration took 175 milliseconds.
[2020-04-13 14:11:32.651676] [info] Itteration 27 complete. Itteration took 176 milliseconds.
[2020-04-13 14:11:32.836318] [info] Itteration 28 complete. Itteration took 184 milliseconds.
[2020-04-13 14:11:33.016476] [info] Itteration 29 complete. Itteration took 180 milliseconds.
[2020-04-13 14:11:33.272639] [info] Itteration 30 complete. Itteration took 256 milliseconds.
[2020-04-13 14:11:33.272693] [info] Simulation took 5473 milliseconds.
[2020-04-13 14:11:33.272714] [info] VSTRAP finished
