[2020-04-13 14:29:33.781521] [info] VSTRAP started
[2020-04-13 14:29:33.810026] [info] Initialize mesh_initializer:
[2020-04-13 14:29:33.821794] [info] Volume mesh <vol_mesh> has been initialized.
[2020-04-13 14:29:33.822330] [info] Mesh initialized without node_data.
[2020-04-13 14:29:33.822350] [info] Mesh initialized without face_data.
[2020-04-13 14:29:33.822362] [info] Mesh initialized without cell_data.
[2020-04-13 14:29:33.830798] [info] Initialize particle_initializer:
[2020-04-13 14:29:33.886670] [info] Particle group <forward_particles> has been initialized with 10000 particles of species "e-" in the domain.
[2020-04-13 14:29:33.892666] [info] Initialize plasma_state:
[2020-04-13 14:29:33.899014] [info] Initialize pusher:
[2020-04-13 14:29:33.905318] [info] Initialize pwi:
[2020-04-13 14:29:33.916694] [info] Initialize dsmc:
[2020-04-13 14:29:33.924544] [info] Initialize bgf:
[2020-04-13 14:29:33.926929] [info] Mesh <vol_mesh> has been loaded.
[2020-04-13 14:29:33.928433] [info] Field <interpolated_control_field> has been loaded.
[2020-04-13 14:29:33.928665] [info] Particle group <forward_particles> has been successfully loaded with fields <interpolated_control_field>
[2020-04-13 14:29:33.928816] [info] Initialization took 146 milliseconds.
[2020-04-13 14:29:34.109248] [info] Itteration 1 complete. Itteration took 180 milliseconds.
[2020-04-13 14:29:34.286588] [info] Itteration 2 complete. Itteration took 177 milliseconds.
[2020-04-13 14:29:34.462684] [info] Itteration 3 complete. Itteration took 176 milliseconds.
[2020-04-13 14:29:34.640872] [info] Itteration 4 complete. Itteration took 178 milliseconds.
[2020-04-13 14:29:34.851090] [info] Itteration 5 complete. Itteration took 210 milliseconds.
[2020-04-13 14:29:35.026155] [info] Itteration 6 complete. Itteration took 175 milliseconds.
[2020-04-13 14:29:35.200954] [info] Itteration 7 complete. Itteration took 174 milliseconds.
[2020-04-13 14:29:35.376249] [info] Itteration 8 complete. Itteration took 175 milliseconds.
[2020-04-13 14:29:35.552267] [info] Itteration 9 complete. Itteration took 175 milliseconds.
[2020-04-13 14:29:35.727274] [info] Itteration 10 complete. Itteration took 174 milliseconds.
[2020-04-13 14:29:35.902358] [info] Itteration 11 complete. Itteration took 175 milliseconds.
[2020-04-13 14:29:36.079322] [info] Itteration 12 complete. Itteration took 176 milliseconds.
[2020-04-13 14:29:36.253882] [info] Itteration 13 complete. Itteration took 174 milliseconds.
[2020-04-13 14:29:36.430056] [info] Itteration 14 complete. Itteration took 176 milliseconds.
[2020-04-13 14:29:36.605003] [info] Itteration 15 complete. Itteration took 174 milliseconds.
[2020-04-13 14:29:36.780419] [info] Itteration 16 complete. Itteration took 175 milliseconds.
[2020-04-13 14:29:36.955458] [info] Itteration 17 complete. Itteration took 174 milliseconds.
[2020-04-13 14:29:37.130552] [info] Itteration 18 complete. Itteration took 175 milliseconds.
[2020-04-13 14:29:37.304966] [info] Itteration 19 complete. Itteration took 174 milliseconds.
[2020-04-13 14:29:37.480997] [info] Itteration 20 complete. Itteration took 175 milliseconds.
[2020-04-13 14:29:37.656825] [info] Itteration 21 complete. Itteration took 175 milliseconds.
[2020-04-13 14:29:37.831886] [info] Itteration 22 complete. Itteration took 175 milliseconds.
[2020-04-13 14:29:38.007575] [info] Itteration 23 complete. Itteration took 175 milliseconds.
[2020-04-13 14:29:38.182933] [info] Itteration 24 complete. Itteration took 175 milliseconds.
[2020-04-13 14:29:38.359318] [info] Itteration 25 complete. Itteration took 176 milliseconds.
[2020-04-13 14:29:38.535858] [info] Itteration 26 complete. Itteration took 176 milliseconds.
[2020-04-13 14:29:38.711501] [info] Itteration 27 complete. Itteration took 175 milliseconds.
[2020-04-13 14:29:38.886616] [info] Itteration 28 complete. Itteration took 175 milliseconds.
[2020-04-13 14:29:39.062025] [info] Itteration 29 complete. Itteration took 175 milliseconds.
[2020-04-13 14:29:39.237707] [info] Itteration 30 complete. Itteration took 175 milliseconds.
[2020-04-13 14:29:39.237744] [info] Simulation took 5308 milliseconds.
[2020-04-13 14:29:39.237775] [info] VSTRAP finished
