[2020-04-13 14:12:35.604788] [info] VSTRAP started
[2020-04-13 14:12:35.638947] [info] Initialize mesh_initializer:
[2020-04-13 14:12:35.650671] [info] Volume mesh <vol_mesh> has been initialized.
[2020-04-13 14:12:35.651304] [info] Mesh initialized without node_data.
[2020-04-13 14:12:35.651327] [info] Mesh initialized without face_data.
[2020-04-13 14:12:35.651342] [info] Mesh initialized without cell_data.
[2020-04-13 14:12:35.658579] [info] Initialize particle_initializer:
[2020-04-13 14:12:35.722284] [info] Particle group <forward_particles> has been initialized with 10000 particles of species "e-" in the domain.
[2020-04-13 14:12:35.725521] [info] Initialize plasma_state:
[2020-04-13 14:12:35.731633] [info] Initialize pusher:
[2020-04-13 14:12:35.737419] [info] Initialize pwi:
[2020-04-13 14:12:35.749215] [info] Initialize dsmc:
[2020-04-13 14:12:35.757154] [info] Initialize bgf:
[2020-04-13 14:12:35.759362] [info] Mesh <vol_mesh> has been loaded.
[2020-04-13 14:12:35.761236] [info] Field <interpolated_control_field> has been loaded.
[2020-04-13 14:12:35.761503] [info] Particle group <forward_particles> has been successfully loaded with fields <interpolated_control_field>
[2020-04-13 14:12:35.761651] [info] Initialization took 155 milliseconds.
[2020-04-13 14:12:35.943108] [info] Itteration 1 complete. Itteration took 181 milliseconds.
[2020-04-13 14:12:36.120318] [info] Itteration 2 complete. Itteration took 177 milliseconds.
[2020-04-13 14:12:36.296566] [info] Itteration 3 complete. Itteration took 176 milliseconds.
[2020-04-13 14:12:36.476969] [info] Itteration 4 complete. Itteration took 180 milliseconds.
[2020-04-13 14:12:36.676941] [info] Itteration 5 complete. Itteration took 199 milliseconds.
[2020-04-13 14:12:36.855981] [info] Itteration 6 complete. Itteration took 178 milliseconds.
[2020-04-13 14:12:37.056853] [info] Itteration 7 complete. Itteration took 200 milliseconds.
[2020-04-13 14:12:37.248256] [info] Itteration 8 complete. Itteration took 191 milliseconds.
[2020-04-13 14:12:37.435681] [info] Itteration 9 complete. Itteration took 187 milliseconds.
[2020-04-13 14:12:37.626980] [info] Itteration 10 complete. Itteration took 191 milliseconds.
[2020-04-13 14:12:37.820342] [info] Itteration 11 complete. Itteration took 193 milliseconds.
[2020-04-13 14:12:38.008550] [info] Itteration 12 complete. Itteration took 188 milliseconds.
[2020-04-13 14:12:38.216653] [info] Itteration 13 complete. Itteration took 208 milliseconds.
[2020-04-13 14:12:38.411091] [info] Itteration 14 complete. Itteration took 194 milliseconds.
[2020-04-13 14:12:38.589716] [info] Itteration 15 complete. Itteration took 178 milliseconds.
[2020-04-13 14:12:38.771140] [info] Itteration 16 complete. Itteration took 181 milliseconds.
[2020-04-13 14:12:39.019710] [info] Itteration 17 complete. Itteration took 248 milliseconds.
[2020-04-13 14:12:39.201473] [info] Itteration 18 complete. Itteration took 181 milliseconds.
[2020-04-13 14:12:39.381602] [info] Itteration 19 complete. Itteration took 180 milliseconds.
[2020-04-13 14:12:39.595234] [info] Itteration 20 complete. Itteration took 213 milliseconds.
[2020-04-13 14:12:39.814634] [info] Itteration 21 complete. Itteration took 219 milliseconds.
[2020-04-13 14:12:40.017314] [info] Itteration 22 complete. Itteration took 202 milliseconds.
[2020-04-13 14:12:40.207798] [info] Itteration 23 complete. Itteration took 190 milliseconds.
[2020-04-13 14:12:40.391011] [info] Itteration 24 complete. Itteration took 183 milliseconds.
[2020-04-13 14:12:40.575003] [info] Itteration 25 complete. Itteration took 183 milliseconds.
[2020-04-13 14:12:40.752217] [info] Itteration 26 complete. Itteration took 177 milliseconds.
[2020-04-13 14:12:40.926013] [info] Itteration 27 complete. Itteration took 173 milliseconds.
[2020-04-13 14:12:41.108170] [info] Itteration 28 complete. Itteration took 182 milliseconds.
[2020-04-13 14:12:41.284589] [info] Itteration 29 complete. Itteration took 176 milliseconds.
[2020-04-13 14:12:41.460536] [info] Itteration 30 complete. Itteration took 175 milliseconds.
[2020-04-13 14:12:41.460589] [info] Simulation took 5698 milliseconds.
[2020-04-13 14:12:41.460607] [info] VSTRAP finished
