[2020-04-13 14:06:57.732864] [info] VSTRAP started
[2020-04-13 14:06:57.758585] [info] Initialize mesh_initializer:
[2020-04-13 14:06:57.772632] [info] Volume mesh <vol_mesh> has been initialized.
[2020-04-13 14:06:57.773517] [info] Mesh initialized without node_data.
[2020-04-13 14:06:57.773555] [info] Mesh initialized without face_data.
[2020-04-13 14:06:57.773571] [info] Mesh initialized without cell_data.
[2020-04-13 14:06:57.779356] [info] Initialize particle_initializer:
[2020-04-13 14:06:57.837360] [info] Particle group <forward_particles> has been initialized with 10000 particles of species "e-" in the domain.
[2020-04-13 14:06:57.842464] [info] Initialize plasma_state:
[2020-04-13 14:06:57.849912] [info] Initialize pusher:
[2020-04-13 14:06:57.855043] [info] Initialize pwi:
[2020-04-13 14:06:57.866574] [info] Initialize dsmc:
[2020-04-13 14:06:57.873659] [info] Initialize bgf:
[2020-04-13 14:06:57.875138] [info] Mesh <vol_mesh> has been loaded.
[2020-04-13 14:06:57.875902] [info] Field <interpolated_control_field> has been loaded.
[2020-04-13 14:06:57.876028] [info] Particle group <forward_particles> has been successfully loaded with fields <interpolated_control_field>
[2020-04-13 14:06:57.876119] [info] Initialization took 141 milliseconds.
[2020-04-13 14:06:58.062085] [info] Itteration 1 complete. Itteration took 185 milliseconds.
[2020-04-13 14:06:58.245168] [info] Itteration 2 complete. Itteration took 183 milliseconds.
[2020-04-13 14:06:58.428527] [info] Itteration 3 complete. Itteration took 183 milliseconds.
[2020-04-13 14:06:58.609698] [info] Itteration 4 complete. Itteration took 181 milliseconds.
[2020-04-13 14:06:58.790447] [info] Itteration 5 complete. Itteration took 180 milliseconds.
[2020-04-13 14:06:58.982495] [info] Itteration 6 complete. Itteration took 192 milliseconds.
[2020-04-13 14:06:59.167250] [info] Itteration 7 complete. Itteration took 184 milliseconds.
[2020-04-13 14:06:59.342512] [info] Itteration 8 complete. Itteration took 175 milliseconds.
[2020-04-13 14:06:59.535042] [info] Itteration 9 complete. Itteration took 192 milliseconds.
[2020-04-13 14:06:59.709778] [info] Itteration 10 complete. Itteration took 174 milliseconds.
[2020-04-13 14:06:59.885590] [info] Itteration 11 complete. Itteration took 175 milliseconds.
[2020-04-13 14:07:00.062531] [info] Itteration 12 complete. Itteration took 176 milliseconds.
[2020-04-13 14:07:00.236795] [info] Itteration 13 complete. Itteration took 174 milliseconds.
[2020-04-13 14:07:00.411801] [info] Itteration 14 complete. Itteration took 174 milliseconds.
[2020-04-13 14:07:00.585523] [info] Itteration 15 complete. Itteration took 173 milliseconds.
[2020-04-13 14:07:00.759711] [info] Itteration 16 complete. Itteration took 174 milliseconds.
[2020-04-13 14:07:00.932553] [info] Itteration 17 complete. Itteration took 172 milliseconds.
[2020-04-13 14:07:01.107133] [info] Itteration 18 complete. Itteration took 174 milliseconds.
[2020-04-13 14:07:01.280785] [info] Itteration 19 complete. Itteration took 173 milliseconds.
[2020-04-13 14:07:01.455534] [info] Itteration 20 complete. Itteration took 174 milliseconds.
[2020-04-13 14:07:01.630067] [info] Itteration 21 complete. Itteration took 174 milliseconds.
[2020-04-13 14:07:01.804936] [info] Itteration 22 complete. Itteration took 174 milliseconds.
[2020-04-13 14:07:01.979787] [info] Itteration 23 complete. Itteration took 174 milliseconds.
[2020-04-13 14:07:02.155180] [info] Itteration 24 complete. Itteration took 175 milliseconds.
[2020-04-13 14:07:02.330220] [info] Itteration 25 complete. Itteration took 174 milliseconds.
[2020-04-13 14:07:02.504117] [info] Itteration 26 complete. Itteration took 173 milliseconds.
[2020-04-13 14:07:02.678297] [info] Itteration 27 complete. Itteration took 174 milliseconds.
[2020-04-13 14:07:02.852043] [info] Itteration 28 complete. Itteration took 173 milliseconds.
[2020-04-13 14:07:03.026491] [info] Itteration 29 complete. Itteration took 174 milliseconds.
[2020-04-13 14:07:03.201261] [info] Itteration 30 complete. Itteration took 174 milliseconds.
[2020-04-13 14:07:03.201299] [info] Simulation took 5325 milliseconds.
[2020-04-13 14:07:03.201314] [info] VSTRAP finished
