[2020-04-13 14:14:52.276227] [info] VSTRAP started
[2020-04-13 14:14:52.304876] [info] Initialize mesh_initializer:
[2020-04-13 14:14:52.317076] [info] Volume mesh <vol_mesh> has been initialized.
[2020-04-13 14:14:52.317728] [info] Mesh initialized without node_data.
[2020-04-13 14:14:52.317757] [info] Mesh initialized without face_data.
[2020-04-13 14:14:52.317770] [info] Mesh initialized without cell_data.
[2020-04-13 14:14:52.325651] [info] Initialize particle_initializer:
[2020-04-13 14:14:52.386539] [info] Particle group <forward_particles> has been initialized with 10000 particles of species "e-" in the domain.
[2020-04-13 14:14:52.390137] [info] Initialize plasma_state:
[2020-04-13 14:14:52.395123] [info] Initialize pusher:
[2020-04-13 14:14:52.400513] [info] Initialize pwi:
[2020-04-13 14:14:52.412297] [info] Initialize dsmc:
[2020-04-13 14:14:52.419722] [info] Initialize bgf:
[2020-04-13 14:14:52.421629] [info] Mesh <vol_mesh> has been loaded.
[2020-04-13 14:14:52.422678] [info] Field <interpolated_control_field> has been loaded.
[2020-04-13 14:14:52.422902] [info] Particle group <forward_particles> has been successfully loaded with fields <interpolated_control_field>
[2020-04-13 14:14:52.423062] [info] Initialization took 141 milliseconds.
[2020-04-13 14:14:52.605795] [info] Itteration 1 complete. Itteration took 182 milliseconds.
[2020-04-13 14:14:52.780866] [info] Itteration 2 complete. Itteration took 175 milliseconds.
[2020-04-13 14:14:52.957074] [info] Itteration 3 complete. Itteration took 176 milliseconds.
[2020-04-13 14:14:53.133413] [info] Itteration 4 complete. Itteration took 176 milliseconds.
[2020-04-13 14:14:53.308197] [info] Itteration 5 complete. Itteration took 174 milliseconds.
[2020-04-13 14:14:53.484903] [info] Itteration 6 complete. Itteration took 176 milliseconds.
[2020-04-13 14:14:53.661413] [info] Itteration 7 complete. Itteration took 176 milliseconds.
[2020-04-13 14:14:53.836556] [info] Itteration 8 complete. Itteration took 175 milliseconds.
[2020-04-13 14:14:54.011539] [info] Itteration 9 complete. Itteration took 174 milliseconds.
[2020-04-13 14:14:54.187126] [info] Itteration 10 complete. Itteration took 175 milliseconds.
[2020-04-13 14:14:54.365883] [info] Itteration 11 complete. Itteration took 178 milliseconds.
[2020-04-13 14:14:54.540023] [info] Itteration 12 complete. Itteration took 174 milliseconds.
[2020-04-13 14:14:54.716266] [info] Itteration 13 complete. Itteration took 176 milliseconds.
[2020-04-13 14:14:54.891061] [info] Itteration 14 complete. Itteration took 174 milliseconds.
[2020-04-13 14:14:55.065953] [info] Itteration 15 complete. Itteration took 174 milliseconds.
[2020-04-13 14:14:55.242623] [info] Itteration 16 complete. Itteration took 176 milliseconds.
[2020-04-13 14:14:55.417455] [info] Itteration 17 complete. Itteration took 174 milliseconds.
[2020-04-13 14:14:55.591791] [info] Itteration 18 complete. Itteration took 174 milliseconds.
[2020-04-13 14:14:55.766497] [info] Itteration 19 complete. Itteration took 174 milliseconds.
[2020-04-13 14:14:55.943438] [info] Itteration 20 complete. Itteration took 176 milliseconds.
[2020-04-13 14:14:56.118817] [info] Itteration 21 complete. Itteration took 175 milliseconds.
[2020-04-13 14:14:56.293580] [info] Itteration 22 complete. Itteration took 174 milliseconds.
[2020-04-13 14:14:56.471080] [info] Itteration 23 complete. Itteration took 177 milliseconds.
[2020-04-13 14:14:56.645388] [info] Itteration 24 complete. Itteration took 174 milliseconds.
[2020-04-13 14:14:56.820178] [info] Itteration 25 complete. Itteration took 174 milliseconds.
[2020-04-13 14:14:56.994687] [info] Itteration 26 complete. Itteration took 174 milliseconds.
[2020-04-13 14:14:57.170190] [info] Itteration 27 complete. Itteration took 175 milliseconds.
[2020-04-13 14:14:57.346337] [info] Itteration 28 complete. Itteration took 176 milliseconds.
[2020-04-13 14:14:57.521259] [info] Itteration 29 complete. Itteration took 174 milliseconds.
[2020-04-13 14:14:57.697873] [info] Itteration 30 complete. Itteration took 176 milliseconds.
[2020-04-13 14:14:57.697926] [info] Simulation took 5274 milliseconds.
[2020-04-13 14:14:57.697939] [info] VSTRAP finished
