[2020-04-13 14:32:11.731044] [info] VSTRAP started
[2020-04-13 14:32:11.759851] [info] Initialize mesh_initializer:
[2020-04-13 14:32:11.772449] [info] Volume mesh <vol_mesh> has been initialized.
[2020-04-13 14:32:11.774594] [info] Mesh initialized without node_data.
[2020-04-13 14:32:11.775194] [info] Mesh initialized without face_data.
[2020-04-13 14:32:11.775218] [info] Mesh initialized without cell_data.
[2020-04-13 14:32:11.783498] [info] Initialize particle_initializer:
[2020-04-13 14:32:11.838341] [info] Particle group <forward_particles> has been initialized with 10000 particles of species "e-" in the domain.
[2020-04-13 14:32:11.842480] [info] Initialize plasma_state:
[2020-04-13 14:32:11.847510] [info] Initialize pusher:
[2020-04-13 14:32:11.853009] [info] Initialize pwi:
[2020-04-13 14:32:11.863713] [info] Initialize dsmc:
[2020-04-13 14:32:11.871288] [info] Initialize bgf:
[2020-04-13 14:32:11.873655] [info] Mesh <vol_mesh> has been loaded.
[2020-04-13 14:32:11.874666] [info] Field <interpolated_control_field> has been loaded.
[2020-04-13 14:32:11.874812] [info] Particle group <forward_particles> has been successfully loaded with fields <interpolated_control_field>
[2020-04-13 14:32:11.874942] [info] Initialization took 143 milliseconds.
[2020-04-13 14:32:12.057644] [info] Itteration 1 complete. Itteration took 182 milliseconds.
[2020-04-13 14:32:12.233636] [info] Itteration 2 complete. Itteration took 175 milliseconds.
[2020-04-13 14:32:12.411490] [info] Itteration 3 complete. Itteration took 177 milliseconds.
[2020-04-13 14:32:12.586933] [info] Itteration 4 complete. Itteration took 175 milliseconds.
[2020-04-13 14:32:12.762162] [info] Itteration 5 complete. Itteration took 175 milliseconds.
[2020-04-13 14:32:12.937251] [info] Itteration 6 complete. Itteration took 175 milliseconds.
[2020-04-13 14:32:13.113059] [info] Itteration 7 complete. Itteration took 175 milliseconds.
[2020-04-13 14:32:13.288094] [info] Itteration 8 complete. Itteration took 174 milliseconds.
[2020-04-13 14:32:13.462882] [info] Itteration 9 complete. Itteration took 174 milliseconds.
[2020-04-13 14:32:13.639269] [info] Itteration 10 complete. Itteration took 176 milliseconds.
[2020-04-13 14:32:13.814778] [info] Itteration 11 complete. Itteration took 175 milliseconds.
[2020-04-13 14:32:13.990362] [info] Itteration 12 complete. Itteration took 175 milliseconds.
[2020-04-13 14:32:14.165885] [info] Itteration 13 complete. Itteration took 175 milliseconds.
[2020-04-13 14:32:14.340908] [info] Itteration 14 complete. Itteration took 174 milliseconds.
[2020-04-13 14:32:14.516844] [info] Itteration 15 complete. Itteration took 175 milliseconds.
[2020-04-13 14:32:14.691967] [info] Itteration 16 complete. Itteration took 175 milliseconds.
[2020-04-13 14:32:14.867386] [info] Itteration 17 complete. Itteration took 175 milliseconds.
[2020-04-13 14:32:15.042039] [info] Itteration 18 complete. Itteration took 174 milliseconds.
[2020-04-13 14:32:15.216988] [info] Itteration 19 complete. Itteration took 174 milliseconds.
[2020-04-13 14:32:15.393283] [info] Itteration 20 complete. Itteration took 176 milliseconds.
[2020-04-13 14:32:15.567420] [info] Itteration 21 complete. Itteration took 174 milliseconds.
[2020-04-13 14:32:15.743044] [info] Itteration 22 complete. Itteration took 175 milliseconds.
[2020-04-13 14:32:15.917205] [info] Itteration 23 complete. Itteration took 174 milliseconds.
[2020-04-13 14:32:16.091763] [info] Itteration 24 complete. Itteration took 174 milliseconds.
[2020-04-13 14:32:16.267537] [info] Itteration 25 complete. Itteration took 175 milliseconds.
[2020-04-13 14:32:16.445740] [info] Itteration 26 complete. Itteration took 178 milliseconds.
[2020-04-13 14:32:16.623889] [info] Itteration 27 complete. Itteration took 178 milliseconds.
[2020-04-13 14:32:16.799007] [info] Itteration 28 complete. Itteration took 175 milliseconds.
[2020-04-13 14:32:16.973764] [info] Itteration 29 complete. Itteration took 174 milliseconds.
[2020-04-13 14:32:17.149606] [info] Itteration 30 complete. Itteration took 175 milliseconds.
[2020-04-13 14:32:17.149644] [info] Simulation took 5274 milliseconds.
[2020-04-13 14:32:17.149675] [info] VSTRAP finished
