[2020-04-13 14:31:24.279663] [info] VSTRAP started
[2020-04-13 14:31:24.302219] [info] Initialize mesh_initializer:
[2020-04-13 14:31:24.313005] [info] Volume mesh <vol_mesh> has been initialized.
[2020-04-13 14:31:24.313523] [info] Mesh initialized without node_data.
[2020-04-13 14:31:24.313545] [info] Mesh initialized without face_data.
[2020-04-13 14:31:24.313557] [info] Mesh initialized without cell_data.
[2020-04-13 14:31:24.321772] [info] Initialize particle_initializer:
[2020-04-13 14:31:24.373436] [info] Particle group <forward_particles> has been initialized with 10000 particles of species "e-" in the domain.
[2020-04-13 14:31:24.378975] [info] Initialize plasma_state:
[2020-04-13 14:31:24.387798] [info] Initialize pusher:
[2020-04-13 14:31:24.394695] [info] Initialize pwi:
[2020-04-13 14:31:24.405582] [info] Initialize dsmc:
[2020-04-13 14:31:24.414513] [info] Initialize bgf:
[2020-04-13 14:31:24.416781] [info] Mesh <vol_mesh> has been loaded.
[2020-04-13 14:31:24.417882] [info] Field <interpolated_control_field> has been loaded.
[2020-04-13 14:31:24.418030] [info] Particle group <forward_particles> has been successfully loaded with fields <interpolated_control_field>
[2020-04-13 14:31:24.418143] [info] Initialization took 138 milliseconds.
[2020-04-13 14:31:24.601215] [info] Itteration 1 complete. Itteration took 182 milliseconds.
[2020-04-13 14:31:24.777128] [info] Itteration 2 complete. Itteration took 175 milliseconds.
[2020-04-13 14:31:24.951939] [info] Itteration 3 complete. Itteration took 174 milliseconds.
[2020-04-13 14:31:25.127289] [info] Itteration 4 complete. Itteration took 175 milliseconds.
[2020-04-13 14:31:25.301811] [info] Itteration 5 complete. Itteration took 174 milliseconds.
[2020-04-13 14:31:25.478098] [info] Itteration 6 complete. Itteration took 176 milliseconds.
[2020-04-13 14:31:25.653709] [info] Itteration 7 complete. Itteration took 175 milliseconds.
[2020-04-13 14:31:25.828018] [info] Itteration 8 complete. Itteration took 174 milliseconds.
[2020-04-13 14:31:26.004017] [info] Itteration 9 complete. Itteration took 175 milliseconds.
[2020-04-13 14:31:26.179378] [info] Itteration 10 complete. Itteration took 175 milliseconds.
[2020-04-13 14:31:26.355333] [info] Itteration 11 complete. Itteration took 175 milliseconds.
[2020-04-13 14:31:26.530587] [info] Itteration 12 complete. Itteration took 175 milliseconds.
[2020-04-13 14:31:26.705376] [info] Itteration 13 complete. Itteration took 174 milliseconds.
[2020-04-13 14:31:26.881128] [info] Itteration 14 complete. Itteration took 175 milliseconds.
[2020-04-13 14:31:27.056073] [info] Itteration 15 complete. Itteration took 174 milliseconds.
[2020-04-13 14:31:27.231716] [info] Itteration 16 complete. Itteration took 175 milliseconds.
[2020-04-13 14:31:27.406952] [info] Itteration 17 complete. Itteration took 175 milliseconds.
[2020-04-13 14:31:27.583716] [info] Itteration 18 complete. Itteration took 176 milliseconds.
[2020-04-13 14:31:27.759104] [info] Itteration 19 complete. Itteration took 175 milliseconds.
[2020-04-13 14:31:27.934756] [info] Itteration 20 complete. Itteration took 175 milliseconds.
[2020-04-13 14:31:28.110068] [info] Itteration 21 complete. Itteration took 175 milliseconds.
[2020-04-13 14:31:28.286358] [info] Itteration 22 complete. Itteration took 176 milliseconds.
[2020-04-13 14:31:28.461002] [info] Itteration 23 complete. Itteration took 174 milliseconds.
[2020-04-13 14:31:28.636682] [info] Itteration 24 complete. Itteration took 175 milliseconds.
[2020-04-13 14:31:28.812339] [info] Itteration 25 complete. Itteration took 175 milliseconds.
[2020-04-13 14:31:28.987200] [info] Itteration 26 complete. Itteration took 174 milliseconds.
[2020-04-13 14:31:29.162574] [info] Itteration 27 complete. Itteration took 175 milliseconds.
[2020-04-13 14:31:29.337707] [info] Itteration 28 complete. Itteration took 175 milliseconds.
[2020-04-13 14:31:29.513141] [info] Itteration 29 complete. Itteration took 175 milliseconds.
[2020-04-13 14:31:29.688251] [info] Itteration 30 complete. Itteration took 175 milliseconds.
[2020-04-13 14:31:29.688292] [info] Simulation took 5269 milliseconds.
[2020-04-13 14:31:29.688308] [info] VSTRAP finished
