[2020-04-13 14:32:47.364897] [info] VSTRAP started
[2020-04-13 14:32:47.392612] [info] Initialize mesh_initializer:
[2020-04-13 14:32:47.404370] [info] Volume mesh <vol_mesh> has been initialized.
[2020-04-13 14:32:47.404908] [info] Mesh initialized without node_data.
[2020-04-13 14:32:47.404928] [info] Mesh initialized without face_data.
[2020-04-13 14:32:47.404940] [info] Mesh initialized without cell_data.
[2020-04-13 14:32:47.413485] [info] Initialize particle_initializer:
[2020-04-13 14:32:47.465415] [info] Particle group <forward_particles> has been initialized with 10000 particles of species "e-" in the domain.
[2020-04-13 14:32:47.471122] [info] Initialize plasma_state:
[2020-04-13 14:32:47.478708] [info] Initialize pusher:
[2020-04-13 14:32:47.484624] [info] Initialize pwi:
[2020-04-13 14:32:47.496144] [info] Initialize dsmc:
[2020-04-13 14:32:47.504496] [info] Initialize bgf:
[2020-04-13 14:32:47.507232] [info] Mesh <vol_mesh> has been loaded.
[2020-04-13 14:32:47.508661] [info] Field <interpolated_control_field> has been loaded.
[2020-04-13 14:32:47.508866] [info] Particle group <forward_particles> has been successfully loaded with fields <interpolated_control_field>
[2020-04-13 14:32:47.509019] [info] Initialization took 143 milliseconds.
[2020-04-13 14:32:47.692514] [info] Itteration 1 complete. Itteration took 183 milliseconds.
[2020-04-13 14:32:47.870065] [info] Itteration 2 complete. Itteration took 177 milliseconds.
[2020-04-13 14:32:48.045221] [info] Itteration 3 complete. Itteration took 175 milliseconds.
[2020-04-13 14:32:48.221861] [info] Itteration 4 complete. Itteration took 176 milliseconds.
[2020-04-13 14:32:48.397202] [info] Itteration 5 complete. Itteration took 175 milliseconds.
[2020-04-13 14:32:48.572947] [info] Itteration 6 complete. Itteration took 175 milliseconds.
[2020-04-13 14:32:48.748719] [info] Itteration 7 complete. Itteration took 175 milliseconds.
[2020-04-13 14:32:48.923825] [info] Itteration 8 complete. Itteration took 175 milliseconds.
[2020-04-13 14:32:49.098785] [info] Itteration 9 complete. Itteration took 174 milliseconds.
[2020-04-13 14:32:49.274286] [info] Itteration 10 complete. Itteration took 175 milliseconds.
[2020-04-13 14:32:49.451481] [info] Itteration 11 complete. Itteration took 177 milliseconds.
[2020-04-13 14:32:49.627166] [info] Itteration 12 complete. Itteration took 175 milliseconds.
[2020-04-13 14:32:49.802178] [info] Itteration 13 complete. Itteration took 174 milliseconds.
[2020-04-13 14:32:49.979432] [info] Itteration 14 complete. Itteration took 177 milliseconds.
[2020-04-13 14:32:50.156425] [info] Itteration 15 complete. Itteration took 176 milliseconds.
[2020-04-13 14:32:50.332134] [info] Itteration 16 complete. Itteration took 175 milliseconds.
[2020-04-13 14:32:50.509071] [info] Itteration 17 complete. Itteration took 176 milliseconds.
[2020-04-13 14:32:50.685070] [info] Itteration 18 complete. Itteration took 175 milliseconds.
[2020-04-13 14:32:50.861014] [info] Itteration 19 complete. Itteration took 175 milliseconds.
[2020-04-13 14:32:51.036713] [info] Itteration 20 complete. Itteration took 175 milliseconds.
[2020-04-13 14:32:51.213229] [info] Itteration 21 complete. Itteration took 176 milliseconds.
[2020-04-13 14:32:51.390167] [info] Itteration 22 complete. Itteration took 176 milliseconds.
[2020-04-13 14:32:51.565829] [info] Itteration 23 complete. Itteration took 175 milliseconds.
[2020-04-13 14:32:51.742176] [info] Itteration 24 complete. Itteration took 176 milliseconds.
[2020-04-13 14:32:51.918380] [info] Itteration 25 complete. Itteration took 176 milliseconds.
[2020-04-13 14:32:52.095106] [info] Itteration 26 complete. Itteration took 176 milliseconds.
[2020-04-13 14:32:52.272140] [info] Itteration 27 complete. Itteration took 176 milliseconds.
[2020-04-13 14:32:52.448600] [info] Itteration 28 complete. Itteration took 176 milliseconds.
[2020-04-13 14:32:52.624711] [info] Itteration 29 complete. Itteration took 176 milliseconds.
[2020-04-13 14:32:52.800203] [info] Itteration 30 complete. Itteration took 175 milliseconds.
[2020-04-13 14:32:52.800242] [info] Simulation took 5290 milliseconds.
[2020-04-13 14:32:52.800273] [info] VSTRAP finished
