[2020-04-13 14:32:23.610131] [info] VSTRAP started
[2020-04-13 14:32:23.637841] [info] Initialize mesh_initializer:
[2020-04-13 14:32:23.649626] [info] Volume mesh <vol_mesh> has been initialized.
[2020-04-13 14:32:23.650173] [info] Mesh initialized without node_data.
[2020-04-13 14:32:23.650197] [info] Mesh initialized without face_data.
[2020-04-13 14:32:23.650210] [info] Mesh initialized without cell_data.
[2020-04-13 14:32:23.658813] [info] Initialize particle_initializer:
[2020-04-13 14:32:23.711061] [info] Particle group <forward_particles> has been initialized with 10000 particles of species "e-" in the domain.
[2020-04-13 14:32:23.716489] [info] Initialize plasma_state:
[2020-04-13 14:32:23.724202] [info] Initialize pusher:
[2020-04-13 14:32:23.729971] [info] Initialize pwi:
[2020-04-13 14:32:23.740865] [info] Initialize dsmc:
[2020-04-13 14:32:23.748448] [info] Initialize bgf:
[2020-04-13 14:32:23.750089] [info] Mesh <vol_mesh> has been loaded.
[2020-04-13 14:32:23.751411] [info] Field <interpolated_control_field> has been loaded.
[2020-04-13 14:32:23.751621] [info] Particle group <forward_particles> has been successfully loaded with fields <interpolated_control_field>
[2020-04-13 14:32:23.751736] [info] Initialization took 141 milliseconds.
[2020-04-13 14:32:23.934338] [info] Itteration 1 complete. Itteration took 182 milliseconds.
[2020-04-13 14:32:24.109209] [info] Itteration 2 complete. Itteration took 174 milliseconds.
[2020-04-13 14:32:24.285369] [info] Itteration 3 complete. Itteration took 176 milliseconds.
[2020-04-13 14:32:24.469400] [info] Itteration 4 complete. Itteration took 183 milliseconds.
[2020-04-13 14:32:24.644829] [info] Itteration 5 complete. Itteration took 175 milliseconds.
[2020-04-13 14:32:24.819659] [info] Itteration 6 complete. Itteration took 174 milliseconds.
[2020-04-13 14:32:24.995104] [info] Itteration 7 complete. Itteration took 175 milliseconds.
[2020-04-13 14:32:25.170051] [info] Itteration 8 complete. Itteration took 174 milliseconds.
[2020-04-13 14:32:25.345651] [info] Itteration 9 complete. Itteration took 175 milliseconds.
[2020-04-13 14:32:25.520259] [info] Itteration 10 complete. Itteration took 174 milliseconds.
[2020-04-13 14:32:25.696134] [info] Itteration 11 complete. Itteration took 175 milliseconds.
[2020-04-13 14:32:25.871426] [info] Itteration 12 complete. Itteration took 175 milliseconds.
[2020-04-13 14:32:26.047597] [info] Itteration 13 complete. Itteration took 176 milliseconds.
[2020-04-13 14:32:26.223166] [info] Itteration 14 complete. Itteration took 175 milliseconds.
[2020-04-13 14:32:26.399032] [info] Itteration 15 complete. Itteration took 175 milliseconds.
[2020-04-13 14:32:26.574527] [info] Itteration 16 complete. Itteration took 175 milliseconds.
[2020-04-13 14:32:26.749946] [info] Itteration 17 complete. Itteration took 175 milliseconds.
[2020-04-13 14:32:26.924773] [info] Itteration 18 complete. Itteration took 174 milliseconds.
[2020-04-13 14:32:27.100074] [info] Itteration 19 complete. Itteration took 175 milliseconds.
[2020-04-13 14:32:27.275374] [info] Itteration 20 complete. Itteration took 175 milliseconds.
[2020-04-13 14:32:27.450759] [info] Itteration 21 complete. Itteration took 175 milliseconds.
[2020-04-13 14:32:27.626160] [info] Itteration 22 complete. Itteration took 175 milliseconds.
[2020-04-13 14:32:27.800761] [info] Itteration 23 complete. Itteration took 174 milliseconds.
[2020-04-13 14:32:27.977237] [info] Itteration 24 complete. Itteration took 176 milliseconds.
[2020-04-13 14:32:28.151789] [info] Itteration 25 complete. Itteration took 174 milliseconds.
[2020-04-13 14:32:28.327565] [info] Itteration 26 complete. Itteration took 175 milliseconds.
[2020-04-13 14:32:28.503236] [info] Itteration 27 complete. Itteration took 175 milliseconds.
[2020-04-13 14:32:28.678494] [info] Itteration 28 complete. Itteration took 175 milliseconds.
[2020-04-13 14:32:28.853804] [info] Itteration 29 complete. Itteration took 175 milliseconds.
[2020-04-13 14:32:29.028371] [info] Itteration 30 complete. Itteration took 174 milliseconds.
[2020-04-13 14:32:29.028409] [info] Simulation took 5276 milliseconds.
[2020-04-13 14:32:29.028440] [info] VSTRAP finished
