[2020-04-13 14:31:47.974301] [info] VSTRAP started
[2020-04-13 14:31:48.002017] [info] Initialize mesh_initializer:
[2020-04-13 14:31:48.014203] [info] Volume mesh <vol_mesh> has been initialized.
[2020-04-13 14:31:48.014722] [info] Mesh initialized without node_data.
[2020-04-13 14:31:48.014745] [info] Mesh initialized without face_data.
[2020-04-13 14:31:48.014758] [info] Mesh initialized without cell_data.
[2020-04-13 14:31:48.023361] [info] Initialize particle_initializer:
[2020-04-13 14:31:48.075281] [info] Particle group <forward_particles> has been initialized with 10000 particles of species "e-" in the domain.
[2020-04-13 14:31:48.080991] [info] Initialize plasma_state:
[2020-04-13 14:31:48.088394] [info] Initialize pusher:
[2020-04-13 14:31:48.094119] [info] Initialize pwi:
[2020-04-13 14:31:48.105553] [info] Initialize dsmc:
[2020-04-13 14:31:48.113767] [info] Initialize bgf:
[2020-04-13 14:31:48.116522] [info] Mesh <vol_mesh> has been loaded.
[2020-04-13 14:31:48.117924] [info] Field <interpolated_control_field> has been loaded.
[2020-04-13 14:31:48.118152] [info] Particle group <forward_particles> has been successfully loaded with fields <interpolated_control_field>
[2020-04-13 14:31:48.118303] [info] Initialization took 143 milliseconds.
[2020-04-13 14:31:48.301664] [info] Itteration 1 complete. Itteration took 183 milliseconds.
[2020-04-13 14:31:48.478536] [info] Itteration 2 complete. Itteration took 176 milliseconds.
[2020-04-13 14:31:48.660130] [info] Itteration 3 complete. Itteration took 181 milliseconds.
[2020-04-13 14:31:48.835940] [info] Itteration 4 complete. Itteration took 175 milliseconds.
[2020-04-13 14:31:49.010391] [info] Itteration 5 complete. Itteration took 174 milliseconds.
[2020-04-13 14:31:49.186316] [info] Itteration 6 complete. Itteration took 175 milliseconds.
[2020-04-13 14:31:49.362660] [info] Itteration 7 complete. Itteration took 176 milliseconds.
[2020-04-13 14:31:49.538440] [info] Itteration 8 complete. Itteration took 175 milliseconds.
[2020-04-13 14:31:49.714724] [info] Itteration 9 complete. Itteration took 176 milliseconds.
[2020-04-13 14:31:49.889538] [info] Itteration 10 complete. Itteration took 174 milliseconds.
[2020-04-13 14:31:50.065680] [info] Itteration 11 complete. Itteration took 176 milliseconds.
[2020-04-13 14:31:50.243986] [info] Itteration 12 complete. Itteration took 178 milliseconds.
[2020-04-13 14:31:50.419696] [info] Itteration 13 complete. Itteration took 175 milliseconds.
[2020-04-13 14:31:50.594392] [info] Itteration 14 complete. Itteration took 174 milliseconds.
[2020-04-13 14:31:50.770466] [info] Itteration 15 complete. Itteration took 176 milliseconds.
[2020-04-13 14:31:50.946123] [info] Itteration 16 complete. Itteration took 175 milliseconds.
[2020-04-13 14:31:51.121700] [info] Itteration 17 complete. Itteration took 175 milliseconds.
[2020-04-13 14:31:51.296388] [info] Itteration 18 complete. Itteration took 174 milliseconds.
[2020-04-13 14:31:51.471846] [info] Itteration 19 complete. Itteration took 175 milliseconds.
[2020-04-13 14:31:51.650218] [info] Itteration 20 complete. Itteration took 178 milliseconds.
[2020-04-13 14:31:51.825336] [info] Itteration 21 complete. Itteration took 175 milliseconds.
[2020-04-13 14:31:52.001083] [info] Itteration 22 complete. Itteration took 175 milliseconds.
[2020-04-13 14:31:52.176472] [info] Itteration 23 complete. Itteration took 175 milliseconds.
[2020-04-13 14:31:52.352111] [info] Itteration 24 complete. Itteration took 175 milliseconds.
[2020-04-13 14:31:52.527674] [info] Itteration 25 complete. Itteration took 175 milliseconds.
[2020-04-13 14:31:52.703002] [info] Itteration 26 complete. Itteration took 175 milliseconds.
[2020-04-13 14:31:52.878042] [info] Itteration 27 complete. Itteration took 174 milliseconds.
[2020-04-13 14:31:53.053293] [info] Itteration 28 complete. Itteration took 175 milliseconds.
[2020-04-13 14:31:53.229289] [info] Itteration 29 complete. Itteration took 175 milliseconds.
[2020-04-13 14:31:53.405496] [info] Itteration 30 complete. Itteration took 176 milliseconds.
[2020-04-13 14:31:53.405534] [info] Simulation took 5286 milliseconds.
[2020-04-13 14:31:53.405566] [info] VSTRAP finished
