[2020-04-13 14:33:22.999706] [info] VSTRAP started
[2020-04-13 14:33:23.022214] [info] Initialize mesh_initializer:
[2020-04-13 14:33:23.032973] [info] Volume mesh <vol_mesh> has been initialized.
[2020-04-13 14:33:23.033520] [info] Mesh initialized without node_data.
[2020-04-13 14:33:23.033543] [info] Mesh initialized without face_data.
[2020-04-13 14:33:23.033555] [info] Mesh initialized without cell_data.
[2020-04-13 14:33:23.041897] [info] Initialize particle_initializer:
[2020-04-13 14:33:23.093574] [info] Particle group <forward_particles> has been initialized with 10000 particles of species "e-" in the domain.
[2020-04-13 14:33:23.098937] [info] Initialize plasma_state:
[2020-04-13 14:33:23.107990] [info] Initialize pusher:
[2020-04-13 14:33:23.114806] [info] Initialize pwi:
[2020-04-13 14:33:23.125757] [info] Initialize dsmc:
[2020-04-13 14:33:23.133525] [info] Initialize bgf:
[2020-04-13 14:33:23.136294] [info] Mesh <vol_mesh> has been loaded.
[2020-04-13 14:33:23.137484] [info] Field <interpolated_control_field> has been loaded.
[2020-04-13 14:33:23.137672] [info] Particle group <forward_particles> has been successfully loaded with fields <interpolated_control_field>
[2020-04-13 14:33:23.137799] [info] Initialization took 137 milliseconds.
[2020-04-13 14:33:23.322341] [info] Itteration 1 complete. Itteration took 184 milliseconds.
[2020-04-13 14:33:23.499043] [info] Itteration 2 complete. Itteration took 176 milliseconds.
[2020-04-13 14:33:23.674339] [info] Itteration 3 complete. Itteration took 175 milliseconds.
[2020-04-13 14:33:23.850258] [info] Itteration 4 complete. Itteration took 175 milliseconds.
[2020-04-13 14:33:24.025446] [info] Itteration 5 complete. Itteration took 175 milliseconds.
[2020-04-13 14:33:24.201150] [info] Itteration 6 complete. Itteration took 175 milliseconds.
[2020-04-13 14:33:24.376647] [info] Itteration 7 complete. Itteration took 175 milliseconds.
[2020-04-13 14:33:24.552728] [info] Itteration 8 complete. Itteration took 176 milliseconds.
[2020-04-13 14:33:24.728680] [info] Itteration 9 complete. Itteration took 175 milliseconds.
[2020-04-13 14:33:24.904425] [info] Itteration 10 complete. Itteration took 175 milliseconds.
[2020-04-13 14:33:25.079786] [info] Itteration 11 complete. Itteration took 175 milliseconds.
[2020-04-13 14:33:25.255760] [info] Itteration 12 complete. Itteration took 175 milliseconds.
[2020-04-13 14:33:25.431928] [info] Itteration 13 complete. Itteration took 176 milliseconds.
[2020-04-13 14:33:25.608420] [info] Itteration 14 complete. Itteration took 176 milliseconds.
[2020-04-13 14:33:25.783826] [info] Itteration 15 complete. Itteration took 175 milliseconds.
[2020-04-13 14:33:25.959312] [info] Itteration 16 complete. Itteration took 175 milliseconds.
[2020-04-13 14:33:26.134756] [info] Itteration 17 complete. Itteration took 175 milliseconds.
[2020-04-13 14:33:26.310464] [info] Itteration 18 complete. Itteration took 175 milliseconds.
[2020-04-13 14:33:26.489179] [info] Itteration 19 complete. Itteration took 178 milliseconds.
[2020-04-13 14:33:26.664682] [info] Itteration 20 complete. Itteration took 175 milliseconds.
[2020-04-13 14:33:26.840216] [info] Itteration 21 complete. Itteration took 175 milliseconds.
[2020-04-13 14:33:27.015535] [info] Itteration 22 complete. Itteration took 175 milliseconds.
[2020-04-13 14:33:27.191545] [info] Itteration 23 complete. Itteration took 175 milliseconds.
[2020-04-13 14:33:27.368041] [info] Itteration 24 complete. Itteration took 176 milliseconds.
[2020-04-13 14:33:27.545002] [info] Itteration 25 complete. Itteration took 176 milliseconds.
[2020-04-13 14:33:27.720243] [info] Itteration 26 complete. Itteration took 175 milliseconds.
[2020-04-13 14:33:27.895594] [info] Itteration 27 complete. Itteration took 175 milliseconds.
[2020-04-13 14:33:28.070791] [info] Itteration 28 complete. Itteration took 175 milliseconds.
[2020-04-13 14:33:28.246757] [info] Itteration 29 complete. Itteration took 175 milliseconds.
[2020-04-13 14:33:28.423126] [info] Itteration 30 complete. Itteration took 176 milliseconds.
[2020-04-13 14:33:28.423162] [info] Simulation took 5285 milliseconds.
[2020-04-13 14:33:28.423194] [info] VSTRAP finished
