[2020-04-13 14:13:16.563204] [info] VSTRAP started
[2020-04-13 14:13:16.589615] [info] Initialize mesh_initializer:
[2020-04-13 14:13:16.602278] [info] Volume mesh <vol_mesh> has been initialized.
[2020-04-13 14:13:16.603239] [info] Mesh initialized without node_data.
[2020-04-13 14:13:16.603262] [info] Mesh initialized without face_data.
[2020-04-13 14:13:16.603276] [info] Mesh initialized without cell_data.
[2020-04-13 14:13:16.608289] [info] Initialize particle_initializer:
[2020-04-13 14:13:16.662770] [info] Particle group <forward_particles> has been initialized with 10000 particles of species "e-" in the domain.
[2020-04-13 14:13:16.667417] [info] Initialize plasma_state:
[2020-04-13 14:13:16.674945] [info] Initialize pusher:
[2020-04-13 14:13:16.680988] [info] Initialize pwi:
[2020-04-13 14:13:16.692593] [info] Initialize dsmc:
[2020-04-13 14:13:16.700071] [info] Initialize bgf:
[2020-04-13 14:13:16.702225] [info] Mesh <vol_mesh> has been loaded.
[2020-04-13 14:13:16.703365] [info] Field <interpolated_control_field> has been loaded.
[2020-04-13 14:13:16.703579] [info] Particle group <forward_particles> has been successfully loaded with fields <interpolated_control_field>
[2020-04-13 14:13:16.703729] [info] Initialization took 140 milliseconds.
[2020-04-13 14:13:16.888195] [info] Itteration 1 complete. Itteration took 184 milliseconds.
[2020-04-13 14:13:17.069196] [info] Itteration 2 complete. Itteration took 180 milliseconds.
[2020-04-13 14:13:17.246204] [info] Itteration 3 complete. Itteration took 176 milliseconds.
[2020-04-13 14:13:17.424539] [info] Itteration 4 complete. Itteration took 178 milliseconds.
[2020-04-13 14:13:17.599641] [info] Itteration 5 complete. Itteration took 175 milliseconds.
[2020-04-13 14:13:17.775424] [info] Itteration 6 complete. Itteration took 175 milliseconds.
[2020-04-13 14:13:17.949573] [info] Itteration 7 complete. Itteration took 174 milliseconds.
[2020-04-13 14:13:18.124408] [info] Itteration 8 complete. Itteration took 174 milliseconds.
[2020-04-13 14:13:18.300321] [info] Itteration 9 complete. Itteration took 175 milliseconds.
[2020-04-13 14:13:18.475526] [info] Itteration 10 complete. Itteration took 175 milliseconds.
[2020-04-13 14:13:18.650144] [info] Itteration 11 complete. Itteration took 174 milliseconds.
[2020-04-13 14:13:18.825289] [info] Itteration 12 complete. Itteration took 175 milliseconds.
[2020-04-13 14:13:18.999974] [info] Itteration 13 complete. Itteration took 174 milliseconds.
[2020-04-13 14:13:19.175403] [info] Itteration 14 complete. Itteration took 175 milliseconds.
[2020-04-13 14:13:19.349885] [info] Itteration 15 complete. Itteration took 174 milliseconds.
[2020-04-13 14:13:19.524830] [info] Itteration 16 complete. Itteration took 174 milliseconds.
[2020-04-13 14:13:19.699296] [info] Itteration 17 complete. Itteration took 174 milliseconds.
[2020-04-13 14:13:19.874719] [info] Itteration 18 complete. Itteration took 175 milliseconds.
[2020-04-13 14:13:20.048734] [info] Itteration 19 complete. Itteration took 173 milliseconds.
[2020-04-13 14:13:20.223808] [info] Itteration 20 complete. Itteration took 175 milliseconds.
[2020-04-13 14:13:20.398713] [info] Itteration 21 complete. Itteration took 174 milliseconds.
[2020-04-13 14:13:20.576019] [info] Itteration 22 complete. Itteration took 177 milliseconds.
[2020-04-13 14:13:20.750110] [info] Itteration 23 complete. Itteration took 174 milliseconds.
[2020-04-13 14:13:20.926629] [info] Itteration 24 complete. Itteration took 176 milliseconds.
[2020-04-13 14:13:21.101583] [info] Itteration 25 complete. Itteration took 174 milliseconds.
[2020-04-13 14:13:21.280831] [info] Itteration 26 complete. Itteration took 179 milliseconds.
[2020-04-13 14:13:21.455354] [info] Itteration 27 complete. Itteration took 174 milliseconds.
[2020-04-13 14:13:21.630569] [info] Itteration 28 complete. Itteration took 175 milliseconds.
[2020-04-13 14:13:21.806948] [info] Itteration 29 complete. Itteration took 176 milliseconds.
[2020-04-13 14:13:21.981989] [info] Itteration 30 complete. Itteration took 174 milliseconds.
[2020-04-13 14:13:21.982026] [info] Simulation took 5278 milliseconds.
[2020-04-13 14:13:21.982056] [info] VSTRAP finished
