[2020-04-13 14:33:34.869027] [info] VSTRAP started
[2020-04-13 14:33:34.892833] [info] Initialize mesh_initializer:
[2020-04-13 14:33:34.904462] [info] Volume mesh <vol_mesh> has been initialized.
[2020-04-13 14:33:34.904996] [info] Mesh initialized without node_data.
[2020-04-13 14:33:34.905017] [info] Mesh initialized without face_data.
[2020-04-13 14:33:34.905028] [info] Mesh initialized without cell_data.
[2020-04-13 14:33:34.913399] [info] Initialize particle_initializer:
[2020-04-13 14:33:34.965229] [info] Particle group <forward_particles> has been initialized with 10000 particles of species "e-" in the domain.
[2020-04-13 14:33:34.970723] [info] Initialize plasma_state:
[2020-04-13 14:33:34.979550] [info] Initialize pusher:
[2020-04-13 14:33:34.985651] [info] Initialize pwi:
[2020-04-13 14:33:34.996511] [info] Initialize dsmc:
[2020-04-13 14:33:35.004194] [info] Initialize bgf:
[2020-04-13 14:33:35.006294] [info] Mesh <vol_mesh> has been loaded.
[2020-04-13 14:33:35.007505] [info] Field <interpolated_control_field> has been loaded.
[2020-04-13 14:33:35.007652] [info] Particle group <forward_particles> has been successfully loaded with fields <interpolated_control_field>
[2020-04-13 14:33:35.007763] [info] Initialization took 138 milliseconds.
[2020-04-13 14:33:35.189938] [info] Itteration 1 complete. Itteration took 181 milliseconds.
[2020-04-13 14:33:35.365693] [info] Itteration 2 complete. Itteration took 175 milliseconds.
[2020-04-13 14:33:35.542194] [info] Itteration 3 complete. Itteration took 176 milliseconds.
[2020-04-13 14:33:35.718195] [info] Itteration 4 complete. Itteration took 175 milliseconds.
[2020-04-13 14:33:35.893090] [info] Itteration 5 complete. Itteration took 174 milliseconds.
[2020-04-13 14:33:36.067456] [info] Itteration 6 complete. Itteration took 174 milliseconds.
[2020-04-13 14:33:36.242289] [info] Itteration 7 complete. Itteration took 174 milliseconds.
[2020-04-13 14:33:36.417356] [info] Itteration 8 complete. Itteration took 175 milliseconds.
[2020-04-13 14:33:36.595645] [info] Itteration 9 complete. Itteration took 178 milliseconds.
[2020-04-13 14:33:36.770780] [info] Itteration 10 complete. Itteration took 175 milliseconds.
[2020-04-13 14:33:36.946104] [info] Itteration 11 complete. Itteration took 175 milliseconds.
[2020-04-13 14:33:37.122002] [info] Itteration 12 complete. Itteration took 175 milliseconds.
[2020-04-13 14:33:37.297674] [info] Itteration 13 complete. Itteration took 175 milliseconds.
[2020-04-13 14:33:37.472651] [info] Itteration 14 complete. Itteration took 174 milliseconds.
[2020-04-13 14:33:37.649057] [info] Itteration 15 complete. Itteration took 176 milliseconds.
[2020-04-13 14:33:37.824758] [info] Itteration 16 complete. Itteration took 175 milliseconds.
[2020-04-13 14:33:38.000086] [info] Itteration 17 complete. Itteration took 175 milliseconds.
[2020-04-13 14:33:38.175598] [info] Itteration 18 complete. Itteration took 175 milliseconds.
[2020-04-13 14:33:38.351236] [info] Itteration 19 complete. Itteration took 175 milliseconds.
[2020-04-13 14:33:38.527475] [info] Itteration 20 complete. Itteration took 176 milliseconds.
[2020-04-13 14:33:38.703103] [info] Itteration 21 complete. Itteration took 175 milliseconds.
[2020-04-13 14:33:38.879522] [info] Itteration 22 complete. Itteration took 176 milliseconds.
[2020-04-13 14:33:39.054613] [info] Itteration 23 complete. Itteration took 175 milliseconds.
[2020-04-13 14:33:39.231104] [info] Itteration 24 complete. Itteration took 176 milliseconds.
[2020-04-13 14:33:39.406633] [info] Itteration 25 complete. Itteration took 175 milliseconds.
[2020-04-13 14:33:39.582007] [info] Itteration 26 complete. Itteration took 175 milliseconds.
[2020-04-13 14:33:39.757031] [info] Itteration 27 complete. Itteration took 174 milliseconds.
[2020-04-13 14:33:39.931603] [info] Itteration 28 complete. Itteration took 174 milliseconds.
[2020-04-13 14:33:40.106995] [info] Itteration 29 complete. Itteration took 175 milliseconds.
[2020-04-13 14:33:40.286298] [info] Itteration 30 complete. Itteration took 179 milliseconds.
[2020-04-13 14:33:40.286335] [info] Simulation took 5278 milliseconds.
[2020-04-13 14:33:40.286367] [info] VSTRAP finished
