[2020-04-13 14:07:36.189797] [info] VSTRAP started
[2020-04-13 14:07:36.215971] [info] Initialize mesh_initializer:
[2020-04-13 14:07:36.227312] [info] Volume mesh <vol_mesh> has been initialized.
[2020-04-13 14:07:36.227999] [info] Mesh initialized without node_data.
[2020-04-13 14:07:36.228029] [info] Mesh initialized without face_data.
[2020-04-13 14:07:36.228041] [info] Mesh initialized without cell_data.
[2020-04-13 14:07:36.233640] [info] Initialize particle_initializer:
[2020-04-13 14:07:36.285983] [info] Particle group <forward_particles> has been initialized with 10000 particles of species "e-" in the domain.
[2020-04-13 14:07:36.290962] [info] Initialize plasma_state:
[2020-04-13 14:07:36.299493] [info] Initialize pusher:
[2020-04-13 14:07:36.304856] [info] Initialize pwi:
[2020-04-13 14:07:36.316382] [info] Initialize dsmc:
[2020-04-13 14:07:36.323907] [info] Initialize bgf:
[2020-04-13 14:07:36.326069] [info] Mesh <vol_mesh> has been loaded.
[2020-04-13 14:07:36.327074] [info] Field <interpolated_control_field> has been loaded.
[2020-04-13 14:07:36.327293] [info] Particle group <forward_particles> has been successfully loaded with fields <interpolated_control_field>
[2020-04-13 14:07:36.327428] [info] Initialization took 136 milliseconds.
[2020-04-13 14:07:36.513417] [info] Itteration 1 complete. Itteration took 185 milliseconds.
[2020-04-13 14:07:36.688275] [info] Itteration 2 complete. Itteration took 174 milliseconds.
[2020-04-13 14:07:36.862877] [info] Itteration 3 complete. Itteration took 174 milliseconds.
[2020-04-13 14:07:37.040810] [info] Itteration 4 complete. Itteration took 177 milliseconds.
[2020-04-13 14:07:37.217347] [info] Itteration 5 complete. Itteration took 176 milliseconds.
[2020-04-13 14:07:37.403416] [info] Itteration 6 complete. Itteration took 185 milliseconds.
[2020-04-13 14:07:37.584108] [info] Itteration 7 complete. Itteration took 180 milliseconds.
[2020-04-13 14:07:37.760093] [info] Itteration 8 complete. Itteration took 175 milliseconds.
[2020-04-13 14:07:37.936548] [info] Itteration 9 complete. Itteration took 176 milliseconds.
[2020-04-13 14:07:38.111388] [info] Itteration 10 complete. Itteration took 174 milliseconds.
[2020-04-13 14:07:38.287644] [info] Itteration 11 complete. Itteration took 176 milliseconds.
[2020-04-13 14:07:38.462855] [info] Itteration 12 complete. Itteration took 175 milliseconds.
[2020-04-13 14:07:38.637695] [info] Itteration 13 complete. Itteration took 174 milliseconds.
[2020-04-13 14:07:38.812023] [info] Itteration 14 complete. Itteration took 174 milliseconds.
[2020-04-13 14:07:38.986268] [info] Itteration 15 complete. Itteration took 174 milliseconds.
[2020-04-13 14:07:39.160583] [info] Itteration 16 complete. Itteration took 174 milliseconds.
[2020-04-13 14:07:39.335722] [info] Itteration 17 complete. Itteration took 175 milliseconds.
[2020-04-13 14:07:39.509972] [info] Itteration 18 complete. Itteration took 174 milliseconds.
[2020-04-13 14:07:39.684074] [info] Itteration 19 complete. Itteration took 174 milliseconds.
[2020-04-13 14:07:39.858441] [info] Itteration 20 complete. Itteration took 174 milliseconds.
[2020-04-13 14:07:40.032960] [info] Itteration 21 complete. Itteration took 174 milliseconds.
[2020-04-13 14:07:40.206966] [info] Itteration 22 complete. Itteration took 173 milliseconds.
[2020-04-13 14:07:40.380865] [info] Itteration 23 complete. Itteration took 173 milliseconds.
[2020-04-13 14:07:40.555446] [info] Itteration 24 complete. Itteration took 174 milliseconds.
[2020-04-13 14:07:40.729327] [info] Itteration 25 complete. Itteration took 173 milliseconds.
[2020-04-13 14:07:40.903804] [info] Itteration 26 complete. Itteration took 174 milliseconds.
[2020-04-13 14:07:41.078892] [info] Itteration 27 complete. Itteration took 175 milliseconds.
[2020-04-13 14:07:41.252862] [info] Itteration 28 complete. Itteration took 173 milliseconds.
[2020-04-13 14:07:41.427073] [info] Itteration 29 complete. Itteration took 174 milliseconds.
[2020-04-13 14:07:41.602070] [info] Itteration 30 complete. Itteration took 174 milliseconds.
[2020-04-13 14:07:41.602109] [info] Simulation took 5274 milliseconds.
[2020-04-13 14:07:41.602125] [info] VSTRAP finished
