[2020-04-13 14:23:40.763026] [info] VSTRAP started
[2020-04-13 14:23:40.787673] [info] Initialize mesh_initializer:
[2020-04-13 14:23:40.800227] [info] Volume mesh <vol_mesh> has been initialized.
[2020-04-13 14:23:40.802439] [info] Mesh initialized without node_data.
[2020-04-13 14:23:40.803085] [info] Mesh initialized without face_data.
[2020-04-13 14:23:40.803110] [info] Mesh initialized without cell_data.
[2020-04-13 14:23:40.812797] [info] Initialize particle_initializer:
[2020-04-13 14:23:40.868418] [info] Particle group <forward_particles> has been initialized with 10000 particles of species "e-" in the domain.
[2020-04-13 14:23:40.873105] [info] Initialize plasma_state:
[2020-04-13 14:23:40.879045] [info] Initialize pusher:
[2020-04-13 14:23:40.884732] [info] Initialize pwi:
[2020-04-13 14:23:40.895645] [info] Initialize dsmc:
[2020-04-13 14:23:40.903289] [info] Initialize bgf:
[2020-04-13 14:23:40.905669] [info] Mesh <vol_mesh> has been loaded.
[2020-04-13 14:23:40.907233] [info] Field <interpolated_control_field> has been loaded.
[2020-04-13 14:23:40.907407] [info] Particle group <forward_particles> has been successfully loaded with fields <interpolated_control_field>
[2020-04-13 14:23:40.907531] [info] Initialization took 143 milliseconds.
[2020-04-13 14:23:41.089158] [info] Itteration 1 complete. Itteration took 181 milliseconds.
[2020-04-13 14:23:41.264267] [info] Itteration 2 complete. Itteration took 175 milliseconds.
[2020-04-13 14:23:41.439490] [info] Itteration 3 complete. Itteration took 175 milliseconds.
[2020-04-13 14:23:41.616885] [info] Itteration 4 complete. Itteration took 177 milliseconds.
[2020-04-13 14:23:41.791214] [info] Itteration 5 complete. Itteration took 174 milliseconds.
[2020-04-13 14:23:41.966800] [info] Itteration 6 complete. Itteration took 175 milliseconds.
[2020-04-13 14:23:42.142194] [info] Itteration 7 complete. Itteration took 175 milliseconds.
[2020-04-13 14:23:42.318645] [info] Itteration 8 complete. Itteration took 176 milliseconds.
[2020-04-13 14:23:42.495759] [info] Itteration 9 complete. Itteration took 177 milliseconds.
[2020-04-13 14:23:42.671365] [info] Itteration 10 complete. Itteration took 175 milliseconds.
[2020-04-13 14:23:42.846884] [info] Itteration 11 complete. Itteration took 175 milliseconds.
[2020-04-13 14:23:43.022094] [info] Itteration 12 complete. Itteration took 175 milliseconds.
[2020-04-13 14:23:43.197143] [info] Itteration 13 complete. Itteration took 174 milliseconds.
[2020-04-13 14:23:43.373664] [info] Itteration 14 complete. Itteration took 176 milliseconds.
[2020-04-13 14:23:43.551288] [info] Itteration 15 complete. Itteration took 177 milliseconds.
[2020-04-13 14:23:43.726762] [info] Itteration 16 complete. Itteration took 175 milliseconds.
[2020-04-13 14:23:43.902086] [info] Itteration 17 complete. Itteration took 175 milliseconds.
[2020-04-13 14:23:44.077168] [info] Itteration 18 complete. Itteration took 175 milliseconds.
[2020-04-13 14:23:44.252692] [info] Itteration 19 complete. Itteration took 175 milliseconds.
[2020-04-13 14:23:44.429013] [info] Itteration 20 complete. Itteration took 176 milliseconds.
[2020-04-13 14:23:44.604031] [info] Itteration 21 complete. Itteration took 174 milliseconds.
[2020-04-13 14:23:44.779117] [info] Itteration 22 complete. Itteration took 175 milliseconds.
[2020-04-13 14:23:44.953753] [info] Itteration 23 complete. Itteration took 174 milliseconds.
[2020-04-13 14:23:45.128578] [info] Itteration 24 complete. Itteration took 174 milliseconds.
[2020-04-13 14:23:45.309616] [info] Itteration 25 complete. Itteration took 180 milliseconds.
[2020-04-13 14:23:45.485039] [info] Itteration 26 complete. Itteration took 175 milliseconds.
[2020-04-13 14:23:45.660274] [info] Itteration 27 complete. Itteration took 175 milliseconds.
[2020-04-13 14:23:45.835281] [info] Itteration 28 complete. Itteration took 174 milliseconds.
[2020-04-13 14:23:46.010409] [info] Itteration 29 complete. Itteration took 175 milliseconds.
[2020-04-13 14:23:46.184830] [info] Itteration 30 complete. Itteration took 174 milliseconds.
[2020-04-13 14:23:46.184868] [info] Simulation took 5277 milliseconds.
[2020-04-13 14:23:46.184899] [info] VSTRAP finished
