[2020-04-13 14:25:11.166893] [info] VSTRAP started
[2020-04-13 14:25:11.193669] [info] Initialize mesh_initializer:
[2020-04-13 14:25:11.205473] [info] Volume mesh <vol_mesh> has been initialized.
[2020-04-13 14:25:11.206006] [info] Mesh initialized without node_data.
[2020-04-13 14:25:11.206026] [info] Mesh initialized without face_data.
[2020-04-13 14:25:11.206038] [info] Mesh initialized without cell_data.
[2020-04-13 14:25:11.213774] [info] Initialize particle_initializer:
[2020-04-13 14:25:11.265685] [info] Particle group <forward_particles> has been initialized with 10000 particles of species "e-" in the domain.
[2020-04-13 14:25:11.271347] [info] Initialize plasma_state:
[2020-04-13 14:25:11.279470] [info] Initialize pusher:
[2020-04-13 14:25:11.285526] [info] Initialize pwi:
[2020-04-13 14:25:11.296312] [info] Initialize dsmc:
[2020-04-13 14:25:11.304662] [info] Initialize bgf:
[2020-04-13 14:25:11.306792] [info] Mesh <vol_mesh> has been loaded.
[2020-04-13 14:25:11.308077] [info] Field <interpolated_control_field> has been loaded.
[2020-04-13 14:25:11.308244] [info] Particle group <forward_particles> has been successfully loaded with fields <interpolated_control_field>
[2020-04-13 14:25:11.308365] [info] Initialization took 141 milliseconds.
[2020-04-13 14:25:11.489615] [info] Itteration 1 complete. Itteration took 181 milliseconds.
[2020-04-13 14:25:11.665136] [info] Itteration 2 complete. Itteration took 175 milliseconds.
[2020-04-13 14:25:11.841852] [info] Itteration 3 complete. Itteration took 176 milliseconds.
[2020-04-13 14:25:12.016845] [info] Itteration 4 complete. Itteration took 174 milliseconds.
[2020-04-13 14:25:12.192022] [info] Itteration 5 complete. Itteration took 175 milliseconds.
[2020-04-13 14:25:12.368116] [info] Itteration 6 complete. Itteration took 176 milliseconds.
[2020-04-13 14:25:12.545050] [info] Itteration 7 complete. Itteration took 176 milliseconds.
[2020-04-13 14:25:12.720150] [info] Itteration 8 complete. Itteration took 175 milliseconds.
[2020-04-13 14:25:12.893750] [info] Itteration 9 complete. Itteration took 173 milliseconds.
[2020-04-13 14:25:13.068010] [info] Itteration 10 complete. Itteration took 174 milliseconds.
[2020-04-13 14:25:13.243053] [info] Itteration 11 complete. Itteration took 174 milliseconds.
[2020-04-13 14:25:13.418362] [info] Itteration 12 complete. Itteration took 175 milliseconds.
[2020-04-13 14:25:13.595146] [info] Itteration 13 complete. Itteration took 176 milliseconds.
[2020-04-13 14:25:13.769901] [info] Itteration 14 complete. Itteration took 174 milliseconds.
[2020-04-13 14:25:13.944762] [info] Itteration 15 complete. Itteration took 174 milliseconds.
[2020-04-13 14:25:14.120229] [info] Itteration 16 complete. Itteration took 175 milliseconds.
[2020-04-13 14:25:14.295088] [info] Itteration 17 complete. Itteration took 174 milliseconds.
[2020-04-13 14:25:14.471210] [info] Itteration 18 complete. Itteration took 176 milliseconds.
[2020-04-13 14:25:14.647411] [info] Itteration 19 complete. Itteration took 176 milliseconds.
[2020-04-13 14:25:14.822919] [info] Itteration 20 complete. Itteration took 175 milliseconds.
[2020-04-13 14:25:14.998264] [info] Itteration 21 complete. Itteration took 175 milliseconds.
[2020-04-13 14:25:15.173489] [info] Itteration 22 complete. Itteration took 175 milliseconds.
[2020-04-13 14:25:15.349063] [info] Itteration 23 complete. Itteration took 175 milliseconds.
[2020-04-13 14:25:15.524949] [info] Itteration 24 complete. Itteration took 175 milliseconds.
[2020-04-13 14:25:15.700946] [info] Itteration 25 complete. Itteration took 175 milliseconds.
[2020-04-13 14:25:15.875918] [info] Itteration 26 complete. Itteration took 174 milliseconds.
[2020-04-13 14:25:16.051553] [info] Itteration 27 complete. Itteration took 175 milliseconds.
[2020-04-13 14:25:16.227110] [info] Itteration 28 complete. Itteration took 175 milliseconds.
[2020-04-13 14:25:16.402845] [info] Itteration 29 complete. Itteration took 175 milliseconds.
[2020-04-13 14:25:16.581681] [info] Itteration 30 complete. Itteration took 178 milliseconds.
[2020-04-13 14:25:16.581720] [info] Simulation took 5273 milliseconds.
[2020-04-13 14:25:16.581733] [info] VSTRAP finished
