[2020-04-13 14:29:22.222880] [info] VSTRAP started
[2020-04-13 14:29:22.252882] [info] Initialize mesh_initializer:
[2020-04-13 14:29:22.266104] [info] Volume mesh <vol_mesh> has been initialized.
[2020-04-13 14:29:22.268464] [info] Mesh initialized without node_data.
[2020-04-13 14:29:22.270233] [info] Mesh initialized without face_data.
[2020-04-13 14:29:22.271172] [info] Mesh initialized without cell_data.
[2020-04-13 14:29:22.275438] [info] Initialize particle_initializer:
[2020-04-13 14:29:22.336504] [info] Particle group <forward_particles> has been initialized with 10000 particles of species "e-" in the domain.
[2020-04-13 14:29:22.340959] [info] Initialize plasma_state:
[2020-04-13 14:29:22.346676] [info] Initialize pusher:
[2020-04-13 14:29:22.352276] [info] Initialize pwi:
[2020-04-13 14:29:22.363081] [info] Initialize dsmc:
[2020-04-13 14:29:22.370607] [info] Initialize bgf:
[2020-04-13 14:29:22.372710] [info] Mesh <vol_mesh> has been loaded.
[2020-04-13 14:29:22.373936] [info] Field <interpolated_control_field> has been loaded.
[2020-04-13 14:29:22.374110] [info] Particle group <forward_particles> has been successfully loaded with fields <interpolated_control_field>
[2020-04-13 14:29:22.374232] [info] Initialization took 146 milliseconds.
[2020-04-13 14:29:22.556616] [info] Itteration 1 complete. Itteration took 182 milliseconds.
[2020-04-13 14:29:22.731174] [info] Itteration 2 complete. Itteration took 174 milliseconds.
[2020-04-13 14:29:22.906150] [info] Itteration 3 complete. Itteration took 174 milliseconds.
[2020-04-13 14:29:23.080747] [info] Itteration 4 complete. Itteration took 174 milliseconds.
[2020-04-13 14:29:23.256646] [info] Itteration 5 complete. Itteration took 175 milliseconds.
[2020-04-13 14:29:23.431907] [info] Itteration 6 complete. Itteration took 175 milliseconds.
[2020-04-13 14:29:23.608129] [info] Itteration 7 complete. Itteration took 176 milliseconds.
[2020-04-13 14:29:23.782866] [info] Itteration 8 complete. Itteration took 174 milliseconds.
[2020-04-13 14:29:23.959304] [info] Itteration 9 complete. Itteration took 176 milliseconds.
[2020-04-13 14:29:24.134242] [info] Itteration 10 complete. Itteration took 174 milliseconds.
[2020-04-13 14:29:24.310592] [info] Itteration 11 complete. Itteration took 176 milliseconds.
[2020-04-13 14:29:24.486871] [info] Itteration 12 complete. Itteration took 176 milliseconds.
[2020-04-13 14:29:24.662012] [info] Itteration 13 complete. Itteration took 175 milliseconds.
[2020-04-13 14:29:24.837464] [info] Itteration 14 complete. Itteration took 175 milliseconds.
[2020-04-13 14:29:25.012609] [info] Itteration 15 complete. Itteration took 175 milliseconds.
[2020-04-13 14:29:25.188302] [info] Itteration 16 complete. Itteration took 175 milliseconds.
[2020-04-13 14:29:25.363100] [info] Itteration 17 complete. Itteration took 174 milliseconds.
[2020-04-13 14:29:25.538220] [info] Itteration 18 complete. Itteration took 175 milliseconds.
[2020-04-13 14:29:25.714028] [info] Itteration 19 complete. Itteration took 175 milliseconds.
[2020-04-13 14:29:25.889269] [info] Itteration 20 complete. Itteration took 175 milliseconds.
[2020-04-13 14:29:26.064589] [info] Itteration 21 complete. Itteration took 175 milliseconds.
[2020-04-13 14:29:26.240751] [info] Itteration 22 complete. Itteration took 176 milliseconds.
[2020-04-13 14:29:26.417176] [info] Itteration 23 complete. Itteration took 176 milliseconds.
[2020-04-13 14:29:26.595799] [info] Itteration 24 complete. Itteration took 178 milliseconds.
[2020-04-13 14:29:26.770435] [info] Itteration 25 complete. Itteration took 174 milliseconds.
[2020-04-13 14:29:26.946114] [info] Itteration 26 complete. Itteration took 175 milliseconds.
[2020-04-13 14:29:27.122602] [info] Itteration 27 complete. Itteration took 176 milliseconds.
[2020-04-13 14:29:27.297993] [info] Itteration 28 complete. Itteration took 175 milliseconds.
[2020-04-13 14:29:27.474024] [info] Itteration 29 complete. Itteration took 175 milliseconds.
[2020-04-13 14:29:27.650033] [info] Itteration 30 complete. Itteration took 175 milliseconds.
[2020-04-13 14:29:27.650074] [info] Simulation took 5275 milliseconds.
[2020-04-13 14:29:27.650090] [info] VSTRAP finished
