[2020-04-13 14:31:12.646790] [info] VSTRAP started
[2020-04-13 14:31:12.669532] [info] Initialize mesh_initializer:
[2020-04-13 14:31:12.680049] [info] Volume mesh <vol_mesh> has been initialized.
[2020-04-13 14:31:12.680604] [info] Mesh initialized without node_data.
[2020-04-13 14:31:12.680627] [info] Mesh initialized without face_data.
[2020-04-13 14:31:12.680641] [info] Mesh initialized without cell_data.
[2020-04-13 14:31:12.690529] [info] Initialize particle_initializer:
[2020-04-13 14:31:12.742691] [info] Particle group <forward_particles> has been initialized with 10000 particles of species "e-" in the domain.
[2020-04-13 14:31:12.748439] [info] Initialize plasma_state:
[2020-04-13 14:31:12.757317] [info] Initialize pusher:
[2020-04-13 14:31:12.763530] [info] Initialize pwi:
[2020-04-13 14:31:12.775260] [info] Initialize dsmc:
[2020-04-13 14:31:12.783146] [info] Initialize bgf:
[2020-04-13 14:31:12.785629] [info] Mesh <vol_mesh> has been loaded.
[2020-04-13 14:31:12.786854] [info] Field <interpolated_control_field> has been loaded.
[2020-04-13 14:31:12.787071] [info] Particle group <forward_particles> has been successfully loaded with fields <interpolated_control_field>
[2020-04-13 14:31:12.787219] [info] Initialization took 140 milliseconds.
[2020-04-13 14:31:12.968080] [info] Itteration 1 complete. Itteration took 180 milliseconds.
[2020-04-13 14:31:13.142826] [info] Itteration 2 complete. Itteration took 174 milliseconds.
[2020-04-13 14:31:13.317655] [info] Itteration 3 complete. Itteration took 174 milliseconds.
[2020-04-13 14:31:13.493124] [info] Itteration 4 complete. Itteration took 175 milliseconds.
[2020-04-13 14:31:13.669825] [info] Itteration 5 complete. Itteration took 176 milliseconds.
[2020-04-13 14:31:13.844938] [info] Itteration 6 complete. Itteration took 175 milliseconds.
[2020-04-13 14:31:14.020241] [info] Itteration 7 complete. Itteration took 175 milliseconds.
[2020-04-13 14:31:14.195759] [info] Itteration 8 complete. Itteration took 175 milliseconds.
[2020-04-13 14:31:14.371280] [info] Itteration 9 complete. Itteration took 175 milliseconds.
[2020-04-13 14:31:14.549955] [info] Itteration 10 complete. Itteration took 178 milliseconds.
[2020-04-13 14:31:14.733377] [info] Itteration 11 complete. Itteration took 183 milliseconds.
[2020-04-13 14:31:14.908886] [info] Itteration 12 complete. Itteration took 175 milliseconds.
[2020-04-13 14:31:15.084194] [info] Itteration 13 complete. Itteration took 175 milliseconds.
[2020-04-13 14:31:15.260051] [info] Itteration 14 complete. Itteration took 175 milliseconds.
[2020-04-13 14:31:15.435435] [info] Itteration 15 complete. Itteration took 175 milliseconds.
[2020-04-13 14:31:15.612189] [info] Itteration 16 complete. Itteration took 176 milliseconds.
[2020-04-13 14:31:15.786784] [info] Itteration 17 complete. Itteration took 174 milliseconds.
[2020-04-13 14:31:15.961473] [info] Itteration 18 complete. Itteration took 174 milliseconds.
[2020-04-13 14:31:16.136880] [info] Itteration 19 complete. Itteration took 175 milliseconds.
[2020-04-13 14:31:16.312313] [info] Itteration 20 complete. Itteration took 175 milliseconds.
[2020-04-13 14:31:16.489645] [info] Itteration 21 complete. Itteration took 177 milliseconds.
[2020-04-13 14:31:16.665210] [info] Itteration 22 complete. Itteration took 175 milliseconds.
[2020-04-13 14:31:16.839697] [info] Itteration 23 complete. Itteration took 174 milliseconds.
[2020-04-13 14:31:17.014840] [info] Itteration 24 complete. Itteration took 175 milliseconds.
[2020-04-13 14:31:17.189542] [info] Itteration 25 complete. Itteration took 174 milliseconds.
[2020-04-13 14:31:17.366213] [info] Itteration 26 complete. Itteration took 176 milliseconds.
[2020-04-13 14:31:17.542898] [info] Itteration 27 complete. Itteration took 176 milliseconds.
[2020-04-13 14:31:17.717334] [info] Itteration 28 complete. Itteration took 174 milliseconds.
[2020-04-13 14:31:17.892652] [info] Itteration 29 complete. Itteration took 175 milliseconds.
[2020-04-13 14:31:18.067585] [info] Itteration 30 complete. Itteration took 174 milliseconds.
[2020-04-13 14:31:18.067624] [info] Simulation took 5280 milliseconds.
[2020-04-13 14:31:18.067654] [info] VSTRAP finished
