[2020-04-13 14:15:03.485408] [info] VSTRAP started
[2020-04-13 14:15:03.513695] [info] Initialize mesh_initializer:
[2020-04-13 14:15:03.526492] [info] Volume mesh <vol_mesh> has been initialized.
[2020-04-13 14:15:03.527504] [info] Mesh initialized without node_data.
[2020-04-13 14:15:03.527527] [info] Mesh initialized without face_data.
[2020-04-13 14:15:03.527539] [info] Mesh initialized without cell_data.
[2020-04-13 14:15:03.534654] [info] Initialize particle_initializer:
[2020-04-13 14:15:03.588159] [info] Particle group <forward_particles> has been initialized with 10000 particles of species "e-" in the domain.
[2020-04-13 14:15:03.593867] [info] Initialize plasma_state:
[2020-04-13 14:15:03.601068] [info] Initialize pusher:
[2020-04-13 14:15:03.608099] [info] Initialize pwi:
[2020-04-13 14:15:03.619688] [info] Initialize dsmc:
[2020-04-13 14:15:03.627890] [info] Initialize bgf:
[2020-04-13 14:15:03.629895] [info] Mesh <vol_mesh> has been loaded.
[2020-04-13 14:15:03.630835] [info] Field <interpolated_control_field> has been loaded.
[2020-04-13 14:15:03.631017] [info] Particle group <forward_particles> has been successfully loaded with fields <interpolated_control_field>
[2020-04-13 14:15:03.631127] [info] Initialization took 145 milliseconds.
[2020-04-13 14:15:03.815828] [info] Itteration 1 complete. Itteration took 184 milliseconds.
[2020-04-13 14:15:03.992382] [info] Itteration 2 complete. Itteration took 176 milliseconds.
[2020-04-13 14:15:04.168515] [info] Itteration 3 complete. Itteration took 176 milliseconds.
[2020-04-13 14:15:04.346987] [info] Itteration 4 complete. Itteration took 178 milliseconds.
[2020-04-13 14:15:04.521303] [info] Itteration 5 complete. Itteration took 174 milliseconds.
[2020-04-13 14:15:04.695737] [info] Itteration 6 complete. Itteration took 174 milliseconds.
[2020-04-13 14:15:04.871887] [info] Itteration 7 complete. Itteration took 176 milliseconds.
[2020-04-13 14:15:05.048111] [info] Itteration 8 complete. Itteration took 176 milliseconds.
[2020-04-13 14:15:05.223043] [info] Itteration 9 complete. Itteration took 174 milliseconds.
[2020-04-13 14:15:05.397531] [info] Itteration 10 complete. Itteration took 174 milliseconds.
[2020-04-13 14:15:05.575304] [info] Itteration 11 complete. Itteration took 177 milliseconds.
[2020-04-13 14:15:05.751420] [info] Itteration 12 complete. Itteration took 176 milliseconds.
[2020-04-13 14:15:05.927955] [info] Itteration 13 complete. Itteration took 176 milliseconds.
[2020-04-13 14:15:06.103209] [info] Itteration 14 complete. Itteration took 175 milliseconds.
[2020-04-13 14:15:06.278329] [info] Itteration 15 complete. Itteration took 175 milliseconds.
[2020-04-13 14:15:06.453545] [info] Itteration 16 complete. Itteration took 175 milliseconds.
[2020-04-13 14:15:06.629022] [info] Itteration 17 complete. Itteration took 175 milliseconds.
[2020-04-13 14:15:06.803855] [info] Itteration 18 complete. Itteration took 174 milliseconds.
[2020-04-13 14:15:06.979025] [info] Itteration 19 complete. Itteration took 175 milliseconds.
[2020-04-13 14:15:07.153900] [info] Itteration 20 complete. Itteration took 174 milliseconds.
[2020-04-13 14:15:07.329803] [info] Itteration 21 complete. Itteration took 175 milliseconds.
[2020-04-13 14:15:07.505013] [info] Itteration 22 complete. Itteration took 175 milliseconds.
[2020-04-13 14:15:07.680088] [info] Itteration 23 complete. Itteration took 175 milliseconds.
[2020-04-13 14:15:07.860024] [info] Itteration 24 complete. Itteration took 179 milliseconds.
[2020-04-13 14:15:08.034415] [info] Itteration 25 complete. Itteration took 174 milliseconds.
[2020-04-13 14:15:08.213753] [info] Itteration 26 complete. Itteration took 179 milliseconds.
[2020-04-13 14:15:08.392563] [info] Itteration 27 complete. Itteration took 178 milliseconds.
[2020-04-13 14:15:08.569164] [info] Itteration 28 complete. Itteration took 176 milliseconds.
[2020-04-13 14:15:08.743916] [info] Itteration 29 complete. Itteration took 174 milliseconds.
[2020-04-13 14:15:08.919404] [info] Itteration 30 complete. Itteration took 175 milliseconds.
[2020-04-13 14:15:08.919455] [info] Simulation took 5288 milliseconds.
[2020-04-13 14:15:08.919474] [info] VSTRAP finished
