[2020-04-13 14:18:26.909870] [info] VSTRAP started
[2020-04-13 14:18:26.932961] [info] Initialize mesh_initializer:
[2020-04-13 14:18:26.943760] [info] Volume mesh <vol_mesh> has been initialized.
[2020-04-13 14:18:26.944505] [info] Mesh initialized without node_data.
[2020-04-13 14:18:26.945071] [info] Mesh initialized without face_data.
[2020-04-13 14:18:26.945624] [info] Mesh initialized without cell_data.
[2020-04-13 14:18:26.950055] [info] Initialize particle_initializer:
[2020-04-13 14:18:27.002823] [info] Particle group <forward_particles> has been initialized with 10000 particles of species "e-" in the domain.
[2020-04-13 14:18:27.008009] [info] Initialize plasma_state:
[2020-04-13 14:18:27.015852] [info] Initialize pusher:
[2020-04-13 14:18:27.023002] [info] Initialize pwi:
[2020-04-13 14:18:27.034008] [info] Initialize dsmc:
[2020-04-13 14:18:27.042013] [info] Initialize bgf:
[2020-04-13 14:18:27.043771] [info] Mesh <vol_mesh> has been loaded.
[2020-04-13 14:18:27.044963] [info] Field <interpolated_control_field> has been loaded.
[2020-04-13 14:18:27.045134] [info] Particle group <forward_particles> has been successfully loaded with fields <interpolated_control_field>
[2020-04-13 14:18:27.045264] [info] Initialization took 134 milliseconds.
[2020-04-13 14:18:27.225984] [info] Itteration 1 complete. Itteration took 180 milliseconds.
[2020-04-13 14:18:27.401988] [info] Itteration 2 complete. Itteration took 175 milliseconds.
[2020-04-13 14:18:27.576061] [info] Itteration 3 complete. Itteration took 174 milliseconds.
[2020-04-13 14:18:27.750159] [info] Itteration 4 complete. Itteration took 174 milliseconds.
[2020-04-13 14:18:27.924275] [info] Itteration 5 complete. Itteration took 174 milliseconds.
[2020-04-13 14:18:28.098181] [info] Itteration 6 complete. Itteration took 173 milliseconds.
[2020-04-13 14:18:28.271974] [info] Itteration 7 complete. Itteration took 173 milliseconds.
[2020-04-13 14:18:28.446892] [info] Itteration 8 complete. Itteration took 174 milliseconds.
[2020-04-13 14:18:28.622062] [info] Itteration 9 complete. Itteration took 175 milliseconds.
[2020-04-13 14:18:28.800622] [info] Itteration 10 complete. Itteration took 178 milliseconds.
[2020-04-13 14:18:28.974750] [info] Itteration 11 complete. Itteration took 174 milliseconds.
[2020-04-13 14:18:29.148928] [info] Itteration 12 complete. Itteration took 174 milliseconds.
[2020-04-13 14:18:29.323383] [info] Itteration 13 complete. Itteration took 174 milliseconds.
[2020-04-13 14:18:29.498460] [info] Itteration 14 complete. Itteration took 175 milliseconds.
[2020-04-13 14:18:29.672581] [info] Itteration 15 complete. Itteration took 174 milliseconds.
[2020-04-13 14:18:29.851366] [info] Itteration 16 complete. Itteration took 178 milliseconds.
[2020-04-13 14:18:30.026043] [info] Itteration 17 complete. Itteration took 174 milliseconds.
[2020-04-13 14:18:30.199987] [info] Itteration 18 complete. Itteration took 173 milliseconds.
[2020-04-13 14:18:30.375340] [info] Itteration 19 complete. Itteration took 175 milliseconds.
[2020-04-13 14:18:30.549135] [info] Itteration 20 complete. Itteration took 173 milliseconds.
[2020-04-13 14:18:30.723128] [info] Itteration 21 complete. Itteration took 173 milliseconds.
[2020-04-13 14:18:30.897034] [info] Itteration 22 complete. Itteration took 173 milliseconds.
[2020-04-13 14:18:31.070914] [info] Itteration 23 complete. Itteration took 173 milliseconds.
[2020-04-13 14:18:31.245455] [info] Itteration 24 complete. Itteration took 174 milliseconds.
[2020-04-13 14:18:31.420766] [info] Itteration 25 complete. Itteration took 175 milliseconds.
[2020-04-13 14:18:31.596860] [info] Itteration 26 complete. Itteration took 176 milliseconds.
[2020-04-13 14:18:31.771042] [info] Itteration 27 complete. Itteration took 174 milliseconds.
[2020-04-13 14:18:31.945538] [info] Itteration 28 complete. Itteration took 174 milliseconds.
[2020-04-13 14:18:32.120337] [info] Itteration 29 complete. Itteration took 174 milliseconds.
[2020-04-13 14:18:32.296692] [info] Itteration 30 complete. Itteration took 176 milliseconds.
[2020-04-13 14:18:32.296753] [info] Simulation took 5251 milliseconds.
[2020-04-13 14:18:32.296766] [info] VSTRAP finished
