[2020-04-13 14:31:59.834135] [info] VSTRAP started
[2020-04-13 14:31:59.861668] [info] Initialize mesh_initializer:
[2020-04-13 14:31:59.873481] [info] Volume mesh <vol_mesh> has been initialized.
[2020-04-13 14:31:59.874012] [info] Mesh initialized without node_data.
[2020-04-13 14:31:59.874033] [info] Mesh initialized without face_data.
[2020-04-13 14:31:59.874044] [info] Mesh initialized without cell_data.
[2020-04-13 14:31:59.882386] [info] Initialize particle_initializer:
[2020-04-13 14:31:59.938263] [info] Particle group <forward_particles> has been initialized with 10000 particles of species "e-" in the domain.
[2020-04-13 14:31:59.944486] [info] Initialize plasma_state:
[2020-04-13 14:31:59.951251] [info] Initialize pusher:
[2020-04-13 14:31:59.957561] [info] Initialize pwi:
[2020-04-13 14:31:59.969257] [info] Initialize dsmc:
[2020-04-13 14:31:59.977641] [info] Initialize bgf:
[2020-04-13 14:31:59.980069] [info] Mesh <vol_mesh> has been loaded.
[2020-04-13 14:31:59.981308] [info] Field <interpolated_control_field> has been loaded.
[2020-04-13 14:31:59.981543] [info] Particle group <forward_particles> has been successfully loaded with fields <interpolated_control_field>
[2020-04-13 14:31:59.981701] [info] Initialization took 147 milliseconds.
[2020-04-13 14:32:00.165851] [info] Itteration 1 complete. Itteration took 183 milliseconds.
[2020-04-13 14:32:00.341500] [info] Itteration 2 complete. Itteration took 175 milliseconds.
[2020-04-13 14:32:00.517353] [info] Itteration 3 complete. Itteration took 175 milliseconds.
[2020-04-13 14:32:00.693685] [info] Itteration 4 complete. Itteration took 176 milliseconds.
[2020-04-13 14:32:00.868667] [info] Itteration 5 complete. Itteration took 174 milliseconds.
[2020-04-13 14:32:01.044967] [info] Itteration 6 complete. Itteration took 176 milliseconds.
[2020-04-13 14:32:01.220693] [info] Itteration 7 complete. Itteration took 175 milliseconds.
[2020-04-13 14:32:01.396889] [info] Itteration 8 complete. Itteration took 176 milliseconds.
[2020-04-13 14:32:01.574249] [info] Itteration 9 complete. Itteration took 177 milliseconds.
[2020-04-13 14:32:01.750000] [info] Itteration 10 complete. Itteration took 175 milliseconds.
[2020-04-13 14:32:01.927273] [info] Itteration 11 complete. Itteration took 177 milliseconds.
[2020-04-13 14:32:02.103147] [info] Itteration 12 complete. Itteration took 175 milliseconds.
[2020-04-13 14:32:02.279010] [info] Itteration 13 complete. Itteration took 175 milliseconds.
[2020-04-13 14:32:02.455674] [info] Itteration 14 complete. Itteration took 176 milliseconds.
[2020-04-13 14:32:02.632623] [info] Itteration 15 complete. Itteration took 176 milliseconds.
[2020-04-13 14:32:02.808375] [info] Itteration 16 complete. Itteration took 175 milliseconds.
[2020-04-13 14:32:02.984255] [info] Itteration 17 complete. Itteration took 175 milliseconds.
[2020-04-13 14:32:03.160362] [info] Itteration 18 complete. Itteration took 176 milliseconds.
[2020-04-13 14:32:03.336201] [info] Itteration 19 complete. Itteration took 175 milliseconds.
[2020-04-13 14:32:03.511349] [info] Itteration 20 complete. Itteration took 175 milliseconds.
[2020-04-13 14:32:03.687351] [info] Itteration 21 complete. Itteration took 175 milliseconds.
[2020-04-13 14:32:03.865172] [info] Itteration 22 complete. Itteration took 177 milliseconds.
[2020-04-13 14:32:04.040828] [info] Itteration 23 complete. Itteration took 175 milliseconds.
[2020-04-13 14:32:04.216553] [info] Itteration 24 complete. Itteration took 175 milliseconds.
[2020-04-13 14:32:04.392529] [info] Itteration 25 complete. Itteration took 175 milliseconds.
[2020-04-13 14:32:04.568217] [info] Itteration 26 complete. Itteration took 175 milliseconds.
[2020-04-13 14:32:04.743535] [info] Itteration 27 complete. Itteration took 175 milliseconds.
[2020-04-13 14:32:04.917832] [info] Itteration 28 complete. Itteration took 174 milliseconds.
[2020-04-13 14:32:05.093487] [info] Itteration 29 complete. Itteration took 175 milliseconds.
[2020-04-13 14:32:05.268456] [info] Itteration 30 complete. Itteration took 174 milliseconds.
[2020-04-13 14:32:05.268492] [info] Simulation took 5286 milliseconds.
[2020-04-13 14:32:05.268523] [info] VSTRAP finished
