[2020-04-13 14:29:10.681715] [info] VSTRAP started
[2020-04-13 14:29:10.709175] [info] Initialize mesh_initializer:
[2020-04-13 14:29:10.720969] [info] Volume mesh <vol_mesh> has been initialized.
[2020-04-13 14:29:10.721514] [info] Mesh initialized without node_data.
[2020-04-13 14:29:10.721536] [info] Mesh initialized without face_data.
[2020-04-13 14:29:10.721548] [info] Mesh initialized without cell_data.
[2020-04-13 14:29:10.729933] [info] Initialize particle_initializer:
[2020-04-13 14:29:10.781726] [info] Particle group <forward_particles> has been initialized with 10000 particles of species "e-" in the domain.
[2020-04-13 14:29:10.787178] [info] Initialize plasma_state:
[2020-04-13 14:29:10.794927] [info] Initialize pusher:
[2020-04-13 14:29:10.800450] [info] Initialize pwi:
[2020-04-13 14:29:10.811207] [info] Initialize dsmc:
[2020-04-13 14:29:10.818714] [info] Initialize bgf:
[2020-04-13 14:29:10.820798] [info] Mesh <vol_mesh> has been loaded.
[2020-04-13 14:29:10.822070] [info] Field <interpolated_control_field> has been loaded.
[2020-04-13 14:29:10.822232] [info] Particle group <forward_particles> has been successfully loaded with fields <interpolated_control_field>
[2020-04-13 14:29:10.822389] [info] Initialization took 140 milliseconds.
[2020-04-13 14:29:11.002623] [info] Itteration 1 complete. Itteration took 180 milliseconds.
[2020-04-13 14:29:11.178595] [info] Itteration 2 complete. Itteration took 175 milliseconds.
[2020-04-13 14:29:11.353147] [info] Itteration 3 complete. Itteration took 174 milliseconds.
[2020-04-13 14:29:11.527957] [info] Itteration 4 complete. Itteration took 174 milliseconds.
[2020-04-13 14:29:11.703077] [info] Itteration 5 complete. Itteration took 175 milliseconds.
[2020-04-13 14:29:11.877972] [info] Itteration 6 complete. Itteration took 174 milliseconds.
[2020-04-13 14:29:12.052941] [info] Itteration 7 complete. Itteration took 174 milliseconds.
[2020-04-13 14:29:12.228694] [info] Itteration 8 complete. Itteration took 175 milliseconds.
[2020-04-13 14:29:12.404377] [info] Itteration 9 complete. Itteration took 175 milliseconds.
[2020-04-13 14:29:12.580946] [info] Itteration 10 complete. Itteration took 176 milliseconds.
[2020-04-13 14:29:12.756442] [info] Itteration 11 complete. Itteration took 175 milliseconds.
[2020-04-13 14:29:12.931038] [info] Itteration 12 complete. Itteration took 174 milliseconds.
[2020-04-13 14:29:13.106446] [info] Itteration 13 complete. Itteration took 175 milliseconds.
[2020-04-13 14:29:13.281761] [info] Itteration 14 complete. Itteration took 175 milliseconds.
[2020-04-13 14:29:13.457390] [info] Itteration 15 complete. Itteration took 175 milliseconds.
[2020-04-13 14:29:13.633148] [info] Itteration 16 complete. Itteration took 175 milliseconds.
[2020-04-13 14:29:13.807869] [info] Itteration 17 complete. Itteration took 174 milliseconds.
[2020-04-13 14:29:13.983122] [info] Itteration 18 complete. Itteration took 175 milliseconds.
[2020-04-13 14:29:14.158316] [info] Itteration 19 complete. Itteration took 175 milliseconds.
[2020-04-13 14:29:14.336018] [info] Itteration 20 complete. Itteration took 177 milliseconds.
[2020-04-13 14:29:14.513576] [info] Itteration 21 complete. Itteration took 177 milliseconds.
[2020-04-13 14:29:14.688996] [info] Itteration 22 complete. Itteration took 175 milliseconds.
[2020-04-13 14:29:14.864299] [info] Itteration 23 complete. Itteration took 175 milliseconds.
[2020-04-13 14:29:15.040277] [info] Itteration 24 complete. Itteration took 175 milliseconds.
[2020-04-13 14:29:15.216114] [info] Itteration 25 complete. Itteration took 175 milliseconds.
[2020-04-13 14:29:15.391503] [info] Itteration 26 complete. Itteration took 175 milliseconds.
[2020-04-13 14:29:15.567147] [info] Itteration 27 complete. Itteration took 175 milliseconds.
[2020-04-13 14:29:15.742425] [info] Itteration 28 complete. Itteration took 175 milliseconds.
[2020-04-13 14:29:15.917981] [info] Itteration 29 complete. Itteration took 175 milliseconds.
[2020-04-13 14:29:16.094065] [info] Itteration 30 complete. Itteration took 176 milliseconds.
[2020-04-13 14:29:16.094103] [info] Simulation took 5271 milliseconds.
[2020-04-13 14:29:16.094135] [info] VSTRAP finished
