[2020-04-13 14:08:05.490547] [info] VSTRAP started
[2020-04-13 14:08:05.522808] [info] Initialize mesh_initializer:
[2020-04-13 14:08:05.536724] [info] Volume mesh <vol_mesh> has been initialized.
[2020-04-13 14:08:05.539232] [info] Mesh initialized without node_data.
[2020-04-13 14:08:05.540193] [info] Mesh initialized without face_data.
[2020-04-13 14:08:05.540990] [info] Mesh initialized without cell_data.
[2020-04-13 14:08:05.546412] [info] Initialize particle_initializer:
[2020-04-13 14:08:05.605063] [info] Particle group <forward_particles> has been initialized with 10000 particles of species "e-" in the domain.
[2020-04-13 14:08:05.607890] [info] Initialize plasma_state:
[2020-04-13 14:08:05.613678] [info] Initialize pusher:
[2020-04-13 14:08:05.619940] [info] Initialize pwi:
[2020-04-13 14:08:05.631560] [info] Initialize dsmc:
[2020-04-13 14:08:05.639410] [info] Initialize bgf:
[2020-04-13 14:08:05.641502] [info] Mesh <vol_mesh> has been loaded.
[2020-04-13 14:08:05.642665] [info] Field <interpolated_control_field> has been loaded.
[2020-04-13 14:08:05.642893] [info] Particle group <forward_particles> has been successfully loaded with fields <interpolated_control_field>
[2020-04-13 14:08:05.643022] [info] Initialization took 151 milliseconds.
[2020-04-13 14:08:05.823598] [info] Itteration 1 complete. Itteration took 180 milliseconds.
[2020-04-13 14:08:05.998361] [info] Itteration 2 complete. Itteration took 174 milliseconds.
[2020-04-13 14:08:06.178325] [info] Itteration 3 complete. Itteration took 179 milliseconds.
[2020-04-13 14:08:06.355706] [info] Itteration 4 complete. Itteration took 177 milliseconds.
[2020-04-13 14:08:06.530439] [info] Itteration 5 complete. Itteration took 174 milliseconds.
[2020-04-13 14:08:06.710956] [info] Itteration 6 complete. Itteration took 180 milliseconds.
[2020-04-13 14:08:06.885721] [info] Itteration 7 complete. Itteration took 174 milliseconds.
[2020-04-13 14:08:07.060204] [info] Itteration 8 complete. Itteration took 174 milliseconds.
[2020-04-13 14:08:07.235106] [info] Itteration 9 complete. Itteration took 174 milliseconds.
[2020-04-13 14:08:07.411186] [info] Itteration 10 complete. Itteration took 176 milliseconds.
[2020-04-13 14:08:07.585524] [info] Itteration 11 complete. Itteration took 174 milliseconds.
[2020-04-13 14:08:07.759571] [info] Itteration 12 complete. Itteration took 173 milliseconds.
[2020-04-13 14:08:07.933267] [info] Itteration 13 complete. Itteration took 173 milliseconds.
[2020-04-13 14:08:08.107479] [info] Itteration 14 complete. Itteration took 174 milliseconds.
[2020-04-13 14:08:08.281482] [info] Itteration 15 complete. Itteration took 173 milliseconds.
[2020-04-13 14:08:08.458975] [info] Itteration 16 complete. Itteration took 177 milliseconds.
[2020-04-13 14:08:08.632067] [info] Itteration 17 complete. Itteration took 173 milliseconds.
[2020-04-13 14:08:08.806738] [info] Itteration 18 complete. Itteration took 174 milliseconds.
[2020-04-13 14:08:08.980211] [info] Itteration 19 complete. Itteration took 173 milliseconds.
[2020-04-13 14:08:09.156371] [info] Itteration 20 complete. Itteration took 176 milliseconds.
[2020-04-13 14:08:09.331211] [info] Itteration 21 complete. Itteration took 174 milliseconds.
[2020-04-13 14:08:09.505379] [info] Itteration 22 complete. Itteration took 174 milliseconds.
[2020-04-13 14:08:09.679212] [info] Itteration 23 complete. Itteration took 173 milliseconds.
[2020-04-13 14:08:09.852681] [info] Itteration 24 complete. Itteration took 173 milliseconds.
[2020-04-13 14:08:10.026131] [info] Itteration 25 complete. Itteration took 173 milliseconds.
[2020-04-13 14:08:10.200785] [info] Itteration 26 complete. Itteration took 174 milliseconds.
[2020-04-13 14:08:10.376219] [info] Itteration 27 complete. Itteration took 175 milliseconds.
[2020-04-13 14:08:10.550792] [info] Itteration 28 complete. Itteration took 174 milliseconds.
[2020-04-13 14:08:10.724899] [info] Itteration 29 complete. Itteration took 174 milliseconds.
[2020-04-13 14:08:10.899459] [info] Itteration 30 complete. Itteration took 174 milliseconds.
[2020-04-13 14:08:10.899498] [info] Simulation took 5256 milliseconds.
[2020-04-13 14:08:10.899515] [info] VSTRAP finished
