[2020-04-13 14:11:03.672733] [info] VSTRAP started
[2020-04-13 14:11:03.698439] [info] Initialize mesh_initializer:
[2020-04-13 14:11:03.712162] [info] Volume mesh <vol_mesh> has been initialized.
[2020-04-13 14:11:03.714258] [info] Mesh initialized without node_data.
[2020-04-13 14:11:03.715646] [info] Mesh initialized without face_data.
[2020-04-13 14:11:03.716469] [info] Mesh initialized without cell_data.
[2020-04-13 14:11:03.720674] [info] Initialize particle_initializer:
[2020-04-13 14:11:03.773553] [info] Particle group <forward_particles> has been initialized with 10000 particles of species "e-" in the domain.
[2020-04-13 14:11:03.779075] [info] Initialize plasma_state:
[2020-04-13 14:11:03.786618] [info] Initialize pusher:
[2020-04-13 14:11:03.792800] [info] Initialize pwi:
[2020-04-13 14:11:03.803557] [info] Initialize dsmc:
[2020-04-13 14:11:03.811761] [info] Initialize bgf:
[2020-04-13 14:11:03.813751] [info] Mesh <vol_mesh> has been loaded.
[2020-04-13 14:11:03.814691] [info] Field <interpolated_control_field> has been loaded.
[2020-04-13 14:11:03.814836] [info] Particle group <forward_particles> has been successfully loaded with fields <interpolated_control_field>
[2020-04-13 14:11:03.814963] [info] Initialization took 141 milliseconds.
[2020-04-13 14:11:03.996130] [info] Itteration 1 complete. Itteration took 180 milliseconds.
[2020-04-13 14:11:04.172339] [info] Itteration 2 complete. Itteration took 176 milliseconds.
[2020-04-13 14:11:04.346375] [info] Itteration 3 complete. Itteration took 173 milliseconds.
[2020-04-13 14:11:04.523608] [info] Itteration 4 complete. Itteration took 177 milliseconds.
[2020-04-13 14:11:04.698727] [info] Itteration 5 complete. Itteration took 175 milliseconds.
[2020-04-13 14:11:04.873500] [info] Itteration 6 complete. Itteration took 174 milliseconds.
[2020-04-13 14:11:05.052720] [info] Itteration 7 complete. Itteration took 179 milliseconds.
[2020-04-13 14:11:05.230215] [info] Itteration 8 complete. Itteration took 177 milliseconds.
[2020-04-13 14:11:05.405598] [info] Itteration 9 complete. Itteration took 175 milliseconds.
[2020-04-13 14:11:05.580314] [info] Itteration 10 complete. Itteration took 174 milliseconds.
[2020-04-13 14:11:05.755267] [info] Itteration 11 complete. Itteration took 174 milliseconds.
[2020-04-13 14:11:05.929882] [info] Itteration 12 complete. Itteration took 174 milliseconds.
[2020-04-13 14:11:06.104358] [info] Itteration 13 complete. Itteration took 174 milliseconds.
[2020-04-13 14:11:06.279849] [info] Itteration 14 complete. Itteration took 175 milliseconds.
[2020-04-13 14:11:06.455226] [info] Itteration 15 complete. Itteration took 175 milliseconds.
[2020-04-13 14:11:06.631317] [info] Itteration 16 complete. Itteration took 176 milliseconds.
[2020-04-13 14:11:06.809571] [info] Itteration 17 complete. Itteration took 178 milliseconds.
[2020-04-13 14:11:06.991402] [info] Itteration 18 complete. Itteration took 181 milliseconds.
[2020-04-13 14:11:07.174059] [info] Itteration 19 complete. Itteration took 182 milliseconds.
[2020-04-13 14:11:07.357786] [info] Itteration 20 complete. Itteration took 183 milliseconds.
[2020-04-13 14:11:07.549132] [info] Itteration 21 complete. Itteration took 191 milliseconds.
[2020-04-13 14:11:07.732291] [info] Itteration 22 complete. Itteration took 183 milliseconds.
[2020-04-13 14:11:07.927559] [info] Itteration 23 complete. Itteration took 195 milliseconds.
[2020-04-13 14:11:08.156140] [info] Itteration 24 complete. Itteration took 228 milliseconds.
[2020-04-13 14:11:08.348611] [info] Itteration 25 complete. Itteration took 192 milliseconds.
[2020-04-13 14:11:08.528132] [info] Itteration 26 complete. Itteration took 179 milliseconds.
[2020-04-13 14:11:08.745491] [info] Itteration 27 complete. Itteration took 217 milliseconds.
[2020-04-13 14:11:08.951064] [info] Itteration 28 complete. Itteration took 205 milliseconds.
[2020-04-13 14:11:09.178307] [info] Itteration 29 complete. Itteration took 227 milliseconds.
[2020-04-13 14:11:09.381701] [info] Itteration 30 complete. Itteration took 203 milliseconds.
[2020-04-13 14:11:09.381741] [info] Simulation took 5566 milliseconds.
[2020-04-13 14:11:09.381754] [info] VSTRAP finished
