Determining if the pthread_create exist failed with the following output:
Change Dir: /home/jan/Promotion_linuxPC/build/CMakeFiles/CMakeTmp

Run Build Command:"/usr/bin/make" "cmTC_48605/fast"
/usr/bin/make -f CMakeFiles/cmTC_48605.dir/build.make CMakeFiles/cmTC_48605.dir/build
make[1]: Entering directory '/home/jan/Promotion_linuxPC/build/CMakeFiles/CMakeTmp'
Building C object CMakeFiles/cmTC_48605.dir/CheckSymbolExists.c.o
/usr/bin/gcc    -o CMakeFiles/cmTC_48605.dir/CheckSymbolExists.c.o   -c /home/jan/Promotion_linuxPC/build/CMakeFiles/CMakeTmp/CheckSymbolExists.c
Linking C executable cmTC_48605
/usr/bin/cmake -E cmake_link_script CMakeFiles/cmTC_48605.dir/link.txt --verbose=1
/usr/bin/gcc      -rdynamic CMakeFiles/cmTC_48605.dir/CheckSymbolExists.c.o  -o cmTC_48605 
CMakeFiles/cmTC_48605.dir/CheckSymbolExists.c.o: In function `main':
CheckSymbolExists.c:(.text+0x1b): undefined reference to `pthread_create'
collect2: error: ld returned 1 exit status
CMakeFiles/cmTC_48605.dir/build.make:97: recipe for target 'cmTC_48605' failed
make[1]: *** [cmTC_48605] Error 1
make[1]: Leaving directory '/home/jan/Promotion_linuxPC/build/CMakeFiles/CMakeTmp'
Makefile:126: recipe for target 'cmTC_48605/fast' failed
make: *** [cmTC_48605/fast] Error 2

File /home/jan/Promotion_linuxPC/build/CMakeFiles/CMakeTmp/CheckSymbolExists.c:
/* */
#include <pthread.h>

int main(int argc, char** argv)
{
  (void)argv;
#ifndef pthread_create
  return ((int*)(&pthread_create))[argc];
#else
  (void)argc;
  return 0;
#endif
}

Determining if the function pthread_create exists in the pthreads failed with the following output:
Change Dir: /home/jan/Promotion_linuxPC/build/CMakeFiles/CMakeTmp

Run Build Command:"/usr/bin/make" "cmTC_01b3c/fast"
/usr/bin/make -f CMakeFiles/cmTC_01b3c.dir/build.make CMakeFiles/cmTC_01b3c.dir/build
make[1]: Entering directory '/home/jan/Promotion_linuxPC/build/CMakeFiles/CMakeTmp'
Building C object CMakeFiles/cmTC_01b3c.dir/CheckFunctionExists.c.o
/usr/bin/gcc   -DCHECK_FUNCTION_EXISTS=pthread_create   -o CMakeFiles/cmTC_01b3c.dir/CheckFunctionExists.c.o   -c /usr/share/cmake-3.10/Modules/CheckFunctionExists.c
Linking C executable cmTC_01b3c
/usr/bin/cmake -E cmake_link_script CMakeFiles/cmTC_01b3c.dir/link.txt --verbose=1
/usr/bin/gcc  -DCHECK_FUNCTION_EXISTS=pthread_create    -rdynamic CMakeFiles/cmTC_01b3c.dir/CheckFunctionExists.c.o  -o cmTC_01b3c -lpthreads 
/usr/bin/ld: cannot find -lpthreads
collect2: error: ld returned 1 exit status
CMakeFiles/cmTC_01b3c.dir/build.make:97: recipe for target 'cmTC_01b3c' failed
make[1]: *** [cmTC_01b3c] Error 1
make[1]: Leaving directory '/home/jan/Promotion_linuxPC/build/CMakeFiles/CMakeTmp'
Makefile:126: recipe for target 'cmTC_01b3c/fast' failed
make: *** [cmTC_01b3c/fast] Error 2


