[2020-09-10 14:21:45.641479] [info] Starting optimizer...
[2020-09-10 14:21:45.655239] [info] Running python3 ../../Optim_VSTRAP/optim-vstrap-toolset/toolset/generate_forward_input.py ../../Optim_VSTRAP/data/box_shifting_CS_ps/Optim_input_CSMC_216.xml && python3 ../../Optim_VSTRAP/optim-vstrap-toolset/toolset/generate_backward_input.py ../../Optim_VSTRAP/data/box_shifting_CS_ps/Optim_input_CSMC_216.xml && python3 ../../Optim_VSTRAP/optim-vstrap-toolset/toolset/generate_adjoint_particle_creation.py ../../Optim_VSTRAP/data/box_shifting_CS_ps/Optim_input_CSMC_216.xml /home/bartsch/SPARC/Optim_VSTRAP/data/box_shifting_CS_ps/
[2020-09-10 14:21:46.831826] [info] Python check: **ALL CLEAR**
[2020-09-10 14:21:46.832130] [info] Reading paramters done
[2020-09-10 14:21:46.840882] [info] Deleting old files
[2020-09-10 14:21:46.891782] [info] Starting with zero control
[2020-09-10 14:21:47.282823] [info] Starting VSTRAP (foward)... 
[2020-09-10 14:21:55.537007] [info] Finished VSTRAP... Reading particle files
[2020-09-10 14:21:55.651978] [info] Finished reading files...
[2020-09-10 14:21:55.652116] [info] Starting VSTRAP (backward)...
[2020-09-10 14:22:03.460243] [info] Reading particle files...
[2020-09-10 14:22:03.697863] [info] Assembling pdfs...
[2020-09-10 14:22:03.897159] [info] Assembling of pdfs took: 0 second(s)
[2020-09-10 14:22:03.897285] [info] Building gradient...
[2020-09-10 14:22:13.404237] [info] Calculating functional...
[2020-09-10 14:24:53.996819] [info] Calculation of functional took: 160 second(s)
[2020-09-10 14:24:53.999060] [info] Updating the control...
[2020-09-10 14:24:53.999476] [info] First iteration, using negative gradient as stepdirection
[2020-09-10 14:24:53.999689] [info] Updating control using stepsize-selection strategy: Armijo lineasearch
[2020-09-10 14:27:54.409675] [info] Starting 2 iteration
[2020-09-10 14:27:54.409765] [info] Starting VSTRAP (foward)... 
[2020-09-10 14:28:01.874683] [info] Finished VSTRAP... Reading particle files
[2020-09-10 14:28:02.038798] [info] Finished reading files...
[2020-09-10 14:28:02.038941] [info] Starting VSTRAP (backward)...
[2020-09-10 14:28:10.630926] [info] Reading particle files...
[2020-09-10 14:28:10.852500] [info] Assembling pdfs...
[2020-09-10 14:28:11.023084] [info] Assembling of pdfs took: 0 second(s)
[2020-09-10 14:28:11.023191] [info] Building gradient...
[2020-09-10 14:28:20.255273] [info] Calculating functional...
[2020-09-10 14:31:04.328371] [info] Calculation of functional took: 164 second(s)
[2020-09-10 14:31:04.329863] [info] Updating the control...
[2020-09-10 14:31:04.330327] [info] Updating control using stepdirection update: NCG using Fletcher-Reeves formula
[2020-09-10 14:31:04.330536] [info] Updating control using stepsize-selection strategy: Armijo lineasearch
[2020-09-10 14:31:14.467678] [info] Particles faster than 8000.000000: 171900
[2020-09-10 14:31:14.467841] [warning] Too many too fast particles in forward equation.
[2020-09-10 14:31:24.090851] [info] Particles faster than 8000.000000: 171978
[2020-09-10 14:31:24.090992] [warning] Too many too fast particles in forward equation.
[2020-09-10 14:31:33.234595] [info] Particles faster than 8000.000000: 171166
[2020-09-10 14:31:33.234710] [warning] Too many too fast particles in forward equation.
[2020-09-10 14:31:41.721275] [info] Particles faster than 8000.000000: 171558
[2020-09-10 14:31:41.721395] [warning] Too many too fast particles in forward equation.
[2020-09-10 14:31:51.700408] [info] Particles faster than 8000.000000: 167723
[2020-09-10 14:31:51.700537] [warning] Too many too fast particles in forward equation.
[2020-09-10 14:32:01.854074] [info] Particles faster than 8000.000000: 162894
[2020-09-10 14:32:01.854199] [warning] Too many too fast particles in forward equation.
[2020-09-10 14:32:11.630609] [info] Particles faster than 8000.000000: 158169
[2020-09-10 14:32:11.630728] [warning] Too many too fast particles in forward equation.
[2020-09-10 14:32:21.315528] [info] Particles faster than 8000.000000: 149795
[2020-09-10 14:32:21.315643] [warning] Too many too fast particles in forward equation.
[2020-09-10 14:32:30.691727] [info] Particles faster than 8000.000000: 129031
[2020-09-10 14:32:30.691891] [warning] Too many too fast particles in forward equation.
[2020-09-10 14:32:39.419953] [info] Particles faster than 8000.000000: 96124
[2020-09-10 14:32:39.420071] [warning] Too many too fast particles in forward equation.
[2020-09-10 14:32:47.915786] [info] Particles faster than 8000.000000: 55739
[2020-09-10 14:32:47.915897] [warning] Too many too fast particles in forward equation.
[2020-09-10 14:32:56.102906] [info] Particles faster than 8000.000000: 20523
[2020-09-10 14:32:56.103018] [warning] Too many too fast particles in forward equation.
[2020-09-10 14:33:03.575171] [info] Particles faster than 8000.000000: 2626
[2020-09-10 14:33:03.575303] [warning] Too many too fast particles in forward equation.
[2020-09-10 14:59:55.736980] [info] Starting 3 iteration
[2020-09-10 14:59:55.737097] [info] Starting VSTRAP (foward)... 
[2020-09-10 15:00:03.250456] [info] Finished VSTRAP... Reading particle files
[2020-09-10 15:00:03.373910] [info] Finished reading files...
[2020-09-10 15:00:03.374037] [info] Starting VSTRAP (backward)...
[2020-09-10 15:00:12.307558] [info] Reading particle files...
[2020-09-10 15:00:12.443658] [info] Assembling pdfs...
[2020-09-10 15:00:12.620345] [info] Assembling of pdfs took: 0 second(s)
[2020-09-10 15:00:12.620452] [info] Building gradient...
[2020-09-10 15:00:21.760264] [info] Calculating functional...
[2020-09-10 15:03:30.445555] [info] Calculation of functional took: 188 second(s)
[2020-09-10 15:03:30.447082] [info] Updating the control...
[2020-09-10 15:03:30.447551] [info] Updating control using stepdirection update: NCG using Fletcher-Reeves formula
[2020-09-10 15:03:30.447756] [info] Updating control using stepsize-selection strategy: Armijo lineasearch
[2020-09-10 15:06:48.113327] [info] Starting 4 iteration
[2020-09-10 15:06:48.113423] [info] Starting VSTRAP (foward)... 
[2020-09-10 15:06:55.974978] [info] Finished VSTRAP... Reading particle files
[2020-09-10 15:06:56.075846] [info] Finished reading files...
[2020-09-10 15:06:56.075919] [info] Starting VSTRAP (backward)...
[2020-09-10 15:07:04.139275] [info] Reading particle files...
[2020-09-10 15:07:04.325904] [info] Assembling pdfs...
[2020-09-10 15:07:04.530838] [info] Assembling of pdfs took: 0 second(s)
[2020-09-10 15:07:04.530975] [info] Building gradient...
[2020-09-10 15:07:14.111094] [info] Calculating functional...
[2020-09-10 15:09:55.557405] [info] Calculation of functional took: 161 second(s)
[2020-09-10 15:09:55.559239] [info] Updating the control...
[2020-09-10 15:09:55.559621] [info] Updating control using stepdirection update: NCG using Fletcher-Reeves formula
[2020-09-10 15:09:55.559855] [info] Updating control using stepsize-selection strategy: Armijo lineasearch
[2020-09-10 15:12:43.981592] [info] Starting 5 iteration
[2020-09-10 15:12:43.981690] [info] Starting VSTRAP (foward)... 
[2020-09-10 15:12:51.108529] [info] Finished VSTRAP... Reading particle files
[2020-09-10 15:12:51.207692] [info] Finished reading files...
[2020-09-10 15:12:51.207796] [info] Starting VSTRAP (backward)...
[2020-09-10 15:12:59.933450] [info] Reading particle files...
[2020-09-10 15:13:00.124076] [info] Assembling pdfs...
[2020-09-10 15:13:00.345303] [info] Assembling of pdfs took: 0 second(s)
[2020-09-10 15:13:00.345406] [info] Building gradient...
[2020-09-10 15:13:09.650055] [info] Calculating functional...
[2020-09-10 15:15:47.275020] [info] Calculation of functional took: 157 second(s)
[2020-09-10 15:15:47.276882] [info] Updating the control...
[2020-09-10 15:15:47.277366] [info] Updating control using stepdirection update: NCG using Fletcher-Reeves formula
[2020-09-10 15:15:47.277624] [info] Updating control using stepsize-selection strategy: Armijo lineasearch
[2020-09-10 15:18:38.994589] [info] Starting 6 iteration
[2020-09-10 15:18:38.994693] [info] Starting VSTRAP (foward)... 
[2020-09-10 15:18:45.431352] [info] Finished VSTRAP... Reading particle files
[2020-09-10 15:18:45.587550] [info] Finished reading files...
[2020-09-10 15:18:45.587693] [info] Starting VSTRAP (backward)...
[2020-09-10 15:18:53.622840] [info] Reading particle files...
[2020-09-10 15:18:53.814974] [info] Assembling pdfs...
[2020-09-10 15:18:54.036175] [info] Assembling of pdfs took: 0 second(s)
[2020-09-10 15:18:54.036294] [info] Building gradient...
[2020-09-10 15:19:03.375269] [info] Calculating functional...
[2020-09-10 15:22:02.845628] [info] Calculation of functional took: 179 second(s)
[2020-09-10 15:22:02.847926] [info] Updating the control...
[2020-09-10 15:22:02.848705] [info] Updating control using stepdirection update: NCG using Fletcher-Reeves formula
[2020-09-10 15:22:02.849215] [info] Updating control using stepsize-selection strategy: Armijo lineasearch
[2020-09-10 15:24:54.877333] [info] Starting 7 iteration
[2020-09-10 15:24:54.877431] [info] Starting VSTRAP (foward)... 
[2020-09-10 15:25:01.658894] [info] Finished VSTRAP... Reading particle files
[2020-09-10 15:25:01.781605] [info] Finished reading files...
[2020-09-10 15:25:01.781667] [info] Starting VSTRAP (backward)...
[2020-09-10 15:25:09.530888] [info] Reading particle files...
[2020-09-10 15:25:09.763261] [info] Assembling pdfs...
[2020-09-10 15:25:09.959617] [info] Assembling of pdfs took: 0 second(s)
[2020-09-10 15:25:09.959750] [info] Building gradient...
[2020-09-10 15:25:19.239783] [info] Calculating functional...
[2020-09-10 15:28:22.763068] [info] Calculation of functional took: 183 second(s)
[2020-09-10 15:28:22.764572] [info] Updating the control...
[2020-09-10 15:28:22.765005] [info] Updating control using stepdirection update: NCG using Fletcher-Reeves formula
[2020-09-10 15:28:22.765215] [info] Updating control using stepsize-selection strategy: Armijo lineasearch
[2020-09-10 15:36:53.571249] [info] Starting 8 iteration
[2020-09-10 15:36:53.571350] [info] Starting VSTRAP (foward)... 
[2020-09-10 15:37:00.850599] [info] Finished VSTRAP... Reading particle files
[2020-09-10 15:37:01.014514] [info] Finished reading files...
[2020-09-10 15:37:01.014703] [info] Starting VSTRAP (backward)...
[2020-09-10 15:37:10.263771] [info] Reading particle files...
[2020-09-10 15:37:10.408603] [info] Assembling pdfs...
[2020-09-10 15:37:10.591078] [info] Assembling of pdfs took: 0 second(s)
[2020-09-10 15:37:10.591189] [info] Building gradient...
[2020-09-10 15:37:19.817149] [info] Calculating functional...
[2020-09-10 15:40:31.867774] [info] Calculation of functional took: 192 second(s)
[2020-09-10 15:40:31.869310] [info] Updating the control...
[2020-09-10 15:40:31.869755] [info] Updating control using stepdirection update: NCG using Fletcher-Reeves formula
[2020-09-10 15:40:31.869985] [info] Updating control using stepsize-selection strategy: Armijo lineasearch
[2020-09-10 15:46:57.623860] [info] Starting 9 iteration
[2020-09-10 15:46:57.623972] [info] Starting VSTRAP (foward)... 
[2020-09-10 15:47:05.017575] [info] Finished VSTRAP... Reading particle files
[2020-09-10 15:47:05.124438] [info] Finished reading files...
[2020-09-10 15:47:05.124527] [info] Starting VSTRAP (backward)...
[2020-09-10 15:47:12.460634] [info] Reading particle files...
[2020-09-10 15:47:12.693265] [info] Assembling pdfs...
[2020-09-10 15:47:12.879614] [info] Assembling of pdfs took: 0 second(s)
[2020-09-10 15:47:12.879753] [info] Building gradient...
[2020-09-10 15:47:22.388461] [info] Calculating functional...
[2020-09-10 15:50:07.064887] [info] Calculation of functional took: 164 second(s)
[2020-09-10 15:50:07.066255] [info] Updating the control...
[2020-09-10 15:50:07.066785] [info] Updating control using stepdirection update: NCG using Fletcher-Reeves formula
[2020-09-10 15:50:07.066999] [info] Updating control using stepsize-selection strategy: Armijo lineasearch
[2020-09-10 15:53:26.239683] [info] Starting 10 iteration
[2020-09-10 15:53:26.239833] [info] Starting VSTRAP (foward)... 
[2020-09-10 15:53:33.573996] [info] Finished VSTRAP... Reading particle files
[2020-09-10 15:53:33.693021] [info] Finished reading files...
[2020-09-10 15:53:33.693138] [info] Starting VSTRAP (backward)...
[2020-09-10 15:53:43.339070] [info] Reading particle files...
[2020-09-10 15:53:43.548895] [info] Assembling pdfs...
[2020-09-10 15:53:43.757896] [info] Assembling of pdfs took: 0 second(s)
[2020-09-10 15:53:43.757992] [info] Building gradient...
[2020-09-10 15:53:53.455461] [info] Calculating functional...
[2020-09-10 15:56:44.853280] [info] Calculation of functional took: 171 second(s)
[2020-09-10 15:56:44.854496] [info] Updating the control...
[2020-09-10 15:56:44.854872] [info] Updating control using stepdirection update: NCG using Fletcher-Reeves formula
[2020-09-10 15:56:44.855107] [info] Updating control using stepsize-selection strategy: Armijo lineasearch
[2020-09-10 15:59:34.025596] [info] Starting 11 iteration
[2020-09-10 15:59:34.025694] [info] Starting VSTRAP (foward)... 
[2020-09-10 15:59:41.419045] [info] Finished VSTRAP... Reading particle files
[2020-09-10 15:59:41.508889] [info] Finished reading files...
[2020-09-10 15:59:41.508997] [info] Starting VSTRAP (backward)...
[2020-09-10 15:59:50.856574] [info] Reading particle files...
[2020-09-10 15:59:51.077856] [info] Assembling pdfs...
[2020-09-10 15:59:51.299421] [info] Assembling of pdfs took: 0 second(s)
[2020-09-10 15:59:51.299562] [info] Building gradient...
[2020-09-10 16:00:00.735469] [info] Calculating functional...
[2020-09-10 16:02:43.051349] [info] Calculation of functional took: 162 second(s)
[2020-09-10 16:02:43.053151] [info] Updating the control...
[2020-09-10 16:02:43.053685] [info] Updating control using stepdirection update: NCG using Fletcher-Reeves formula
[2020-09-10 16:02:43.053950] [info] Updating control using stepsize-selection strategy: Armijo lineasearch
[2020-09-10 16:16:06.769018] [info] Starting 12 iteration
[2020-09-10 16:16:06.769150] [info] Starting VSTRAP (foward)... 
[2020-09-10 16:16:14.108394] [info] Finished VSTRAP... Reading particle files
[2020-09-10 16:16:14.222444] [info] Finished reading files...
[2020-09-10 16:16:14.222522] [info] Starting VSTRAP (backward)...
[2020-09-10 16:16:21.368245] [info] Reading particle files...
[2020-09-10 16:16:21.568286] [info] Assembling pdfs...
[2020-09-10 16:16:21.753163] [info] Assembling of pdfs took: 0 second(s)
[2020-09-10 16:16:21.753289] [info] Building gradient...
[2020-09-10 16:16:31.069175] [info] Calculating functional...
[2020-09-10 16:19:42.879747] [info] Calculation of functional took: 191 second(s)
[2020-09-10 16:19:42.881230] [info] Updating the control...
[2020-09-10 16:19:42.881609] [info] Updating control using stepdirection update: NCG using Fletcher-Reeves formula
[2020-09-10 16:19:42.881838] [info] Updating control using stepsize-selection strategy: Armijo lineasearch
[2020-09-10 16:23:01.485364] [info] Starting 13 iteration
[2020-09-10 16:23:01.485467] [info] Starting VSTRAP (foward)... 
[2020-09-10 16:23:08.843179] [info] Finished VSTRAP... Reading particle files
[2020-09-10 16:23:08.944783] [info] Finished reading files...
[2020-09-10 16:23:08.944891] [info] Starting VSTRAP (backward)...
[2020-09-10 16:23:18.271733] [info] Reading particle files...
[2020-09-10 16:23:18.500489] [info] Assembling pdfs...
[2020-09-10 16:23:18.735791] [info] Assembling of pdfs took: 0 second(s)
[2020-09-10 16:23:18.735899] [info] Building gradient...
[2020-09-10 16:23:28.681378] [info] Calculating functional...
[2020-09-10 16:26:38.554885] [info] Calculation of functional took: 189 second(s)
[2020-09-10 16:26:38.556476] [info] Updating the control...
[2020-09-10 16:26:38.556901] [info] Updating control using stepdirection update: NCG using Fletcher-Reeves formula
[2020-09-10 16:26:38.557128] [info] Updating control using stepsize-selection strategy: Armijo lineasearch
[2020-09-10 16:29:33.933293] [info] Starting 14 iteration
[2020-09-10 16:29:33.933595] [info] Starting VSTRAP (foward)... 
[2020-09-10 16:29:41.541976] [info] Finished VSTRAP... Reading particle files
[2020-09-10 16:29:41.691738] [info] Finished reading files...
[2020-09-10 16:29:41.691868] [info] Starting VSTRAP (backward)...
[2020-09-10 16:29:50.403178] [info] Reading particle files...
[2020-09-10 16:29:50.595717] [info] Assembling pdfs...
[2020-09-10 16:29:50.767290] [info] Assembling of pdfs took: 0 second(s)
[2020-09-10 16:29:50.767400] [info] Building gradient...
[2020-09-10 16:30:00.141486] [info] Calculating functional...
[2020-09-10 16:32:43.911188] [info] Calculation of functional took: 163 second(s)
[2020-09-10 16:32:43.912718] [info] Updating the control...
[2020-09-10 16:32:43.913067] [info] Updating control using stepdirection update: NCG using Fletcher-Reeves formula
[2020-09-10 16:32:43.913287] [info] Updating control using stepsize-selection strategy: Armijo lineasearch
[2020-09-10 16:35:34.086181] [info] Starting 15 iteration
[2020-09-10 16:35:34.086276] [info] Starting VSTRAP (foward)... 
[2020-09-10 16:35:41.304752] [info] Finished VSTRAP... Reading particle files
[2020-09-10 16:35:41.474197] [info] Finished reading files...
[2020-09-10 16:35:41.474346] [info] Starting VSTRAP (backward)...
[2020-09-10 16:35:48.533059] [info] Reading particle files...
[2020-09-10 16:35:48.758775] [info] Assembling pdfs...
[2020-09-10 16:35:49.002084] [info] Assembling of pdfs took: 0 second(s)
[2020-09-10 16:35:49.002219] [info] Building gradient...
[2020-09-10 16:35:58.509690] [info] Calculating functional...
[2020-09-10 16:39:04.713070] [info] Calculation of functional took: 186 second(s)
[2020-09-10 16:39:04.714631] [info] Updating the control...
[2020-09-10 16:39:04.715005] [info] Updating control using stepdirection update: NCG using Fletcher-Reeves formula
[2020-09-10 16:39:04.715222] [info] Updating control using stepsize-selection strategy: Armijo lineasearch
[2020-09-10 16:42:18.783872] [info] Starting 16 iteration
[2020-09-10 16:42:18.783977] [info] Starting VSTRAP (foward)... 
[2020-09-10 16:42:26.044673] [info] Finished VSTRAP... Reading particle files
[2020-09-10 16:42:26.187443] [info] Finished reading files...
[2020-09-10 16:42:26.187575] [info] Starting VSTRAP (backward)...
[2020-09-10 16:42:34.463283] [info] Reading particle files...
[2020-09-10 16:42:34.706778] [info] Assembling pdfs...
[2020-09-10 16:42:34.946787] [info] Assembling of pdfs took: 0 second(s)
[2020-09-10 16:42:34.946958] [info] Building gradient...
[2020-09-10 16:42:44.502961] [info] Calculating functional...
[2020-09-10 16:45:55.798648] [info] Calculation of functional took: 191 second(s)
[2020-09-10 16:45:55.800632] [info] Updating the control...
[2020-09-10 16:45:55.801014] [info] Updating control using stepdirection update: NCG using Fletcher-Reeves formula
[2020-09-10 16:45:55.801230] [info] Updating control using stepsize-selection strategy: Armijo lineasearch
[2020-09-10 16:48:47.776915] [info] Starting 17 iteration
[2020-09-10 16:48:47.777016] [info] Starting VSTRAP (foward)... 
[2020-09-10 16:48:55.357641] [info] Finished VSTRAP... Reading particle files
[2020-09-10 16:48:55.472073] [info] Finished reading files...
[2020-09-10 16:48:55.472154] [info] Starting VSTRAP (backward)...
[2020-09-10 16:49:03.362246] [info] Reading particle files...
[2020-09-10 16:49:03.563187] [info] Assembling pdfs...
[2020-09-10 16:49:03.788911] [info] Assembling of pdfs took: 0 second(s)
[2020-09-10 16:49:03.788985] [info] Building gradient...
[2020-09-10 16:49:13.530794] [info] Calculating functional...
[2020-09-10 16:52:04.748030] [info] Calculation of functional took: 171 second(s)
[2020-09-10 16:52:04.749449] [info] Updating the control...
[2020-09-10 16:52:04.750205] [info] Updating control using stepdirection update: NCG using Fletcher-Reeves formula
[2020-09-10 16:52:04.750654] [info] Updating control using stepsize-selection strategy: Armijo lineasearch
[2020-09-10 17:32:07.793224] [info] Starting 18 iteration
[2020-09-10 17:32:07.793325] [info] Starting VSTRAP (foward)... 
[2020-09-10 17:32:13.806729] [info] Finished VSTRAP... Reading particle files
[2020-09-10 17:32:13.914397] [info] Finished reading files...
[2020-09-10 17:32:13.914474] [info] Starting VSTRAP (backward)...
[2020-09-10 17:32:21.444844] [info] Reading particle files...
[2020-09-10 17:32:21.624923] [info] Assembling pdfs...
[2020-09-10 17:32:21.832927] [info] Assembling of pdfs took: 0 second(s)
[2020-09-10 17:32:21.833015] [info] Building gradient...
[2020-09-10 17:32:31.413233] [info] Calculating functional...
[2020-09-10 17:35:35.360402] [info] Calculation of functional took: 183 second(s)
[2020-09-10 17:35:35.362002] [info] Updating the control...
[2020-09-10 17:35:35.362758] [info] Updating control using stepdirection update: NCG using Fletcher-Reeves formula
[2020-09-10 17:35:35.363205] [info] Updating control using stepsize-selection strategy: Armijo lineasearch
[2020-09-10 17:41:57.171978] [info] Starting 19 iteration
[2020-09-10 17:41:57.172064] [info] Starting VSTRAP (foward)... 
[2020-09-10 17:42:03.828635] [info] Finished VSTRAP... Reading particle files
[2020-09-10 17:42:03.922018] [info] Finished reading files...
[2020-09-10 17:42:03.922122] [info] Starting VSTRAP (backward)...
[2020-09-10 17:42:13.167383] [info] Reading particle files...
[2020-09-10 17:42:13.397933] [info] Assembling pdfs...
[2020-09-10 17:42:13.587980] [info] Assembling of pdfs took: 0 second(s)
[2020-09-10 17:42:13.588096] [info] Building gradient...
[2020-09-10 17:42:23.069426] [info] Calculating functional...
[2020-09-10 17:45:32.771622] [info] Calculation of functional took: 189 second(s)
[2020-09-10 17:45:32.773204] [info] Updating the control...
[2020-09-10 17:45:32.773578] [info] Updating control using stepdirection update: NCG using Fletcher-Reeves formula
[2020-09-10 17:45:32.773959] [info] Updating control using stepsize-selection strategy: Armijo lineasearch
[2020-09-10 17:48:28.852072] [info] Starting 20 iteration
[2020-09-10 17:48:28.852155] [info] Starting VSTRAP (foward)... 
[2020-09-10 17:48:35.698021] [info] Finished VSTRAP... Reading particle files
[2020-09-10 17:48:35.804218] [info] Finished reading files...
[2020-09-10 17:48:35.804332] [info] Starting VSTRAP (backward)...
[2020-09-10 17:48:44.888410] [info] Reading particle files...
[2020-09-10 17:48:45.093235] [info] Assembling pdfs...
[2020-09-10 17:48:45.254831] [info] Assembling of pdfs took: 0 second(s)
[2020-09-10 17:48:45.254944] [info] Building gradient...
[2020-09-10 17:48:54.663235] [info] Calculating functional...
[2020-09-10 17:51:36.367372] [info] Calculation of functional took: 161 second(s)
[2020-09-10 17:51:36.369077] [info] Updating the control...
[2020-09-10 17:51:36.369456] [info] Updating control using stepdirection update: NCG using Fletcher-Reeves formula
[2020-09-10 17:51:36.369689] [info] Updating control using stepsize-selection strategy: Armijo lineasearch
[2020-09-10 17:57:32.410195] [info] Starting 21 iteration
[2020-09-10 17:57:32.410302] [info] Starting VSTRAP (foward)... 
[2020-09-10 17:57:39.637862] [info] Finished VSTRAP... Reading particle files
[2020-09-10 17:57:39.822075] [info] Finished reading files...
[2020-09-10 17:57:39.822285] [info] Starting VSTRAP (backward)...
[2020-09-10 17:57:48.740998] [info] Reading particle files...
[2020-09-10 17:57:48.941562] [info] Assembling pdfs...
[2020-09-10 17:57:49.206122] [info] Assembling of pdfs took: 0 second(s)
[2020-09-10 17:57:49.206272] [info] Building gradient...
[2020-09-10 17:57:58.662546] [info] Calculating functional...
[2020-09-10 18:01:08.679241] [info] Calculation of functional took: 190 second(s)
[2020-09-10 18:01:08.681283] [info] Updating the control...
[2020-09-10 18:01:08.681685] [info] Updating control using stepdirection update: NCG using Fletcher-Reeves formula
[2020-09-10 18:01:08.681907] [info] Updating control using stepsize-selection strategy: Armijo lineasearch
[2020-09-10 18:13:22.750494] [info] Starting 22 iteration
[2020-09-10 18:13:22.750596] [info] Starting VSTRAP (foward)... 
[2020-09-10 18:13:30.061983] [info] Finished VSTRAP... Reading particle files
[2020-09-10 18:13:30.204071] [info] Finished reading files...
[2020-09-10 18:13:30.204191] [info] Starting VSTRAP (backward)...
[2020-09-10 18:13:39.735374] [info] Reading particle files...
[2020-09-10 18:13:39.960230] [info] Assembling pdfs...
[2020-09-10 18:13:40.159040] [info] Assembling of pdfs took: 0 second(s)
[2020-09-10 18:13:40.159175] [info] Building gradient...
[2020-09-10 18:13:49.648549] [info] Calculating functional...
[2020-09-10 18:16:28.820049] [info] Calculation of functional took: 159 second(s)
[2020-09-10 18:16:28.821598] [info] Updating the control...
[2020-09-10 18:16:28.821940] [info] Updating control using stepdirection update: NCG using Fletcher-Reeves formula
[2020-09-10 18:16:28.822149] [info] Updating control using stepsize-selection strategy: Armijo lineasearch
[2020-09-10 18:19:43.151246] [info] Starting 23 iteration
[2020-09-10 18:19:43.151355] [info] Starting VSTRAP (foward)... 
[2020-09-10 18:19:50.766693] [info] Finished VSTRAP... Reading particle files
[2020-09-10 18:19:50.870967] [info] Finished reading files...
[2020-09-10 18:19:50.871070] [info] Starting VSTRAP (backward)...
[2020-09-10 18:19:58.717292] [info] Reading particle files...
[2020-09-10 18:19:58.948205] [info] Assembling pdfs...
[2020-09-10 18:19:59.150259] [info] Assembling of pdfs took: 0 second(s)
[2020-09-10 18:19:59.150376] [info] Building gradient...
[2020-09-10 18:20:08.592155] [info] Calculating functional...
[2020-09-10 18:23:05.912491] [info] Calculation of functional took: 177 second(s)
[2020-09-10 18:23:05.914957] [info] Updating the control...
[2020-09-10 18:23:05.915334] [info] Updating control using stepdirection update: NCG using Fletcher-Reeves formula
[2020-09-10 18:23:05.915535] [info] Updating control using stepsize-selection strategy: Armijo lineasearch
[2020-09-10 18:43:04.206147] [info] Starting 24 iteration
[2020-09-10 18:43:04.206242] [info] Starting VSTRAP (foward)... 
[2020-09-10 18:43:11.737744] [info] Finished VSTRAP... Reading particle files
[2020-09-10 18:43:11.886283] [info] Finished reading files...
[2020-09-10 18:43:11.886399] [info] Starting VSTRAP (backward)...
[2020-09-10 18:43:20.021470] [info] Reading particle files...
[2020-09-10 18:43:20.253868] [info] Assembling pdfs...
[2020-09-10 18:43:20.490543] [info] Assembling of pdfs took: 0 second(s)
[2020-09-10 18:43:20.490635] [info] Building gradient...
[2020-09-10 18:43:29.884010] [info] Calculating functional...
[2020-09-10 18:46:16.281906] [info] Calculation of functional took: 166 second(s)
[2020-09-10 18:46:16.284300] [info] Updating the control...
[2020-09-10 18:46:16.284766] [info] Updating control using stepdirection update: NCG using Fletcher-Reeves formula
[2020-09-10 18:46:16.284971] [info] Updating control using stepsize-selection strategy: Armijo lineasearch
[2020-09-10 18:52:17.225633] [info] Starting 25 iteration
[2020-09-10 18:52:17.225731] [info] Starting VSTRAP (foward)... 
[2020-09-10 18:52:24.675854] [info] Finished VSTRAP... Reading particle files
[2020-09-10 18:52:24.778953] [info] Finished reading files...
[2020-09-10 18:52:24.779041] [info] Starting VSTRAP (backward)...
[2020-09-10 18:52:32.965607] [info] Reading particle files...
[2020-09-10 18:52:33.117264] [info] Assembling pdfs...
[2020-09-10 18:52:33.287737] [info] Assembling of pdfs took: 0 second(s)
[2020-09-10 18:52:33.287858] [info] Building gradient...
[2020-09-10 18:52:42.823489] [info] Calculating functional...
[2020-09-10 18:55:26.752879] [info] Calculation of functional took: 163 second(s)
[2020-09-10 18:55:26.754411] [info] Updating the control...
[2020-09-10 18:55:26.754841] [info] Updating control using stepdirection update: NCG using Fletcher-Reeves formula
[2020-09-10 18:55:26.755058] [info] Updating control using stepsize-selection strategy: Armijo lineasearch
[2020-09-10 19:13:21.257044] [info] Starting 26 iteration
[2020-09-10 19:13:21.257157] [info] Starting VSTRAP (foward)... 
[2020-09-10 19:13:27.964506] [info] Finished VSTRAP... Reading particle files
[2020-09-10 19:13:28.069673] [info] Finished reading files...
[2020-09-10 19:13:28.069746] [info] Starting VSTRAP (backward)...
[2020-09-10 19:13:36.476142] [info] Reading particle files...
[2020-09-10 19:13:36.679797] [info] Assembling pdfs...
[2020-09-10 19:13:36.887192] [info] Assembling of pdfs took: 0 second(s)
[2020-09-10 19:13:36.887324] [info] Building gradient...
[2020-09-10 19:13:46.195377] [info] Calculating functional...
[2020-09-10 19:16:46.192341] [info] Calculation of functional took: 179 second(s)
[2020-09-10 19:16:46.193968] [info] Updating the control...
[2020-09-10 19:16:46.194348] [info] Updating control using stepdirection update: NCG using Fletcher-Reeves formula
[2020-09-10 19:16:46.194567] [info] Updating control using stepsize-selection strategy: Armijo lineasearch
[2020-09-10 19:23:12.156135] [info] Starting 27 iteration
[2020-09-10 19:23:12.156235] [info] Starting VSTRAP (foward)... 
[2020-09-10 19:23:19.140254] [info] Finished VSTRAP... Reading particle files
[2020-09-10 19:23:19.250115] [info] Finished reading files...
[2020-09-10 19:23:19.250243] [info] Starting VSTRAP (backward)...
[2020-09-10 19:23:28.120217] [info] Reading particle files...
[2020-09-10 19:23:28.327113] [info] Assembling pdfs...
[2020-09-10 19:23:28.562733] [info] Assembling of pdfs took: 0 second(s)
[2020-09-10 19:23:28.562832] [info] Building gradient...
[2020-09-10 19:23:37.964603] [info] Calculating functional...
[2020-09-10 19:26:44.729059] [info] Calculation of functional took: 186 second(s)
[2020-09-10 19:26:44.730558] [info] Updating the control...
[2020-09-10 19:26:44.730989] [info] Updating control using stepdirection update: NCG using Fletcher-Reeves formula
[2020-09-10 19:26:44.731243] [info] Updating control using stepsize-selection strategy: Armijo lineasearch
[2020-09-10 19:46:02.538524] [info] Starting 28 iteration
[2020-09-10 19:46:02.538626] [info] Starting VSTRAP (foward)... 
[2020-09-10 19:46:09.992817] [info] Finished VSTRAP... Reading particle files
[2020-09-10 19:46:10.155364] [info] Finished reading files...
[2020-09-10 19:46:10.155481] [info] Starting VSTRAP (backward)...
[2020-09-10 19:46:18.270478] [info] Reading particle files...
[2020-09-10 19:46:18.450645] [info] Assembling pdfs...
[2020-09-10 19:46:18.685026] [info] Assembling of pdfs took: 0 second(s)
[2020-09-10 19:46:18.685166] [info] Building gradient...
[2020-09-10 19:46:28.489991] [info] Calculating functional...
[2020-09-10 19:49:33.006181] [info] Calculation of functional took: 184 second(s)
[2020-09-10 19:49:33.007765] [info] Updating the control...
[2020-09-10 19:49:33.008152] [info] Updating control using stepdirection update: NCG using Fletcher-Reeves formula
[2020-09-10 19:49:33.008369] [info] Updating control using stepsize-selection strategy: Armijo lineasearch
[2020-09-10 19:52:43.330906] [info] Starting 29 iteration
[2020-09-10 19:52:43.331070] [info] Starting VSTRAP (foward)... 
[2020-09-10 19:52:51.070681] [info] Finished VSTRAP... Reading particle files
[2020-09-10 19:52:51.211301] [info] Finished reading files...
[2020-09-10 19:52:51.211417] [info] Starting VSTRAP (backward)...
[2020-09-10 19:53:00.058063] [info] Reading particle files...
[2020-09-10 19:53:00.336054] [info] Assembling pdfs...
[2020-09-10 19:53:00.576572] [info] Assembling of pdfs took: 0 second(s)
[2020-09-10 19:53:00.576705] [info] Building gradient...
[2020-09-10 19:53:09.905759] [info] Calculating functional...
[2020-09-10 19:55:52.345262] [info] Calculation of functional took: 162 second(s)
[2020-09-10 19:55:52.346818] [info] Updating the control...
[2020-09-10 19:55:52.347264] [info] Updating control using stepdirection update: NCG using Fletcher-Reeves formula
[2020-09-10 19:55:52.347478] [info] Updating control using stepsize-selection strategy: Armijo lineasearch
[2020-09-10 19:58:38.899705] [info] Starting 30 iteration
[2020-09-10 19:58:38.899821] [info] Starting VSTRAP (foward)... 
[2020-09-10 19:58:46.136815] [info] Finished VSTRAP... Reading particle files
[2020-09-10 19:58:46.298296] [info] Finished reading files...
[2020-09-10 19:58:46.298452] [info] Starting VSTRAP (backward)...
[2020-09-10 19:58:55.545839] [info] Reading particle files...
[2020-09-10 19:58:55.745383] [info] Assembling pdfs...
[2020-09-10 19:58:55.953735] [info] Assembling of pdfs took: 0 second(s)
[2020-09-10 19:58:55.953835] [info] Building gradient...
[2020-09-10 19:59:05.231999] [info] Calculating functional...
[2020-09-10 20:01:50.461875] [info] Calculation of functional took: 165 second(s)
[2020-09-10 20:01:50.463460] [info] Updating the control...
[2020-09-10 20:01:50.463969] [info] Updating control using stepdirection update: NCG using Fletcher-Reeves formula
[2020-09-10 20:01:50.464185] [info] Updating control using stepsize-selection strategy: Armijo lineasearch
[2020-09-10 20:05:11.325859] [info] Starting 31 iteration
[2020-09-10 20:05:11.325959] [info] Starting VSTRAP (foward)... 
[2020-09-10 20:05:18.355070] [info] Finished VSTRAP... Reading particle files
[2020-09-10 20:05:18.527508] [info] Finished reading files...
[2020-09-10 20:05:18.527606] [info] Starting VSTRAP (backward)...
[2020-09-10 20:05:26.815748] [info] Reading particle files...
[2020-09-10 20:05:26.990737] [info] Assembling pdfs...
[2020-09-10 20:05:27.142301] [info] Assembling of pdfs took: 0 second(s)
[2020-09-10 20:05:27.142396] [info] Building gradient...
[2020-09-10 20:05:36.491081] [info] Calculating functional...
[2020-09-10 20:08:20.856062] [info] Calculation of functional took: 164 second(s)
[2020-09-10 20:08:20.857400] [info] Updating the control...
[2020-09-10 20:08:20.857824] [info] Updating control using stepdirection update: NCG using Fletcher-Reeves formula
[2020-09-10 20:08:20.858045] [info] Updating control using stepsize-selection strategy: Armijo lineasearch
[2020-09-10 20:24:50.578295] [info] Starting 32 iteration
[2020-09-10 20:24:50.578438] [info] Starting VSTRAP (foward)... 
[2020-09-10 20:24:57.665096] [info] Finished VSTRAP... Reading particle files
[2020-09-10 20:24:57.835220] [info] Finished reading files...
[2020-09-10 20:24:57.835416] [info] Starting VSTRAP (backward)...
[2020-09-10 20:25:06.025379] [info] Reading particle files...
[2020-09-10 20:25:06.228656] [info] Assembling pdfs...
[2020-09-10 20:25:06.436507] [info] Assembling of pdfs took: 0 second(s)
[2020-09-10 20:25:06.436621] [info] Building gradient...
[2020-09-10 20:25:15.886202] [info] Calculating functional...
[2020-09-10 20:28:22.398575] [info] Calculation of functional took: 186 second(s)
[2020-09-10 20:28:22.400001] [info] Updating the control...
[2020-09-10 20:28:22.400426] [info] Updating control using stepdirection update: NCG using Fletcher-Reeves formula
[2020-09-10 20:28:22.400671] [info] Updating control using stepsize-selection strategy: Armijo lineasearch
[2020-09-10 20:40:30.127986] [info] Starting 33 iteration
[2020-09-10 20:40:30.128190] [info] Starting VSTRAP (foward)... 
[2020-09-10 20:40:35.810197] [info] Finished VSTRAP... Reading particle files
[2020-09-10 20:40:35.975167] [info] Finished reading files...
[2020-09-10 20:40:35.975314] [info] Starting VSTRAP (backward)...
[2020-09-10 20:40:44.234523] [info] Reading particle files...
[2020-09-10 20:40:44.411451] [info] Assembling pdfs...
[2020-09-10 20:40:44.582646] [info] Assembling of pdfs took: 0 second(s)
[2020-09-10 20:40:44.582767] [info] Building gradient...
[2020-09-10 20:40:54.227559] [info] Calculating functional...
[2020-09-10 20:43:36.214462] [info] Calculation of functional took: 161 second(s)
[2020-09-10 20:43:36.215919] [info] Updating the control...
[2020-09-10 20:43:36.216329] [info] Updating control using stepdirection update: NCG using Fletcher-Reeves formula
[2020-09-10 20:43:36.216564] [info] Updating control using stepsize-selection strategy: Armijo lineasearch
[2020-09-10 20:46:25.127103] [info] Starting 34 iteration
[2020-09-10 20:46:25.127246] [info] Starting VSTRAP (foward)... 
[2020-09-10 20:46:32.430697] [info] Finished VSTRAP... Reading particle files
[2020-09-10 20:46:32.578988] [info] Finished reading files...
[2020-09-10 20:46:32.579100] [info] Starting VSTRAP (backward)...
[2020-09-10 20:46:40.218536] [info] Reading particle files...
[2020-09-10 20:46:40.448622] [info] Assembling pdfs...
[2020-09-10 20:46:40.698997] [info] Assembling of pdfs took: 0 second(s)
[2020-09-10 20:46:40.699109] [info] Building gradient...
[2020-09-10 20:46:50.403788] [info] Calculating functional...
[2020-09-10 20:49:32.509183] [info] Calculation of functional took: 162 second(s)
[2020-09-10 20:49:32.510785] [info] Updating the control...
[2020-09-10 20:49:32.511258] [info] Updating control using stepdirection update: NCG using Fletcher-Reeves formula
[2020-09-10 20:49:32.511512] [info] Updating control using stepsize-selection strategy: Armijo lineasearch
[2020-09-10 20:57:58.042071] [info] Starting 35 iteration
[2020-09-10 20:57:58.042162] [info] Starting VSTRAP (foward)... 
[2020-09-10 20:58:04.424137] [info] Finished VSTRAP... Reading particle files
[2020-09-10 20:58:04.547584] [info] Finished reading files...
[2020-09-10 20:58:04.547645] [info] Starting VSTRAP (backward)...
[2020-09-10 20:58:13.781623] [info] Reading particle files...
[2020-09-10 20:58:13.958052] [info] Assembling pdfs...
[2020-09-10 20:58:14.145633] [info] Assembling of pdfs took: 0 second(s)
[2020-09-10 20:58:14.145720] [info] Building gradient...
[2020-09-10 20:58:23.495387] [info] Calculating functional...
[2020-09-10 21:01:04.509198] [info] Calculation of functional took: 161 second(s)
[2020-09-10 21:01:04.561733] [info] Updating the control...
[2020-09-10 21:01:04.562289] [info] Updating control using stepdirection update: NCG using Fletcher-Reeves formula
[2020-09-10 21:01:04.562632] [info] Updating control using stepsize-selection strategy: Armijo lineasearch
[2020-09-10 21:26:03.331961] [info] Linesearch returned too small stepsize; Found minimum after 36 iterations
[2020-09-10 21:26:03.356178] [info] Optimization took: 424 minutes
[2020-09-10 21:26:03.356230] [info] Optimization ended without errors
